[info] CUDA_VISIBLE_DEVICES=3
/data/workspace/mzn/miniconda3/envs/pymarl/lib/python3.9/site-packages/sacred/dependencies.py:11: UserWarning: pkg_resources is deprecated as an API. See https://setuptools.pypa.io/en/latest/pkg_resources.html. The pkg_resources package is slated for removal as early as 2025-11-30. Refrain from using this package or pin to Setuptools<81.
  import pkg_resources
[DEBUG 09:08:45] git.cmd Popen(['git', 'version'], cwd=/data/workspace/wxr/pymarl-monotone-qmix, stdin=None, shell=False, universal_newlines=False)
[DEBUG 09:08:45] git.cmd Popen(['git', 'version'], cwd=/data/workspace/wxr/pymarl-monotone-qmix, stdin=None, shell=False, universal_newlines=False)
[DEBUG 09:08:45] git.util sys.platform='linux', git_executable='git'
[DEBUG 09:08:45] git.cmd Popen(['git', 'diff', '--cached', '--abbrev=40', '--full-index', '--raw'], cwd=/data/workspace/wxr/pymarl-monotone-qmix, stdin=None, shell=False, universal_newlines=False)
[DEBUG 09:08:45] git.cmd Popen(['git', 'diff', '--abbrev=40', '--full-index', '--raw'], cwd=/data/workspace/wxr/pymarl-monotone-qmix, stdin=None, shell=False, universal_newlines=False)
[DEBUG 09:08:45] git.cmd Popen(['git', 'cat-file', '--batch-check'], cwd=/data/workspace/wxr/pymarl-monotone-qmix, stdin=<valid stream>, shell=False, universal_newlines=False)
[DEBUG 09:08:45] git.util sys.platform='linux', git_executable='git'
[DEBUG 09:08:45] git.cmd Popen(['git', 'diff', '--cached', '--abbrev=40', '--full-index', '--raw'], cwd=/data/workspace/wxr/pymarl-monotone-qmix, stdin=None, shell=False, universal_newlines=False)
[DEBUG 09:08:45] git.cmd Popen(['git', 'diff', '--abbrev=40', '--full-index', '--raw'], cwd=/data/workspace/wxr/pymarl-monotone-qmix, stdin=None, shell=False, universal_newlines=False)
[DEBUG 09:08:45] git.cmd Popen(['git', 'cat-file', '--batch-check'], cwd=/data/workspace/wxr/pymarl-monotone-qmix, stdin=<valid stream>, shell=False, universal_newlines=False)
[DEBUG 09:08:45] git.util sys.platform='linux', git_executable='git'
[DEBUG 09:08:45] git.cmd Popen(['git', 'diff', '--cached', '--abbrev=40', '--full-index', '--raw'], cwd=/data/workspace/wxr/pymarl-monotone-qmix, stdin=None, shell=False, universal_newlines=False)
[DEBUG 09:08:45] git.cmd Popen(['git', 'diff', '--abbrev=40', '--full-index', '--raw'], cwd=/data/workspace/wxr/pymarl-monotone-qmix, stdin=None, shell=False, universal_newlines=False)
[DEBUG 09:08:45] git.cmd Popen(['git', 'cat-file', '--batch-check'], cwd=/data/workspace/wxr/pymarl-monotone-qmix, stdin=<valid stream>, shell=False, universal_newlines=False)
[INFO 09:08:45] root Saving to FileStorageObserver in /data/workspace/wxr/pymarl-monotone-qmix/results/sacred/hll.
[DEBUG 09:08:49] pymarl Using capture mode "fd"
[INFO 09:08:49] pymarl Running command 'my_main'
[INFO 09:08:49] pymarl Started run with ID "15"
[DEBUG 09:08:49] pymarl Starting Heartbeat
[DEBUG 09:08:50] my_main Started
[INFO 09:08:50] my_main Experiment Parameters:
[INFO 09:08:50] my_main 

{   'action_selector': 'epsilon_greedy',
    'agent': 'rnn',
    'agent_output_type': 'q',
    'batch_size': 32,
    'batch_size_run': 1,
    'buffer_cpu_only': True,
    'buffer_size': 5000,
    'checkpoint_path': '',
    'critic_lr': 0.0005,
    'double_q': True,
    'env': 'sc2',
    'env_args': {   'continuing_episode': False,
                    'debug': False,
                    'difficulty': '7',
                    'game_version': None,
                    'heuristic_ai': False,
                    'heuristic_rest': False,
                    'map_name': '27m_vs_30m',
                    'move_amount': 2,
                    'obs_all_health': True,
                    'obs_instead_of_state': False,
                    'obs_last_action': False,
                    'obs_own_health': True,
                    'obs_pathing_grid': False,
                    'obs_terrain_height': False,
                    'obs_timestep_number': False,
                    'replay_dir': '',
                    'replay_prefix': '',
                    'reward_death_value': 10,
                    'reward_defeat': 0,
                    'reward_negative_scale': 0.5,
                    'reward_only_positive': True,
                    'reward_scale': True,
                    'reward_scale_rate': 20,
                    'reward_sparse': False,
                    'reward_win': 200,
                    'seed': 141,
                    'state_last_action': True,
                    'state_timestep_number': False,
                    'step_mul': 8},
    'epsilon_anneal_time': 50000,
    'epsilon_finish': 0.05,
    'epsilon_start': 1.0,
    'evaluate': False,
    'gamma': 0.99,
    'grad_norm_clip': 10,
    'hll_aux_activation': 'relu',
    'hll_aux_depth': 2,
    'hll_aux_hidden_dim': 64,
    'hll_aux_output_bias_init': -2.0,
    'hll_lattice_size': 2,
    'hll_lattice_size_by_map': {   '1c3s5z': [   3,
                                                 3,
                                                 3,
                                                 3,
                                                 2,
                                                 2,
                                                 2,
                                                 2,
                                                 2],
                                   '27m_vs_30m': 2,
                                   '2c_vs_64zg': 16,
                                   '2s3z': 4,
                                   '3s5z': [   3,
                                               3,
                                               3,
                                               2,
                                               2,
                                               2,
                                               2,
                                               2],
                                   '3s_vs_5z': 6,
                                   '5m_vs_6m': 4,
                                   'MMM2': 2,
                                   'bane_vs_bane': 2},
    'hll_max_vertices': 4096,
    'hll_min_output_scale': 0.001,
    'hll_q_grouping': 'sorted',
    'hll_q_grouping_by_map': {   '27m_vs_30m': 'sorted',
                                 'bane_vs_bane': 'contiguous'},
    'hll_q_groups': None,
    'hll_q_groups_by_map': {   '27m_vs_30m': 10,
                               'bane_vs_bane': 10},
    'hll_q_temperature': 1.0,
    'hll_q_temperature_by_map': {   '1c3s5z': 1.2,
                                    '27m_vs_30m': 1.2,
                                    '2c_vs_64zg': 2.0,
                                    '2s3z': 1.5,
                                    '3s5z': 1.2,
                                    '3s_vs_5z': 2.0,
                                    '5m_vs_6m': 1.5,
                                    'MMM2': 1.0,
                                    'bane_vs_bane': 1.2},
    'hll_scale_activation': 'relu',
    'hll_scale_hidden_dim': 32,
    'hll_state_value_activation': 'relu',
    'hll_state_value_dim': 32,
    'label': 'default_label',
    'learner': 'q_learner',
    'learner_log_interval': 10000,
    'load_step': 0,
    'local_results_path': 'results',
    'log_interval': 10000,
    'lr': 0.0005,
    'mac': 'basic_mac',
    'mixer': 'hll',
    'name': 'hll_27m_vs_30m_seed141',
    'obs_agent_id': True,
    'obs_last_action': True,
    'optim_alpha': 0.99,
    'optim_eps': 1e-05,
    'repeat_id': 1,
    'rnn_hidden_dim': 64,
    'runner': 'episode',
    'runner_log_interval': 10000,
    'save_model': False,
    'save_model_interval': 2000000,
    'save_replay': False,
    'seed': 141,
    't_max': 2050000,
    'target_update_interval': 200,
    'test_greedy': True,
    'test_interval': 10000,
    'test_nepisode': 32,
    'use_cuda': True,
    'use_tensorboard': True}

[DEBUG 09:09:42] pymarl Stopping Heartbeat
[WARNING 09:09:42] pymarl Aborted after 0:00:53!
Traceback (most recent call last):
  File "/data/workspace/wxr/pymarl-monotone-qmix/src/main.py", line 100, in <module>
    ex.run_commandline(params)
  File "/data/workspace/mzn/miniconda3/envs/pymarl/lib/python3.9/site-packages/sacred/experiment.py", line 313, in run_commandline
    return self.run(
  File "/data/workspace/mzn/miniconda3/envs/pymarl/lib/python3.9/site-packages/sacred/experiment.py", line 277, in run
    run()
  File "/data/workspace/mzn/miniconda3/envs/pymarl/lib/python3.9/site-packages/sacred/run.py", line 238, in __call__
    self.result = self.main_function(*args)
  File "/data/workspace/mzn/miniconda3/envs/pymarl/lib/python3.9/site-packages/sacred/config/captured_function.py", line 42, in captured_function
    result = wrapped(*args, **kwargs)
  File "/data/workspace/wxr/pymarl-monotone-qmix/src/main.py", line 36, in my_main
    run(_run, config, _log)
  File "/data/workspace/wxr/pymarl-monotone-qmix/src/run.py", line 48, in run
    run_sequential(args=args, logger=logger)
  File "/data/workspace/wxr/pymarl-monotone-qmix/src/run.py", line 103, in run_sequential
    buffer = ReplayBuffer(scheme, groups, args.buffer_size, env_info["episode_limit"] + 1,
  File "/data/workspace/wxr/pymarl-monotone-qmix/src/components/episode_buffer.py", line 237, in __init__
    super(ReplayBuffer, self).__init__(scheme, groups, buffer_size, max_seq_length, preprocess=preprocess, device=device)
  File "/data/workspace/wxr/pymarl-monotone-qmix/src/components/episode_buffer.py", line 28, in __init__
    self._setup_data(self.scheme, self.groups, batch_size, max_seq_length, self.preprocess)
  File "/data/workspace/wxr/pymarl-monotone-qmix/src/components/episode_buffer.py", line 75, in _setup_data
    self.data.transition_data[field_key] = th.zeros((batch_size, max_seq_length, *shape), dtype=dtype, device=self.device)
KeyboardInterrupt
