[info] CUDA_VISIBLE_DEVICES=3
/data/workspace/mzn/miniconda3/envs/pymarl/lib/python3.9/site-packages/sacred/dependencies.py:11: UserWarning: pkg_resources is deprecated as an API. See https://setuptools.pypa.io/en/latest/pkg_resources.html. The pkg_resources package is slated for removal as early as 2025-11-30. Refrain from using this package or pin to Setuptools<81.
  import pkg_resources
[DEBUG 07:20:54] git.cmd Popen(['git', 'version'], cwd=/data/workspace/wxr/pymarl-monotone-qmix, stdin=None, shell=False, universal_newlines=False)
[DEBUG 07:20:54] git.cmd Popen(['git', 'version'], cwd=/data/workspace/wxr/pymarl-monotone-qmix, stdin=None, shell=False, universal_newlines=False)
[DEBUG 07:20:54] git.util sys.platform='linux', git_executable='git'
[DEBUG 07:20:54] git.cmd Popen(['git', 'diff', '--cached', '--abbrev=40', '--full-index', '--raw'], cwd=/data/workspace/wxr/pymarl-monotone-qmix, stdin=None, shell=False, universal_newlines=False)
[DEBUG 07:20:54] git.cmd Popen(['git', 'diff', '--abbrev=40', '--full-index', '--raw'], cwd=/data/workspace/wxr/pymarl-monotone-qmix, stdin=None, shell=False, universal_newlines=False)
[DEBUG 07:20:54] git.cmd Popen(['git', 'cat-file', '--batch-check'], cwd=/data/workspace/wxr/pymarl-monotone-qmix, stdin=<valid stream>, shell=False, universal_newlines=False)
[DEBUG 07:20:54] git.util sys.platform='linux', git_executable='git'
[DEBUG 07:20:54] git.cmd Popen(['git', 'diff', '--cached', '--abbrev=40', '--full-index', '--raw'], cwd=/data/workspace/wxr/pymarl-monotone-qmix, stdin=None, shell=False, universal_newlines=False)
[DEBUG 07:20:54] git.cmd Popen(['git', 'diff', '--abbrev=40', '--full-index', '--raw'], cwd=/data/workspace/wxr/pymarl-monotone-qmix, stdin=None, shell=False, universal_newlines=False)
[DEBUG 07:20:54] git.cmd Popen(['git', 'cat-file', '--batch-check'], cwd=/data/workspace/wxr/pymarl-monotone-qmix, stdin=<valid stream>, shell=False, universal_newlines=False)
[DEBUG 07:20:54] git.util sys.platform='linux', git_executable='git'
[DEBUG 07:20:54] git.cmd Popen(['git', 'diff', '--cached', '--abbrev=40', '--full-index', '--raw'], cwd=/data/workspace/wxr/pymarl-monotone-qmix, stdin=None, shell=False, universal_newlines=False)
[DEBUG 07:20:54] git.cmd Popen(['git', 'diff', '--abbrev=40', '--full-index', '--raw'], cwd=/data/workspace/wxr/pymarl-monotone-qmix, stdin=None, shell=False, universal_newlines=False)
[DEBUG 07:20:54] git.cmd Popen(['git', 'cat-file', '--batch-check'], cwd=/data/workspace/wxr/pymarl-monotone-qmix, stdin=<valid stream>, shell=False, universal_newlines=False)
[INFO 07:20:54] root Saving to FileStorageObserver in /data/workspace/wxr/pymarl-monotone-qmix/results/sacred/hll.
[DEBUG 07:20:56] pymarl Using capture mode "fd"
[INFO 07:20:56] pymarl Running command 'my_main'
[INFO 07:20:56] pymarl Started run with ID "22"
[DEBUG 07:20:56] pymarl Starting Heartbeat
[DEBUG 07:20:56] my_main Started
[INFO 07:20:56] my_main Experiment Parameters:
[INFO 07:20:56] my_main 

{   'action_selector': 'epsilon_greedy',
    'agent': 'rnn',
    'agent_output_type': 'q',
    'batch_size': 32,
    'batch_size_run': 1,
    'buffer_cpu_only': True,
    'buffer_size': 5000,
    'checkpoint_path': '',
    'critic_lr': 0.0005,
    'double_q': True,
    'env': 'sc2',
    'env_args': {   'continuing_episode': False,
                    'debug': False,
                    'difficulty': '7',
                    'game_version': None,
                    'heuristic_ai': False,
                    'heuristic_rest': False,
                    'map_name': '2c_vs_64zg',
                    'move_amount': 2,
                    'obs_all_health': True,
                    'obs_instead_of_state': False,
                    'obs_last_action': False,
                    'obs_own_health': True,
                    'obs_pathing_grid': False,
                    'obs_terrain_height': False,
                    'obs_timestep_number': False,
                    'replay_dir': '',
                    'replay_prefix': '',
                    'reward_death_value': 10,
                    'reward_defeat': 0,
                    'reward_negative_scale': 0.5,
                    'reward_only_positive': True,
                    'reward_scale': True,
                    'reward_scale_rate': 20,
                    'reward_sparse': False,
                    'reward_win': 200,
                    'seed': 141,
                    'state_last_action': True,
                    'state_timestep_number': False,
                    'step_mul': 8},
    'epsilon_anneal_time': 50000,
    'epsilon_finish': 0.05,
    'epsilon_start': 1.0,
    'evaluate': False,
    'gamma': 0.99,
    'grad_norm_clip': 10,
    'hll_aux_activation': 'relu',
    'hll_aux_depth': 2,
    'hll_aux_hidden_dim': 64,
    'hll_aux_output_bias_init': -2.0,
    'hll_lattice_size': 2,
    'hll_lattice_size_by_map': {   '1c3s5z': [   3,
                                                 3,
                                                 3,
                                                 3,
                                                 2,
                                                 2,
                                                 2,
                                                 2,
                                                 2],
                                   '27m_vs_30m': 2,
                                   '2c_vs_64zg': 16,
                                   '2s3z': 4,
                                   '3s5z': [   3,
                                               3,
                                               3,
                                               2,
                                               2,
                                               2,
                                               2,
                                               2],
                                   '3s_vs_5z': 6,
                                   '5m_vs_6m': 4,
                                   'MMM2': 2,
                                   'bane_vs_bane': 2},
    'hll_max_vertices': 4096,
    'hll_min_output_scale': 0.001,
    'hll_q_grouping': 'sorted',
    'hll_q_grouping_by_map': {   '27m_vs_30m': 'sorted',
                                 'bane_vs_bane': 'contiguous'},
    'hll_q_groups': None,
    'hll_q_groups_by_map': {   '27m_vs_30m': 10,
                               'bane_vs_bane': 10},
    'hll_q_temperature': 1.0,
    'hll_q_temperature_by_map': {   '1c3s5z': 1.2,
                                    '27m_vs_30m': 1.2,
                                    '2c_vs_64zg': 2.0,
                                    '2s3z': 1.5,
                                    '3s5z': 1.2,
                                    '3s_vs_5z': 2.0,
                                    '5m_vs_6m': 1.5,
                                    'MMM2': 1.0,
                                    'bane_vs_bane': 1.2},
    'hll_scale_activation': 'relu',
    'hll_scale_hidden_dim': 32,
    'hll_state_value_activation': 'relu',
    'hll_state_value_dim': 32,
    'label': 'default_label',
    'learner': 'q_learner',
    'learner_log_interval': 10000,
    'load_step': 0,
    'local_results_path': 'results',
    'log_interval': 10000,
    'lr': 0.0005,
    'mac': 'basic_mac',
    'mixer': 'hll',
    'name': 'hll_2c_vs_64zg_seed141',
    'obs_agent_id': True,
    'obs_last_action': True,
    'optim_alpha': 0.99,
    'optim_eps': 1e-05,
    'repeat_id': 1,
    'rnn_hidden_dim': 64,
    'runner': 'episode',
    'runner_log_interval': 10000,
    'save_model': False,
    'save_model_interval': 2000000,
    'save_replay': False,
    'seed': 141,
    't_max': 2050000,
    'target_update_interval': 200,
    'test_greedy': True,
    'test_interval': 10000,
    'test_nepisode': 32,
    'use_cuda': True,
    'use_tensorboard': True}

[INFO 07:20:59] my_main Beginning training for 2050000 timesteps
[INFO 07:20:59] absl Launching SC2: /data/workspace/wxr/pymarl-monotone-qmix/3rdparty/StarCraftII/Versions/Base75689/SC2_x64 -listen 127.0.0.1 -port 43287 -dataDir /data/workspace/wxr/pymarl-monotone-qmix/3rdparty/StarCraftII/ -tempDir /tmp/sc-b31w27xu/
[INFO 07:20:59] absl Connecting to: ws://127.0.0.1:43287/sc2api, attempt: 0, running: True
Version: B75689 (SC2.4.10)
Build: Aug 12 2019 17:16:57
Command Line: '"/data/workspace/wxr/pymarl-monotone-qmix/3rdparty/StarCraftII/Versions/Base75689/SC2_x64" -listen 127.0.0.1 -port 43287 -dataDir /data/workspace/wxr/pymarl-monotone-qmix/3rdparty/StarCraftII/ -tempDir /tmp/sc-b31w27xu/'
Starting up...
Startup Phase 1 complete
[INFO 07:21:00] absl Connecting to: ws://127.0.0.1:43287/sc2api, attempt: 1, running: True
Startup Phase 2 complete
Creating stub renderer...
Listening on: 127.0.0.1:43287
Startup Phase 3 complete. Ready for commands.
[INFO 07:21:01] absl Connecting to: ws://127.0.0.1:43287/sc2api, attempt: 2, running: True
ConnectHandler: Request from 127.0.0.1:55938 accepted
ReadyHandler: 127.0.0.1:55938 ready
Requesting to join a single player game
Configuring interface options
Configure: raw interface enabled
Configure: feature layer interface disabled
Configure: score interface disabled
Configure: render interface disabled
Launching next game.
Next launch phase started: 2
Next launch phase started: 3
Next launch phase started: 4
Next launch phase started: 5
Next launch phase started: 6
Next launch phase started: 7
Next launch phase started: 8
Game has started.
Using default stable ids, none found at: /data/workspace/wxr/pymarl-monotone-qmix/3rdparty/StarCraftII/stableid.json
Successfully loaded stable ids: GameData\stableid.json
Sending ResponseJoinGame
[INFO 07:21:06] my_main t_env: 36 / 2050000
[INFO 07:21:06] my_main Estimated time left: 23 minutes, 36 seconds. Time passed: 6 seconds
[INFO 07:25:50] my_main Updated target network
[INFO 07:28:04] my_main Recent Stats | t_env:      10011 | Episode:      303
battle_won_mean:           0.0000	dead_allies_mean:          2.0000	dead_enemies_mean:        17.0000	ep_length_mean:           36.0000
epsilon:                   1.0000	grad_norm:                 1.3661	loss:                      0.2117	q_taken_mean:              0.1558
return_mean:               9.3141	return_std:                0.0000	target_mean:               0.2986	td_error_abs:              0.3007
test_battle_won_mean:      0.0000	test_dead_allies_mean:     2.0000	test_dead_enemies_mean:   38.2812	test_ep_length_mean:      41.5312
test_return_mean:         13.9913	test_return_std:           2.3328	
[INFO 07:28:06] my_main t_env: 10045 / 2050000
[INFO 07:28:06] my_main Estimated time left: 23 hours, 46 minutes, 27 seconds. Time passed: 7 minutes, 6 seconds
[INFO 07:30:47] my_main Updated target network
[INFO 07:35:15] my_main Updated target network
[INFO 07:35:22] my_main Recent Stats | t_env:      20040 | Episode:      606
battle_won_mean:           0.0000	dead_allies_mean:          2.0000	dead_enemies_mean:        18.5099	ep_length_mean:           34.5165
epsilon:                   0.8098	grad_norm:                 0.9706	loss:                      0.1488	q_taken_mean:              0.2916
return_mean:               9.6425	return_std:                0.7888	target_mean:               0.3811	td_error_abs:              0.2590
test_battle_won_mean:      0.0000	test_dead_allies_mean:     2.0000	test_dead_enemies_mean:   33.3438	test_ep_length_mean:      38.1875
test_return_mean:         12.8930	test_return_std:           1.7102	
[INFO 07:35:23] my_main t_env: 20071 / 2050000
[INFO 07:35:23] my_main Estimated time left: 1 days, 35 minutes, 28 seconds. Time passed: 14 minutes, 24 seconds
[INFO 07:40:04] my_main Updated target network
[INFO 07:42:21] my_main Recent Stats | t_env:      30051 | Episode:      903
battle_won_mean:           0.0000	dead_allies_mean:          2.0000	dead_enemies_mean:        19.3531	ep_length_mean:           34.0407
epsilon:                   0.6192	grad_norm:                 0.7241	loss:                      0.1314	q_taken_mean:              0.5147
return_mean:               9.8169	return_std:                1.0482	target_mean:               0.5766	td_error_abs:              0.2532
test_battle_won_mean:      0.0000	test_dead_allies_mean:     2.0000	test_dead_enemies_mean:   31.5729	test_ep_length_mean:      37.2500
test_return_mean:         12.4381	test_return_std:           1.7348	
[INFO 07:42:23] my_main t_env: 30083 / 2050000
[INFO 07:42:23] my_main Estimated time left: 23 hours, 31 minutes, 31 seconds. Time passed: 21 minutes, 23 seconds
[INFO 07:45:06] my_main Updated target network
[INFO 07:49:22] my_main Recent Stats | t_env:      40078 | Episode:     1197
battle_won_mean:           0.0000	dead_allies_mean:          2.0000	dead_enemies_mean:        20.3111	ep_length_mean:           33.9581
epsilon:                   0.4290	grad_norm:                 0.7719	loss:                      0.1229	q_taken_mean:              0.6588
return_mean:              10.0207	return_std:                1.2226	target_mean:               0.7157	td_error_abs:              0.2504
test_battle_won_mean:      0.0000	test_dead_allies_mean:     2.0000	test_dead_enemies_mean:   30.8438	test_ep_length_mean:      36.6172
test_return_mean:         12.3073	test_return_std:           1.7509	
[INFO 07:49:23] my_main t_env: 40111 / 2050000
[INFO 07:49:23] my_main Estimated time left: 23 hours, 25 minutes, 17 seconds. Time passed: 28 minutes, 24 seconds
[INFO 07:50:00] my_main Updated target network
[INFO 07:54:28] my_main Updated target network
[INFO 07:56:44] my_main Recent Stats | t_env:      50095 | Episode:     1506
battle_won_mean:           0.0000	dead_allies_mean:          2.0000	dead_enemies_mean:        21.2727	ep_length_mean:           33.9883
epsilon:                   0.2385	grad_norm:                 1.0607	loss:                      0.1228	q_taken_mean:              0.8370
return_mean:              10.2338	return_std:                1.3087	target_mean:               0.8640	td_error_abs:              0.2547
test_battle_won_mean:      0.0000	test_dead_allies_mean:     2.0000	test_dead_enemies_mean:   29.7937	test_ep_length_mean:      35.9062
test_return_mean:         12.0270	test_return_std:           1.6826	
[INFO 07:56:46] my_main t_env: 50126 / 2050000
[INFO 07:56:46] my_main Estimated time left: 1 days, 33 minutes, 6 seconds. Time passed: 35 minutes, 47 seconds
[INFO 07:59:08] my_main Updated target network
RequestQuit command received.
Closing Application...
DataHandler: unable to parse websocket frame.
CloseHandler: 127.0.0.1:55938 disconnected
[INFO 08:02:29] absl Shutdown gracefully.
[INFO 08:02:29] absl Shutdown with return code: -15
[INFO 08:02:29] absl Launching SC2: /data/workspace/wxr/pymarl-monotone-qmix/3rdparty/StarCraftII/Versions/Base75689/SC2_x64 -listen 127.0.0.1 -port 36633 -dataDir /data/workspace/wxr/pymarl-monotone-qmix/3rdparty/StarCraftII/ -tempDir /tmp/sc-nja4u4s3/
Version: B75689 (SC2.4.10)
Build: Aug 12 2019 17:16:57
Command Line: '"/data/workspace/wxr/pymarl-monotone-qmix/3rdparty/StarCraftII/Versions/Base75689/SC2_x64" -listen 127.0.0.1 -port 36633 -dataDir /data/workspace/wxr/pymarl-monotone-qmix/3rdparty/StarCraftII/ -tempDir /tmp/sc-nja4u4s3/'
[INFO 08:02:30] absl Connecting to: ws://127.0.0.1:36633/sc2api, attempt: 0, running: True
Starting up...
Startup Phase 1 complete
[INFO 08:02:31] absl Connecting to: ws://127.0.0.1:36633/sc2api, attempt: 1, running: True
Startup Phase 2 complete
Creating stub renderer...
Listening on: 127.0.0.1:36633
Startup Phase 3 complete. Ready for commands.
[INFO 08:02:32] absl Connecting to: ws://127.0.0.1:36633/sc2api, attempt: 2, running: True
ConnectHandler: Request from 127.0.0.1:34852 accepted
ReadyHandler: 127.0.0.1:34852 ready
Requesting to join a single player game
Configuring interface options
Configure: raw interface enabled
Configure: feature layer interface disabled
Configure: score interface disabled
Configure: render interface disabled
Launching next game.
Next launch phase started: 2
Next launch phase started: 3
Next launch phase started: 4
Next launch phase started: 5
Next launch phase started: 6
Next launch phase started: 7
Next launch phase started: 8
Game has started.
Using default stable ids, none found at: /data/workspace/wxr/pymarl-monotone-qmix/3rdparty/StarCraftII/stableid.json
Successfully loaded stable ids: GameData\stableid.json
Sending ResponseJoinGame
[INFO 08:03:29] my_main Updated target network
[INFO 08:03:50] my_main Recent Stats | t_env:      60108 | Episode:     1817
battle_won_mean:           0.0000	dead_allies_mean:          2.0000	dead_enemies_mean:        22.6061	ep_length_mean:           33.2705
epsilon:                   0.0500	grad_norm:                 0.8669	loss:                      0.0960	q_taken_mean:              1.1359
return_mean:              10.4928	return_std:                1.6713	target_mean:               1.1308	td_error_abs:              0.2375
test_battle_won_mean:      0.0000	test_dead_allies_mean:     2.0000	test_dead_enemies_mean:   26.4500	test_ep_length_mean:      34.1125
test_return_mean:         11.2222	test_return_std:           1.5793	
[INFO 08:03:52] my_main t_env: 60144 / 2050000
[INFO 08:03:52] my_main Estimated time left: 23 hours, 28 minutes, 39 seconds. Time passed: 42 minutes, 52 seconds
[INFO 08:08:19] my_main Updated target network
[INFO 08:11:00] my_main Recent Stats | t_env:      70120 | Episode:     2121
battle_won_mean:           0.0000	dead_allies_mean:          1.9987	dead_enemies_mean:        22.9204	ep_length_mean:           33.1063
epsilon:                   0.0500	grad_norm:                 1.0612	loss:                      0.0938	q_taken_mean:              1.4510
return_mean:              10.5184	return_std:                1.6859	target_mean:               1.4278	td_error_abs:              0.2364
test_battle_won_mean:      0.0000	test_dead_allies_mean:     2.0000	test_dead_enemies_mean:   25.8750	test_ep_length_mean:      33.8500
test_return_mean:         11.0827	test_return_std:           1.7031	
[INFO 08:11:01] my_main t_env: 70149 / 2050000
[INFO 08:11:01] my_main Estimated time left: 23 hours, 37 minutes, 19 seconds. Time passed: 50 minutes, 2 seconds
[INFO 08:13:16] my_main Updated target network
[INFO 08:17:40] my_main Updated target network
[INFO 08:18:18] my_main t_env: 80149 / 2050000
[INFO 08:18:18] my_main Estimated time left: 23 hours, 53 minutes, 27 seconds. Time passed: 57 minutes, 19 seconds
[INFO 08:18:49] my_main Recent Stats | t_env:      80149 | Episode:     2429
battle_won_mean:           0.0000	dead_allies_mean:          1.9987	dead_enemies_mean:        23.5889	ep_length_mean:           32.8433
epsilon:                   0.0500	grad_norm:                 1.2166	loss:                      0.0859	q_taken_mean:              1.6782
return_mean:              10.6114	return_std:                1.6526	target_mean:               1.6465	td_error_abs:              0.2250
test_battle_won_mean:      0.0000	test_dead_allies_mean:     2.0000	test_dead_enemies_mean:   24.0500	test_ep_length_mean:      32.9062
test_return_mean:         10.6925	test_return_std:           1.5073	
[INFO 08:22:31] my_main Updated target network
[INFO 08:25:26] my_main t_env: 90172 / 2050000
[INFO 08:25:26] my_main Estimated time left: 23 hours, 14 minutes, 58 seconds. Time passed: 1 hours, 4 minutes, 27 seconds
[INFO 08:25:54] my_main Recent Stats | t_env:      90172 | Episode:     2738
battle_won_mean:           0.0000	dead_allies_mean:          1.9987	dead_enemies_mean:        23.4583	ep_length_mean:           32.5089
epsilon:                   0.0500	grad_norm:                 1.2516	loss:                      0.0773	q_taken_mean:              1.9211
return_mean:              10.5678	return_std:                1.6361	target_mean:               1.8881	td_error_abs:              0.2121
test_battle_won_mean:      0.0000	test_dead_allies_mean:     2.0000	test_dead_enemies_mean:   24.2688	test_ep_length_mean:      32.8687
test_return_mean:         10.7753	test_return_std:           1.5204	
[INFO 08:27:17] my_main Updated target network
[INFO 08:31:22] my_main Updated target network
[INFO 08:32:20] my_main t_env: 100202 / 2050000
[INFO 08:32:20] my_main Estimated time left: 22 hours, 21 minutes, 4 seconds. Time passed: 1 hours, 11 minutes, 21 seconds
[INFO 08:32:51] my_main Recent Stats | t_env:     100202 | Episode:     3045
battle_won_mean:           0.0000	dead_allies_mean:          1.9987	dead_enemies_mean:        23.8071	ep_length_mean:           32.5609
epsilon:                   0.0500	grad_norm:                 1.4414	loss:                      0.0701	q_taken_mean:              2.0759
return_mean:              10.6392	return_std:                1.6041	target_mean:               2.0812	td_error_abs:              0.2052
test_battle_won_mean:      0.0000	test_dead_allies_mean:     2.0000	test_dead_enemies_mean:   25.1375	test_ep_length_mean:      32.9625
test_return_mean:         11.0147	test_return_std:           1.4800	
[INFO 08:36:03] my_main Updated target network
[INFO 08:39:06] my_main t_env: 110216 / 2050000
[INFO 08:39:06] my_main Estimated time left: 21 hours, 51 minutes, 29 seconds. Time passed: 1 hours, 18 minutes, 7 seconds
[INFO 08:39:38] my_main Recent Stats | t_env:     110216 | Episode:     3349
battle_won_mean:           0.0000	dead_allies_mean:          2.0000	dead_enemies_mean:        24.7355	ep_length_mean:           32.7066
epsilon:                   0.0500	grad_norm:                 1.4485	loss:                      0.0624	q_taken_mean:              2.2595
return_mean:              10.8727	return_std:                1.6011	target_mean:               2.2706	td_error_abs:              0.1920
test_battle_won_mean:      0.0000	test_dead_allies_mean:     2.0000	test_dead_enemies_mean:   25.4625	test_ep_length_mean:      32.9438
test_return_mean:         11.1287	test_return_std:           1.3634	
[INFO 08:40:42] my_main Updated target network
DataHandler: unable to parse websocket frame.
RequestQuit command received.
CloseHandler: 127.0.0.1:34852 disconnected
Closing Application...
[INFO 08:43:46] absl Shutdown gracefully.
[INFO 08:43:46] absl Shutdown with return code: -15
[INFO 08:43:46] absl Launching SC2: /data/workspace/wxr/pymarl-monotone-qmix/3rdparty/StarCraftII/Versions/Base75689/SC2_x64 -listen 127.0.0.1 -port 41707 -dataDir /data/workspace/wxr/pymarl-monotone-qmix/3rdparty/StarCraftII/ -tempDir /tmp/sc-cycjd5kz/
[INFO 08:43:46] absl Connecting to: ws://127.0.0.1:41707/sc2api, attempt: 0, running: True
Version: B75689 (SC2.4.10)
Build: Aug 12 2019 17:16:57
Command Line: '"/data/workspace/wxr/pymarl-monotone-qmix/3rdparty/StarCraftII/Versions/Base75689/SC2_x64" -listen 127.0.0.1 -port 41707 -dataDir /data/workspace/wxr/pymarl-monotone-qmix/3rdparty/StarCraftII/ -tempDir /tmp/sc-cycjd5kz/'
Starting up...
Startup Phase 1 complete
[INFO 08:43:47] absl Connecting to: ws://127.0.0.1:41707/sc2api, attempt: 1, running: True
Startup Phase 2 complete
Creating stub renderer...
Listening on: 127.0.0.1:41707
Startup Phase 3 complete. Ready for commands.
[INFO 08:43:48] absl Connecting to: ws://127.0.0.1:41707/sc2api, attempt: 2, running: True
ConnectHandler: Request from 127.0.0.1:53916 accepted
ReadyHandler: 127.0.0.1:53916 ready
Requesting to join a single player game
Configuring interface options
Configure: raw interface enabled
Configure: feature layer interface disabled
Configure: score interface disabled
Configure: render interface disabled
Launching next game.
Next launch phase started: 2
Next launch phase started: 3
Next launch phase started: 4
Next launch phase started: 5
Next launch phase started: 6
Next launch phase started: 7
Next launch phase started: 8
Game has started.
Using default stable ids, none found at: /data/workspace/wxr/pymarl-monotone-qmix/3rdparty/StarCraftII/stableid.json
Successfully loaded stable ids: GameData\stableid.json
Sending ResponseJoinGame
[INFO 08:44:54] my_main Updated target network
[INFO 08:45:58] my_main t_env: 120238 / 2050000
[INFO 08:45:58] my_main Estimated time left: 22 hours, 1 minutes, 25 seconds. Time passed: 1 hours, 24 minutes, 59 seconds
[INFO 08:46:27] my_main Recent Stats | t_env:     120238 | Episode:     3651
battle_won_mean:           0.0000	dead_allies_mean:          1.9987	dead_enemies_mean:        25.3656	ep_length_mean:           32.7615
epsilon:                   0.0500	grad_norm:                 1.8299	loss:                      0.0644	q_taken_mean:              2.3861
return_mean:              11.0369	return_std:                1.6172	target_mean:               2.4282	td_error_abs:              0.1957
test_battle_won_mean:      0.0000	test_dead_allies_mean:     2.0000	test_dead_enemies_mean:   26.8000	test_ep_length_mean:      33.3125
test_return_mean:         11.4325	test_return_std:           1.4489	
[INFO 08:49:30] my_main Updated target network
[INFO 08:52:45] my_main t_env: 130258 / 2050000
[INFO 08:52:45] my_main Estimated time left: 21 hours, 39 minutes, 21 seconds. Time passed: 1 hours, 31 minutes, 45 seconds
[INFO 08:53:14] my_main Recent Stats | t_env:     130258 | Episode:     3950
battle_won_mean:           0.0000	dead_allies_mean:          1.9987	dead_enemies_mean:        26.2697	ep_length_mean:           32.9492
epsilon:                   0.0500	grad_norm:                 1.7430	loss:                      0.0617	q_taken_mean:              2.5009
return_mean:              11.2445	return_std:                1.6366	target_mean:               2.5529	td_error_abs:              0.1906
test_battle_won_mean:      0.0000	test_dead_allies_mean:     2.0000	test_dead_enemies_mean:   26.9875	test_ep_length_mean:      33.3750
test_return_mean:         11.4728	test_return_std:           1.4945	
[INFO 08:54:16] my_main Updated target network
[INFO 08:58:22] my_main Updated target network
[INFO 08:59:16] my_main t_env: 140270 / 2050000
[INFO 08:59:16] my_main Estimated time left: 20 hours, 44 minutes, 19 seconds. Time passed: 1 hours, 38 minutes, 17 seconds
[INFO 08:59:45] my_main Recent Stats | t_env:     140270 | Episode:     4249
battle_won_mean:           0.0000	dead_allies_mean:          1.9987	dead_enemies_mean:        27.0595	ep_length_mean:           33.1588
epsilon:                   0.0500	grad_norm:                 1.7679	loss:                      0.0603	q_taken_mean:              2.5877
return_mean:              11.4403	return_std:                1.6461	target_mean:               2.6268	td_error_abs:              0.1886
test_battle_won_mean:      0.0000	test_dead_allies_mean:     2.0000	test_dead_enemies_mean:   27.5750	test_ep_length_mean:      33.5250
test_return_mean:         11.5959	test_return_std:           1.5267	
[INFO 09:02:48] my_main Updated target network
[INFO 09:05:40] my_main t_env: 150295 / 2050000
[INFO 09:05:40] my_main Estimated time left: 20 hours, 11 minutes, 18 seconds. Time passed: 1 hours, 44 minutes, 40 seconds
[INFO 09:06:12] my_main Recent Stats | t_env:     150295 | Episode:     4545
battle_won_mean:           0.0000	dead_allies_mean:          1.9987	dead_enemies_mean:        27.7565	ep_length_mean:           33.3982
epsilon:                   0.0500	grad_norm:                 1.8564	loss:                      0.0582	q_taken_mean:              2.6745
return_mean:              11.6286	return_std:                1.6415	target_mean:               2.7122	td_error_abs:              0.1852
test_battle_won_mean:      0.0000	test_dead_allies_mean:     2.0000	test_dead_enemies_mean:   28.5500	test_ep_length_mean:      33.8625
test_return_mean:         11.8244	test_return_std:           1.4848	
[INFO 09:07:16] my_main Updated target network
[INFO 09:11:21] my_main Updated target network
[INFO 09:12:05] my_main t_env: 160326 / 2050000
[INFO 09:12:05] my_main Estimated time left: 20 hours, 8 minutes, 33 seconds. Time passed: 1 hours, 51 minutes, 5 seconds
[INFO 09:12:35] my_main Recent Stats | t_env:     160326 | Episode:     4838
battle_won_mean:           0.0000	dead_allies_mean:          1.9987	dead_enemies_mean:        28.6101	ep_length_mean:           33.6572
epsilon:                   0.0500	grad_norm:                 1.9289	loss:                      0.0594	q_taken_mean:              2.7317
return_mean:              11.8298	return_std:                1.6747	target_mean:               2.7630	td_error_abs:              0.1875
test_battle_won_mean:      0.0000	test_dead_allies_mean:     2.0000	test_dead_enemies_mean:   29.6812	test_ep_length_mean:      34.3750
test_return_mean:         12.0881	test_return_std:           1.5636	
[INFO 09:15:53] my_main Updated target network
[INFO 09:18:27] my_main t_env: 170334 / 2050000
[INFO 09:18:27] my_main Estimated time left: 19 hours, 56 minutes, 48 seconds. Time passed: 1 hours, 57 minutes, 28 seconds
[INFO 09:18:56] my_main Recent Stats | t_env:     170334 | Episode:     5126
battle_won_mean:           0.0000	dead_allies_mean:          2.0000	dead_enemies_mean:        29.5477	ep_length_mean:           33.9701
epsilon:                   0.0500	grad_norm:                 1.6469	loss:                      0.0537	q_taken_mean:              2.7696
return_mean:              12.0495	return_std:                1.7233	target_mean:               2.7904	td_error_abs:              0.1774
test_battle_won_mean:      0.0000	test_dead_allies_mean:     2.0000	test_dead_enemies_mean:   30.2937	test_ep_length_mean:      34.4500
test_return_mean:         12.2534	test_return_std:           1.5865	
[INFO 09:20:26] my_main Updated target network
DataHandler: unable to parse websocket frame.
CloseHandler: 127.0.0.1:53916 disconnected
[INFO 09:21:51] absl Shutdown gracefully.
[INFO 09:21:51] absl Shutdown with return code: -15
[INFO 09:21:51] absl Launching SC2: /data/workspace/wxr/pymarl-monotone-qmix/3rdparty/StarCraftII/Versions/Base75689/SC2_x64 -listen 127.0.0.1 -port 39151 -dataDir /data/workspace/wxr/pymarl-monotone-qmix/3rdparty/StarCraftII/ -tempDir /tmp/sc-hy9rqtvy/
Version: B75689 (SC2.4.10)
Build: Aug 12 2019 17:16:57
Command Line: '"/data/workspace/wxr/pymarl-monotone-qmix/3rdparty/StarCraftII/Versions/Base75689/SC2_x64" -listen 127.0.0.1 -port 39151 -dataDir /data/workspace/wxr/pymarl-monotone-qmix/3rdparty/StarCraftII/ -tempDir /tmp/sc-hy9rqtvy/'
[INFO 09:21:52] absl Connecting to: ws://127.0.0.1:39151/sc2api, attempt: 0, running: True
Starting up...
Startup Phase 1 complete
[INFO 09:21:53] absl Connecting to: ws://127.0.0.1:39151/sc2api, attempt: 1, running: True
Startup Phase 2 complete
Creating stub renderer...
Listening on: 127.0.0.1:39151
Startup Phase 3 complete. Ready for commands.
[INFO 09:21:54] absl Connecting to: ws://127.0.0.1:39151/sc2api, attempt: 2, running: True
ConnectHandler: Request from 127.0.0.1:40400 accepted
ReadyHandler: 127.0.0.1:40400 ready
Requesting to join a single player game
Configuring interface options
Configure: raw interface enabled
Configure: feature layer interface disabled
Configure: score interface disabled
Configure: render interface disabled
Launching next game.
Next launch phase started: 2
Next launch phase started: 3
Next launch phase started: 4
Next launch phase started: 5
Next launch phase started: 6
Next launch phase started: 7
Next launch phase started: 8
Game has started.
Using default stable ids, none found at: /data/workspace/wxr/pymarl-monotone-qmix/3rdparty/StarCraftII/stableid.json
Successfully loaded stable ids: GameData\stableid.json
Sending ResponseJoinGame
[INFO 09:24:47] my_main t_env: 180360 / 2050000
[INFO 09:24:47] my_main Estimated time left: 19 hours, 41 minutes, 57 seconds. Time passed: 2 hours, 3 minutes, 48 seconds
[INFO 09:25:22] my_main Recent Stats | t_env:     180360 | Episode:     5397
battle_won_mean:           0.0007	dead_allies_mean:          1.9970	dead_enemies_mean:        30.4726	ep_length_mean:           34.6670
epsilon:                   0.0500	grad_norm:                 1.6428	loss:                      0.0535	q_taken_mean:              2.8107
return_mean:              12.2860	return_std:                1.8103	target_mean:               2.8261	td_error_abs:              0.1762
test_battle_won_mean:      0.0000	test_dead_allies_mean:     1.9937	test_dead_enemies_mean:   31.3938	test_ep_length_mean:      36.7750
test_return_mean:         12.5253	test_return_std:           1.5818	
[INFO 09:25:28] my_main Updated target network
[INFO 09:29:45] my_main Updated target network
[INFO 09:31:02] my_main t_env: 190376 / 2050000
[INFO 09:31:02] my_main Estimated time left: 19 hours, 19 minutes, 37 seconds. Time passed: 2 hours, 10 minutes, 3 seconds
[INFO 09:31:30] my_main Recent Stats | t_env:     190376 | Episode:     5665
battle_won_mean:           0.0007	dead_allies_mean:          1.9963	dead_enemies_mean:        31.4173	ep_length_mean:           35.4446
epsilon:                   0.0500	grad_norm:                 2.0417	loss:                      0.0572	q_taken_mean:              2.8280
return_mean:              12.4912	return_std:                1.9027	target_mean:               2.8652	td_error_abs:              0.1829
test_battle_won_mean:      0.0000	test_dead_allies_mean:     1.9937	test_dead_enemies_mean:   31.9937	test_ep_length_mean:      37.0375
test_return_mean:         12.7284	test_return_std:           1.5896	
[INFO 09:34:28] my_main Updated target network
[INFO 09:36:53] my_main t_env: 200390 / 2050000
[INFO 09:36:53] my_main Estimated time left: 18 hours, 21 seconds. Time passed: 2 hours, 15 minutes, 54 seconds
[INFO 09:37:24] my_main Recent Stats | t_env:     200390 | Episode:     5915
battle_won_mean:           0.0039	dead_allies_mean:          1.9915	dead_enemies_mean:        32.6774	ep_length_mean:           36.6822
epsilon:                   0.0500	grad_norm:                 1.4829	loss:                      0.0513	q_taken_mean:              2.8590
return_mean:              12.7869	return_std:                2.0236	target_mean:               2.8819	td_error_abs:              0.1702
test_battle_won_mean:      0.0000	test_dead_allies_mean:     1.9937	test_dead_enemies_mean:   33.7125	test_ep_length_mean:      37.8813
test_return_mean:         13.1517	test_return_std:           1.7437	
[INFO 09:39:16] my_main Updated target network
[INFO 09:42:52] my_main t_env: 210423 / 2050000
[INFO 09:42:52] my_main Estimated time left: 18 hours, 18 minutes, 7 seconds. Time passed: 2 hours, 21 minutes, 53 seconds
[INFO 09:43:23] my_main Recent Stats | t_env:     210423 | Episode:     6179
battle_won_mean:           0.0055	dead_allies_mean:          1.9892	dead_enemies_mean:        33.6286	ep_length_mean:           37.4358
epsilon:                   0.0500	grad_norm:                 1.8845	loss:                      0.0546	q_taken_mean:              2.8307
return_mean:              13.0136	return_std:                2.0908	target_mean:               2.8714	td_error_abs:              0.1761
test_battle_won_mean:      0.0063	test_dead_allies_mean:     1.9875	test_dead_enemies_mean:   34.6875	test_ep_length_mean:      38.2313
test_return_mean:         13.3531	test_return_std:           1.8874	
[INFO 09:43:50] my_main Updated target network
[INFO 09:47:47] my_main Updated target network
[INFO 09:48:56] my_main t_env: 220427 / 2050000
[INFO 09:48:56] my_main Estimated time left: 18 hours, 27 minutes, 23 seconds. Time passed: 2 hours, 27 minutes, 56 seconds
[INFO 09:49:25] my_main Recent Stats | t_env:     220427 | Episode:     6452
battle_won_mean:           0.0077	dead_allies_mean:          1.9863	dead_enemies_mean:        33.9696	ep_length_mean:           37.8148
epsilon:                   0.0500	grad_norm:                 1.9393	loss:                      0.0552	q_taken_mean:              2.8195
return_mean:              13.0954	return_std:                2.1422	target_mean:               2.8621	td_error_abs:              0.1776
test_battle_won_mean:      0.0063	test_dead_allies_mean:     1.9875	test_dead_enemies_mean:   35.7625	test_ep_length_mean:      38.4500
test_return_mean:         13.5693	test_return_std:           1.9189	
[INFO 09:52:33] my_main Updated target network
[INFO 09:54:54] my_main t_env: 230457 / 2050000
[INFO 09:54:54] my_main Estimated time left: 18 hours, 3 minutes, 35 seconds. Time passed: 2 hours, 33 minutes, 55 seconds
[INFO 09:55:24] my_main Recent Stats | t_env:     230457 | Episode:     6709
battle_won_mean:           0.0085	dead_allies_mean:          1.9854	dead_enemies_mean:        33.7967	ep_length_mean:           38.2210
epsilon:                   0.0500	grad_norm:                 2.3936	loss:                      0.0593	q_taken_mean:              2.8122
return_mean:              13.0560	return_std:                2.1374	target_mean:               2.8710	td_error_abs:              0.1861
test_battle_won_mean:      0.0063	test_dead_allies_mean:     1.9937	test_dead_enemies_mean:   35.7750	test_ep_length_mean:      36.5688
test_return_mean:         13.5834	test_return_std:           1.8939	
DataHandler: unable to parse websocket frame.
RequestQuit command received.
Closing Application...
CloseHandler: 127.0.0.1:40400 disconnected
ResponseThread: No connection, dropping the response.
[INFO 09:57:00] absl Shutdown gracefully.
[INFO 09:57:00] absl Shutdown with return code: -15
[INFO 09:57:00] absl Launching SC2: /data/workspace/wxr/pymarl-monotone-qmix/3rdparty/StarCraftII/Versions/Base75689/SC2_x64 -listen 127.0.0.1 -port 35453 -dataDir /data/workspace/wxr/pymarl-monotone-qmix/3rdparty/StarCraftII/ -tempDir /tmp/sc-3pdduzdw/
[INFO 09:57:01] absl Connecting to: ws://127.0.0.1:35453/sc2api, attempt: 0, running: True
Version: B75689 (SC2.4.10)
Build: Aug 12 2019 17:16:57
Command Line: '"/data/workspace/wxr/pymarl-monotone-qmix/3rdparty/StarCraftII/Versions/Base75689/SC2_x64" -listen 127.0.0.1 -port 35453 -dataDir /data/workspace/wxr/pymarl-monotone-qmix/3rdparty/StarCraftII/ -tempDir /tmp/sc-3pdduzdw/'
Starting up...
Startup Phase 1 complete
[INFO 09:57:02] absl Connecting to: ws://127.0.0.1:35453/sc2api, attempt: 1, running: True
Startup Phase 2 complete
Creating stub renderer...
Listening on: 127.0.0.1:35453
Startup Phase 3 complete. Ready for commands.
[INFO 09:57:03] absl Connecting to: ws://127.0.0.1:35453/sc2api, attempt: 2, running: True
ConnectHandler: Request from 127.0.0.1:54722 accepted
ReadyHandler: 127.0.0.1:54722 ready
Requesting to join a single player game
Configuring interface options
Configure: raw interface enabled
Configure: feature layer interface disabled
Configure: score interface disabled
Configure: render interface disabled
Launching next game.
Next launch phase started: 2
Next launch phase started: 3
Next launch phase started: 4
Next launch phase started: 5
Next launch phase started: 6
Next launch phase started: 7
Next launch phase started: 8
Game has started.
Using default stable ids, none found at: /data/workspace/wxr/pymarl-monotone-qmix/3rdparty/StarCraftII/stableid.json
Successfully loaded stable ids: GameData\stableid.json
Sending ResponseJoinGame
[INFO 09:57:18] my_main Updated target network
[INFO 10:01:13] my_main Updated target network
[INFO 10:01:16] my_main t_env: 240487 / 2050000
[INFO 10:01:16] my_main Estimated time left: 19 hours, 7 minutes, 43 seconds. Time passed: 2 hours, 40 minutes, 16 seconds
[INFO 10:01:45] my_main Recent Stats | t_env:     240487 | Episode:     7003
battle_won_mean:           0.0085	dead_allies_mean:          1.9847	dead_enemies_mean:        33.0732	ep_length_mean:           37.5695
epsilon:                   0.0500	grad_norm:                 1.8593	loss:                      0.0531	q_taken_mean:              2.6775
return_mean:              12.9077	return_std:                2.0928	target_mean:               2.7232	td_error_abs:              0.1714
test_battle_won_mean:      0.0063	test_dead_allies_mean:     1.9937	test_dead_enemies_mean:   35.3813	test_ep_length_mean:      36.2750
test_return_mean:         13.4688	test_return_std:           1.9097	
[INFO 10:05:38] my_main Updated target network
[INFO 10:07:30] my_main t_env: 250502 / 2050000
[INFO 10:07:30] my_main Estimated time left: 18 hours, 39 minutes, 32 seconds. Time passed: 2 hours, 46 minutes, 30 seconds
[INFO 10:07:58] my_main Recent Stats | t_env:     250502 | Episode:     7295
battle_won_mean:           0.0053	dead_allies_mean:          1.9895	dead_enemies_mean:        32.0703	ep_length_mean:           36.4179
epsilon:                   0.0500	grad_norm:                 2.9527	loss:                      0.0724	q_taken_mean:              2.6673
return_mean:              12.6791	return_std:                2.0456	target_mean:               2.7397	td_error_abs:              0.2043
test_battle_won_mean:      0.0063	test_dead_allies_mean:     1.9937	test_dead_enemies_mean:   34.1688	test_ep_length_mean:      35.5375
test_return_mean:         13.1684	test_return_std:           1.8390	
[INFO 10:10:05] my_main Updated target network
[INFO 10:13:34] my_main t_env: 260512 / 2050000
[INFO 10:13:34] my_main Estimated time left: 18 hours, 4 minutes, 30 seconds. Time passed: 2 hours, 52 minutes, 34 seconds
[INFO 10:14:04] my_main Recent Stats | t_env:     260512 | Episode:     7571
battle_won_mean:           0.0045	dead_allies_mean:          1.9904	dead_enemies_mean:        31.6775	ep_length_mean:           36.0707
epsilon:                   0.0500	grad_norm:                 2.5097	loss:                      0.0690	q_taken_mean:              2.7299
return_mean:              12.5951	return_std:                2.0352	target_mean:               2.7915	td_error_abs:              0.1986
test_battle_won_mean:      0.0000	test_dead_allies_mean:     2.0000	test_dead_enemies_mean:   33.3000	test_ep_length_mean:      35.1375
test_return_mean:         12.9472	test_return_std:           1.8885	
[INFO 10:14:38] my_main Updated target network
[INFO 10:19:05] my_main Updated target network
[INFO 10:19:24] my_main t_env: 270523 / 2050000
[INFO 10:19:24] my_main Estimated time left: 17 hours, 19 minutes, 19 seconds. Time passed: 2 hours, 58 minutes, 25 seconds
[INFO 10:20:14] my_main Recent Stats | t_env:     270523 | Episode:     7817
battle_won_mean:           0.0023	dead_allies_mean:          1.9917	dead_enemies_mean:        32.2728	ep_length_mean:           36.8808
epsilon:                   0.0500	grad_norm:                 2.4534	loss:                      0.0671	q_taken_mean:              2.7983
return_mean:              12.7743	return_std:                1.9830	target_mean:               2.8385	td_error_abs:              0.1957
test_battle_won_mean:      0.0063	test_dead_allies_mean:     1.9750	test_dead_enemies_mean:   34.0688	test_ep_length_mean:      42.6437
test_return_mean:         13.1780	test_return_std:           2.0199	
[INFO 10:24:35] my_main Updated target network
[INFO 10:25:04] my_main t_env: 280557 / 2050000
[INFO 10:25:04] my_main Estimated time left: 16 hours, 36 minutes, 59 seconds. Time passed: 3 hours, 4 minutes, 4 seconds
[INFO 10:25:40] my_main Recent Stats | t_env:     280557 | Episode:     8019
battle_won_mean:           0.0007	dead_allies_mean:          1.9886	dead_enemies_mean:        33.7498	ep_length_mean:           39.0100
epsilon:                   0.0500	grad_norm:                 2.3738	loss:                      0.0671	q_taken_mean:              2.8526
return_mean:              13.1250	return_std:                1.9495	target_mean:               2.8673	td_error_abs:              0.1961
test_battle_won_mean:      0.0125	test_dead_allies_mean:     1.9625	test_dead_enemies_mean:   35.5250	test_ep_length_mean:      45.6187
test_return_mean:         13.4778	test_return_std:           2.1816	
[INFO 10:30:28] my_main Updated target network
[INFO 10:30:28] my_main t_env: 290722 / 2050000
[INFO 10:30:28] my_main Estimated time left: 15 hours, 36 minutes, 14 seconds. Time passed: 3 hours, 9 minutes, 29 seconds
RequestQuit command received.
Closing Application...
DataHandler: unable to parse websocket frame.
CloseHandler: 127.0.0.1:54722 disconnected
[INFO 10:30:37] absl Shutdown gracefully.
[INFO 10:30:37] absl Shutdown with return code: -15
[INFO 10:30:37] absl Launching SC2: /data/workspace/wxr/pymarl-monotone-qmix/3rdparty/StarCraftII/Versions/Base75689/SC2_x64 -listen 127.0.0.1 -port 33631 -dataDir /data/workspace/wxr/pymarl-monotone-qmix/3rdparty/StarCraftII/ -tempDir /tmp/sc-nod_28ky/
[INFO 10:30:37] absl Connecting to: ws://127.0.0.1:33631/sc2api, attempt: 0, running: True
Version: B75689 (SC2.4.10)
Build: Aug 12 2019 17:16:57
Command Line: '"/data/workspace/wxr/pymarl-monotone-qmix/3rdparty/StarCraftII/Versions/Base75689/SC2_x64" -listen 127.0.0.1 -port 33631 -dataDir /data/workspace/wxr/pymarl-monotone-qmix/3rdparty/StarCraftII/ -tempDir /tmp/sc-nod_28ky/'
Starting up...
Startup Phase 1 complete
[INFO 10:30:38] absl Connecting to: ws://127.0.0.1:33631/sc2api, attempt: 1, running: True
Startup Phase 2 complete
Creating stub renderer...
Listening on: 127.0.0.1:33631
Startup Phase 3 complete. Ready for commands.
[INFO 10:30:39] absl Connecting to: ws://127.0.0.1:33631/sc2api, attempt: 2, running: True
ConnectHandler: Request from 127.0.0.1:36234 accepted
ReadyHandler: 127.0.0.1:36234 ready
Requesting to join a single player game
Configuring interface options
Configure: raw interface enabled
Configure: feature layer interface disabled
Configure: score interface disabled
Configure: render interface disabled
Launching next game.
Next launch phase started: 2
Next launch phase started: 3
Next launch phase started: 4
Next launch phase started: 5
Next launch phase started: 6
Next launch phase started: 7
Next launch phase started: 8
Game has started.
Using default stable ids, none found at: /data/workspace/wxr/pymarl-monotone-qmix/3rdparty/StarCraftII/stableid.json
Successfully loaded stable ids: GameData\stableid.json
Sending ResponseJoinGame
[INFO 10:31:19] my_main Recent Stats | t_env:     290722 | Episode:     8201
battle_won_mean:           0.0029	dead_allies_mean:          1.9768	dead_enemies_mean:        36.0502	ep_length_mean:           43.3572
epsilon:                   0.0500	grad_norm:                 2.3072	loss:                      0.0663	q_taken_mean:              2.8977
return_mean:              13.6611	return_std:                2.0218	target_mean:               2.9107	td_error_abs:              0.1936
test_battle_won_mean:      0.0187	test_dead_allies_mean:     1.9312	test_dead_enemies_mean:   37.9562	test_ep_length_mean:      51.3062
test_return_mean:         14.0421	test_return_std:           2.4563	
[INFO 10:35:46] my_main t_env: 300727 / 2050000
[INFO 10:35:46] my_main Estimated time left: 15 hours, 24 minutes, 47 seconds. Time passed: 3 hours, 14 minutes, 46 seconds
[INFO 10:36:30] my_main Recent Stats | t_env:     300727 | Episode:     8359
battle_won_mean:           0.0042	dead_allies_mean:          1.9629	dead_enemies_mean:        37.8936	ep_length_mean:           49.1622
epsilon:                   0.0500	grad_norm:                 1.7273	loss:                      0.0523	q_taken_mean:              2.9446
return_mean:              14.1181	return_std:                2.0714	target_mean:               2.9101	td_error_abs:              0.1720
test_battle_won_mean:      0.0187	test_dead_allies_mean:     1.9187	test_dead_enemies_mean:   39.2875	test_ep_length_mean:      56.7188
test_return_mean:         14.3849	test_return_std:           2.4062	
[INFO 10:37:30] my_main Updated target network
[INFO 10:41:17] my_main t_env: 310730 / 2050000
[INFO 10:41:17] my_main Estimated time left: 15 hours, 59 minutes, 58 seconds. Time passed: 3 hours, 20 minutes, 18 seconds
[INFO 10:41:54] my_main Recent Stats | t_env:     310730 | Episode:     8548
battle_won_mean:           0.0056	dead_allies_mean:          1.9559	dead_enemies_mean:        39.2899	ep_length_mean:           52.4937
epsilon:                   0.0500	grad_norm:                 1.6327	loss:                      0.0517	q_taken_mean:              2.9547
return_mean:              14.4523	return_std:                2.0256	target_mean:               2.9174	td_error_abs:              0.1711
test_battle_won_mean:      0.0250	test_dead_allies_mean:     1.9062	test_dead_enemies_mean:   41.3813	test_ep_length_mean:      60.1562
test_return_mean:         14.8804	test_return_std:           2.3400	
[INFO 10:43:25] my_main Updated target network
[INFO 10:46:55] my_main t_env: 320858 / 2050000
[INFO 10:46:55] my_main Estimated time left: 16 hours, 3 minutes, 6 seconds. Time passed: 3 hours, 25 minutes, 56 seconds
[INFO 10:48:05] my_main Recent Stats | t_env:     320858 | Episode:     8735
battle_won_mean:           0.0088	dead_allies_mean:          1.9479	dead_enemies_mean:        40.0561	ep_length_mean:           55.1868
epsilon:                   0.0500	grad_norm:                 1.2496	loss:                      0.0509	q_taken_mean:              2.9241
return_mean:              14.6024	return_std:                2.0651	target_mean:               2.8973	td_error_abs:              0.1690
test_battle_won_mean:      0.0250	test_dead_allies_mean:     1.8938	test_dead_enemies_mean:   42.1500	test_ep_length_mean:      65.1188
test_return_mean:         15.0658	test_return_std:           2.2172	
[INFO 10:50:13] my_main Updated target network
[INFO 10:53:29] my_main t_env: 330869 / 2050000
[INFO 10:53:29] my_main Estimated time left: 18 hours, 45 minutes, 21 seconds. Time passed: 3 hours, 32 minutes, 29 seconds
[INFO 10:54:13] my_main Recent Stats | t_env:     330869 | Episode:     8904
battle_won_mean:           0.0088	dead_allies_mean:          1.9453	dead_enemies_mean:        40.0666	ep_length_mean:           57.0995
epsilon:                   0.0500	grad_norm:                 1.0069	loss:                      0.0476	q_taken_mean:              2.8963
return_mean:              14.6153	return_std:                2.1151	target_mean:               2.8755	td_error_abs:              0.1621
test_battle_won_mean:      0.0187	test_dead_allies_mean:     1.9000	test_dead_enemies_mean:   41.7812	test_ep_length_mean:      65.3625
test_return_mean:         15.0117	test_return_std:           2.1110	
[INFO 10:57:00] my_main Updated target network
[INFO 11:00:07] my_main t_env: 340880 / 2050000
[INFO 11:00:07] my_main Estimated time left: 18 hours, 52 minutes, 53 seconds. Time passed: 3 hours, 39 minutes, 7 seconds
[INFO 11:00:45] my_main Recent Stats | t_env:     340880 | Episode:     9112
battle_won_mean:           0.0085	dead_allies_mean:          1.9499	dead_enemies_mean:        39.3247	ep_length_mean:           55.5551
epsilon:                   0.0500	grad_norm:                 1.5039	loss:                      0.0552	q_taken_mean:              3.0221
return_mean:              14.4625	return_std:                2.0665	target_mean:               2.9861	td_error_abs:              0.1800
test_battle_won_mean:      0.0125	test_dead_allies_mean:     1.9250	test_dead_enemies_mean:   40.7250	test_ep_length_mean:      62.8937
test_return_mean:         14.7994	test_return_std:           1.9422	
RequestQuit command received.
DataHandler: unable to parse websocket frame.
CloseHandler: 127.0.0.1:36234 disconnected
Closing Application...
[INFO 11:02:28] absl Shutdown gracefully.
[INFO 11:02:28] absl Shutdown with return code: -15
[INFO 11:02:28] absl Launching SC2: /data/workspace/wxr/pymarl-monotone-qmix/3rdparty/StarCraftII/Versions/Base75689/SC2_x64 -listen 127.0.0.1 -port 45259 -dataDir /data/workspace/wxr/pymarl-monotone-qmix/3rdparty/StarCraftII/ -tempDir /tmp/sc-enmdj731/
[INFO 11:02:29] absl Connecting to: ws://127.0.0.1:45259/sc2api, attempt: 0, running: True
Version: B75689 (SC2.4.10)
Build: Aug 12 2019 17:16:57
Command Line: '"/data/workspace/wxr/pymarl-monotone-qmix/3rdparty/StarCraftII/Versions/Base75689/SC2_x64" -listen 127.0.0.1 -port 45259 -dataDir /data/workspace/wxr/pymarl-monotone-qmix/3rdparty/StarCraftII/ -tempDir /tmp/sc-enmdj731/'
Starting up...
Startup Phase 1 complete
[INFO 11:02:30] absl Connecting to: ws://127.0.0.1:45259/sc2api, attempt: 1, running: True
Startup Phase 2 complete
Creating stub renderer...
Listening on: 127.0.0.1:45259
Startup Phase 3 complete. Ready for commands.
[INFO 11:02:31] absl Connecting to: ws://127.0.0.1:45259/sc2api, attempt: 2, running: True
ConnectHandler: Request from 127.0.0.1:39062 accepted
ReadyHandler: 127.0.0.1:39062 ready
Requesting to join a single player game
Configuring interface options
Configure: raw interface enabled
Configure: feature layer interface disabled
Configure: score interface disabled
Configure: render interface disabled
Launching next game.
Next launch phase started: 2
Next launch phase started: 3
Next launch phase started: 4
Next launch phase started: 5
Next launch phase started: 6
Next launch phase started: 7
Next launch phase started: 8
Game has started.
Using default stable ids, none found at: /data/workspace/wxr/pymarl-monotone-qmix/3rdparty/StarCraftII/stableid.json
Successfully loaded stable ids: GameData\stableid.json
Sending ResponseJoinGame
[INFO 11:03:50] my_main Updated target network
[INFO 11:06:46] my_main t_env: 351262 / 2050000
[INFO 11:06:46] my_main Estimated time left: 18 hours, 7 minutes, 54 seconds. Time passed: 3 hours, 45 minutes, 46 seconds
[INFO 11:07:42] my_main Recent Stats | t_env:     351262 | Episode:     9299
battle_won_mean:           0.0072	dead_allies_mean:          1.9531	dead_enemies_mean:        39.0642	ep_length_mean:           53.9943
epsilon:                   0.0500	grad_norm:                 0.9012	loss:                      0.0491	q_taken_mean:              2.9930
return_mean:              14.3950	return_std:                2.0163	target_mean:               2.9715	td_error_abs:              0.1683
test_battle_won_mean:      0.0125	test_dead_allies_mean:     1.9125	test_dead_enemies_mean:   41.2875	test_ep_length_mean:      65.4562
test_return_mean:         14.8980	test_return_std:           2.0318	
[INFO 11:10:39] my_main Updated target network
[INFO 11:13:47] my_main t_env: 361287 / 2050000
[INFO 11:13:47] my_main Estimated time left: 19 hours, 42 minutes, 1 seconds. Time passed: 3 hours, 52 minutes, 47 seconds
[INFO 11:14:39] my_main Recent Stats | t_env:     361287 | Episode:     9507
battle_won_mean:           0.0061	dead_allies_mean:          1.9558	dead_enemies_mean:        38.5620	ep_length_mean:           53.0486
epsilon:                   0.0500	grad_norm:                 1.0403	loss:                      0.0494	q_taken_mean:              2.9826
return_mean:              14.2995	return_std:                2.0251	target_mean:               2.9570	td_error_abs:              0.1692
test_battle_won_mean:      0.0125	test_dead_allies_mean:     1.9000	test_dead_enemies_mean:   40.4188	test_ep_length_mean:      67.1125
test_return_mean:         14.7339	test_return_std:           2.0894	
[INFO 11:17:48] my_main Updated target network
[INFO 11:21:00] my_main t_env: 371291 / 2050000
[INFO 11:21:00] my_main Estimated time left: 20 hours, 12 minutes, 52 seconds. Time passed: 4 hours, 1 seconds
[INFO 11:21:32] my_main Recent Stats | t_env:     371291 | Episode:     9710
battle_won_mean:           0.0029	dead_allies_mean:          1.9605	dead_enemies_mean:        38.4239	ep_length_mean:           52.0726
epsilon:                   0.0500	grad_norm:                 1.0546	loss:                      0.0482	q_taken_mean:              2.9954
return_mean:              14.2846	return_std:                2.0140	target_mean:               2.9685	td_error_abs:              0.1675
test_battle_won_mean:      0.0063	test_dead_allies_mean:     1.9375	test_dead_enemies_mean:   39.6187	test_ep_length_mean:      55.1875
test_return_mean:         14.4910	test_return_std:           2.1440	
[INFO 11:24:04] my_main Updated target network
[INFO 11:28:45] my_main t_env: 381321 / 2050000
[INFO 11:28:45] my_main Estimated time left: 21 hours, 28 minutes, 24 seconds. Time passed: 4 hours, 7 minutes, 46 seconds
[INFO 11:29:24] my_main Recent Stats | t_env:     381321 | Episode:     9942
battle_won_mean:           0.0037	dead_allies_mean:          1.9665	dead_enemies_mean:        38.2072	ep_length_mean:           48.8718
epsilon:                   0.0500	grad_norm:                 0.8754	loss:                      0.0476	q_taken_mean:              3.0171
return_mean:              14.2405	return_std:                1.9696	target_mean:               2.9949	td_error_abs:              0.1662
test_battle_won_mean:      0.0125	test_dead_allies_mean:     1.9312	test_dead_enemies_mean:   40.3000	test_ep_length_mean:      53.3000
test_return_mean:         14.6466	test_return_std:           2.2717	
[INFO 11:31:40] my_main Updated target network
[INFO 11:37:34] my_main t_env: 391635 / 2050000
[INFO 11:37:34] my_main Estimated time left: 23 hours, 38 minutes, 19 seconds. Time passed: 4 hours, 16 minutes, 35 seconds
[INFO 11:38:16] my_main Recent Stats | t_env:     391635 | Episode:    10151
battle_won_mean:           0.0028	dead_allies_mean:          1.9685	dead_enemies_mean:        38.5839	ep_length_mean:           49.1157
epsilon:                   0.0500	grad_norm:                 1.0497	loss:                      0.0491	q_taken_mean:              3.0082
return_mean:              14.3128	return_std:                1.9849	target_mean:               3.0180	td_error_abs:              0.1697
test_battle_won_mean:      0.0187	test_dead_allies_mean:     1.9312	test_dead_enemies_mean:   41.3062	test_ep_length_mean:      51.5625
test_return_mean:         14.8500	test_return_std:           2.1526	
[INFO 11:40:18] my_main Updated target network
RequestQuit command received.
Closing Application...
DataHandler: unable to parse websocket frame.
CloseHandler: 127.0.0.1:39062 disconnected
[INFO 11:46:09] absl Shutdown gracefully.
[INFO 11:46:09] absl Shutdown with return code: -15
[INFO 11:46:09] absl Launching SC2: /data/workspace/wxr/pymarl-monotone-qmix/3rdparty/StarCraftII/Versions/Base75689/SC2_x64 -listen 127.0.0.1 -port 45875 -dataDir /data/workspace/wxr/pymarl-monotone-qmix/3rdparty/StarCraftII/ -tempDir /tmp/sc-1g9lbfw8/
[INFO 11:46:10] absl Connecting to: ws://127.0.0.1:45875/sc2api, attempt: 0, running: True
Version: B75689 (SC2.4.10)
Build: Aug 12 2019 17:16:57
Command Line: '"/data/workspace/wxr/pymarl-monotone-qmix/3rdparty/StarCraftII/Versions/Base75689/SC2_x64" -listen 127.0.0.1 -port 45875 -dataDir /data/workspace/wxr/pymarl-monotone-qmix/3rdparty/StarCraftII/ -tempDir /tmp/sc-1g9lbfw8/'
Starting up...
Startup Phase 1 complete
[INFO 11:46:11] absl Connecting to: ws://127.0.0.1:45875/sc2api, attempt: 1, running: True
Startup Phase 2 complete
Creating stub renderer...
Listening on: 127.0.0.1:45875
Startup Phase 3 complete. Ready for commands.
[INFO 11:46:12] absl Connecting to: ws://127.0.0.1:45875/sc2api, attempt: 2, running: True
ConnectHandler: Request from 127.0.0.1:35984 accepted
ReadyHandler: 127.0.0.1:35984 ready
Requesting to join a single player game
Configuring interface options
Configure: raw interface enabled
Configure: feature layer interface disabled
Configure: score interface disabled
Configure: render interface disabled
Launching next game.
Next launch phase started: 2
Next launch phase started: 3
Next launch phase started: 4
Next launch phase started: 5
Next launch phase started: 6
Next launch phase started: 7
Next launch phase started: 8
Game has started.
Using default stable ids, none found at: /data/workspace/wxr/pymarl-monotone-qmix/3rdparty/StarCraftII/stableid.json
Successfully loaded stable ids: GameData\stableid.json
Sending ResponseJoinGame
[INFO 11:46:40] my_main t_env: 401797 / 2050000
[INFO 11:46:40] my_main Estimated time left: 1 days, 34 minutes, 29 seconds. Time passed: 4 hours, 25 minutes, 40 seconds
[INFO 11:47:24] my_main Recent Stats | t_env:     401797 | Episode:    10355
battle_won_mean:           0.0067	dead_allies_mean:          1.9684	dead_enemies_mean:        39.4558	ep_length_mean:           47.9747
epsilon:                   0.0500	grad_norm:                 1.5380	loss:                      0.0543	q_taken_mean:              3.0244
return_mean:              14.4994	return_std:                1.9734	target_mean:               3.0503	td_error_abs:              0.1785
test_battle_won_mean:      0.0187	test_dead_allies_mean:     1.9563	test_dead_enemies_mean:   41.3937	test_ep_length_mean:      44.8062
test_return_mean:         14.8582	test_return_std:           2.0846	
[INFO 11:49:05] my_main Updated target network
[INFO 11:55:42] my_main t_env: 411807 / 2050000
[INFO 11:55:42] my_main Estimated time left: 1 days, 40 minutes, 1 seconds. Time passed: 4 hours, 34 minutes, 43 seconds
[INFO 11:56:41] my_main Recent Stats | t_env:     411807 | Episode:    10576
battle_won_mean:           0.0066	dead_allies_mean:          1.9714	dead_enemies_mean:        40.3156	ep_length_mean:           47.3941
epsilon:                   0.0500	grad_norm:                 1.8748	loss:                      0.0575	q_taken_mean:              2.8874
return_mean:              14.6740	return_std:                1.9832	target_mean:               2.9048	td_error_abs:              0.1787
test_battle_won_mean:      0.0125	test_dead_allies_mean:     1.9688	test_dead_enemies_mean:   41.2625	test_ep_length_mean:      44.7375
test_return_mean:         14.8187	test_return_std:           2.0909	
[INFO 11:57:33] my_main Updated target network
[INFO 12:04:33] my_main t_env: 421833 / 2050000
[INFO 12:04:33] my_main Estimated time left: 23 hours, 55 minutes, 16 seconds. Time passed: 4 hours, 43 minutes, 33 seconds
[INFO 12:05:12] my_main Recent Stats | t_env:     421833 | Episode:    10782
battle_won_mean:           0.0105	dead_allies_mean:          1.9676	dead_enemies_mean:        40.7689	ep_length_mean:           47.2720
epsilon:                   0.0500	grad_norm:                 1.8769	loss:                      0.0565	q_taken_mean:              2.7407
return_mean:              14.7644	return_std:                1.9793	target_mean:               2.7586	td_error_abs:              0.1728
test_battle_won_mean:      0.0125	test_dead_allies_mean:     1.9688	test_dead_enemies_mean:   41.2375	test_ep_length_mean:      44.8438
test_return_mean:         14.8539	test_return_std:           1.9714	
[INFO 12:05:48] my_main Updated target network
[INFO 12:11:02] my_main t_env: 431856 / 2050000
[INFO 12:11:02] my_main Estimated time left: 17 hours, 27 minutes, 45 seconds. Time passed: 4 hours, 50 minutes, 3 seconds
[INFO 12:11:37] my_main Recent Stats | t_env:     431856 | Episode:    10964
battle_won_mean:           0.0119	dead_allies_mean:          1.9634	dead_enemies_mean:        41.3270	ep_length_mean:           49.6397
epsilon:                   0.0500	grad_norm:                 1.8674	loss:                      0.0543	q_taken_mean:              2.6381
return_mean:              14.8822	return_std:                2.0162	target_mean:               2.6583	td_error_abs:              0.1660
test_battle_won_mean:      0.0125	test_dead_allies_mean:     1.9750	test_dead_enemies_mean:   42.0938	test_ep_length_mean:      45.2375
test_return_mean:         15.0380	test_return_std:           1.8403	
[INFO 12:12:40] my_main Updated target network
[INFO 12:17:07] my_main t_env: 441859 / 2050000
[INFO 12:17:07] my_main Estimated time left: 16 hours, 18 minutes, 10 seconds. Time passed: 4 hours, 56 minutes, 8 seconds
[INFO 12:17:56] my_main Recent Stats | t_env:     441859 | Episode:    11173
battle_won_mean:           0.0147	dead_allies_mean:          1.9624	dead_enemies_mean:        42.1998	ep_length_mean:           49.3421
epsilon:                   0.0500	grad_norm:                 1.2494	loss:                      0.0466	q_taken_mean:              2.5651
return_mean:              15.0589	return_std:                1.9748	target_mean:               2.5651	td_error_abs:              0.1491
test_battle_won_mean:      0.0250	test_dead_allies_mean:     1.9500	test_dead_enemies_mean:   42.3813	test_ep_length_mean:      50.5000
test_return_mean:         15.1167	test_return_std:           1.9913	
[INFO 12:18:40] my_main Updated target network
[INFO 12:23:13] my_main t_env: 451871 / 2050000
[INFO 12:23:13] my_main Estimated time left: 16 hours, 14 minutes, 45 seconds. Time passed: 5 hours, 2 minutes, 14 seconds
[INFO 12:23:51] my_main Recent Stats | t_env:     451871 | Episode:    11355
battle_won_mean:           0.0141	dead_allies_mean:          1.9622	dead_enemies_mean:        42.4426	ep_length_mean:           50.3815
epsilon:                   0.0500	grad_norm:                 0.8136	loss:                      0.0423	q_taken_mean:              2.6002
return_mean:              15.0996	return_std:                1.9928	target_mean:               2.5828	td_error_abs:              0.1410
test_battle_won_mean:      0.0250	test_dead_allies_mean:     1.9500	test_dead_enemies_mean:   42.5250	test_ep_length_mean:      51.0562
test_return_mean:         15.1754	test_return_std:           1.9527	
[INFO 12:25:02] my_main Updated target network
DataHandler: unable to parse websocket frame.
CloseHandler: 127.0.0.1:35984 disconnected
[INFO 12:26:34] absl Shutdown gracefully.
[INFO 12:26:34] absl Shutdown with return code: -15
[INFO 12:26:34] absl Launching SC2: /data/workspace/wxr/pymarl-monotone-qmix/3rdparty/StarCraftII/Versions/Base75689/SC2_x64 -listen 127.0.0.1 -port 37353 -dataDir /data/workspace/wxr/pymarl-monotone-qmix/3rdparty/StarCraftII/ -tempDir /tmp/sc-s64lmbd3/
[INFO 12:26:35] absl Connecting to: ws://127.0.0.1:37353/sc2api, attempt: 0, running: True
Version: B75689 (SC2.4.10)
Build: Aug 12 2019 17:16:57
Command Line: '"/data/workspace/wxr/pymarl-monotone-qmix/3rdparty/StarCraftII/Versions/Base75689/SC2_x64" -listen 127.0.0.1 -port 37353 -dataDir /data/workspace/wxr/pymarl-monotone-qmix/3rdparty/StarCraftII/ -tempDir /tmp/sc-s64lmbd3/'
Starting up...
Startup Phase 1 complete
[INFO 12:26:36] absl Connecting to: ws://127.0.0.1:37353/sc2api, attempt: 1, running: True
Startup Phase 2 complete
Creating stub renderer...
Listening on: 127.0.0.1:37353
Startup Phase 3 complete. Ready for commands.
[INFO 12:26:37] absl Connecting to: ws://127.0.0.1:37353/sc2api, attempt: 2, running: True
ConnectHandler: Request from 127.0.0.1:50522 accepted
ReadyHandler: 127.0.0.1:50522 ready
Requesting to join a single player game
Configuring interface options
Configure: raw interface enabled
Configure: feature layer interface disabled
Configure: score interface disabled
Configure: render interface disabled
Launching next game.
Next launch phase started: 2
Next launch phase started: 3
Next launch phase started: 4
Next launch phase started: 5
Next launch phase started: 6
Next launch phase started: 7
Next launch phase started: 8
Game has started.
Using default stable ids, none found at: /data/workspace/wxr/pymarl-monotone-qmix/3rdparty/StarCraftII/stableid.json
Successfully loaded stable ids: GameData\stableid.json
Sending ResponseJoinGame
[INFO 12:29:19] my_main t_env: 461873 / 2050000
[INFO 12:29:19] my_main Estimated time left: 16 hours, 6 minutes, 35 seconds. Time passed: 5 hours, 8 minutes, 19 seconds
[INFO 12:30:09] my_main Recent Stats | t_env:     461873 | Episode:    11548
battle_won_mean:           0.0184	dead_allies_mean:          1.9556	dead_enemies_mean:        42.6942	ep_length_mean:           51.6875
epsilon:                   0.0500	grad_norm:                 0.4217	loss:                      0.0384	q_taken_mean:              2.6776
return_mean:              15.1640	return_std:                2.0000	target_mean:               2.6761	td_error_abs:              0.1373
test_battle_won_mean:      0.0250	test_dead_allies_mean:     1.9500	test_dead_enemies_mean:   43.6437	test_ep_length_mean:      52.2625
test_return_mean:         15.4014	test_return_std:           1.8200	
[INFO 12:31:51] my_main Updated target network
[INFO 12:35:57] my_main t_env: 472135 / 2050000
[INFO 12:35:57] my_main Estimated time left: 16 hours, 59 minutes, 55 seconds. Time passed: 5 hours, 14 minutes, 57 seconds
[INFO 12:36:33] my_main Recent Stats | t_env:     472135 | Episode:    11748
battle_won_mean:           0.0185	dead_allies_mean:          1.9573	dead_enemies_mean:        42.8681	ep_length_mean:           52.2155
epsilon:                   0.0500	grad_norm:                 0.4143	loss:                      0.0385	q_taken_mean:              2.7535
return_mean:              15.2024	return_std:                1.9649	target_mean:               2.7519	td_error_abs:              0.1379
test_battle_won_mean:      0.0250	test_dead_allies_mean:     1.9500	test_dead_enemies_mean:   44.3250	test_ep_length_mean:      53.1250
test_return_mean:         15.5253	test_return_std:           1.8349	
[INFO 12:38:05] my_main Updated target network
[INFO 12:42:11] my_main t_env: 482152 / 2050000
[INFO 12:42:11] my_main Estimated time left: 16 hours, 15 minutes, 7 seconds. Time passed: 5 hours, 21 minutes, 11 seconds
[INFO 12:42:53] my_main Recent Stats | t_env:     482152 | Episode:    11937
battle_won_mean:           0.0195	dead_allies_mean:          1.9566	dead_enemies_mean:        43.4048	ep_length_mean:           51.8012
epsilon:                   0.0500	grad_norm:                 0.3839	loss:                      0.0382	q_taken_mean:              2.7144
return_mean:              15.3110	return_std:                1.9093	target_mean:               2.7112	td_error_abs:              0.1381
test_battle_won_mean:      0.0187	test_dead_allies_mean:     1.9500	test_dead_enemies_mean:   43.1875	test_ep_length_mean:      54.9062
test_return_mean:         15.2739	test_return_std:           1.8407	
[INFO 12:44:51] my_main Updated target network
[INFO 12:49:06] my_main t_env: 492165 / 2050000
[INFO 12:49:06] my_main Estimated time left: 17 hours, 58 minutes, 17 seconds. Time passed: 5 hours, 28 minutes, 7 seconds
[INFO 12:49:51] my_main Recent Stats | t_env:     492165 | Episode:    12144
battle_won_mean:           0.0176	dead_allies_mean:          1.9594	dead_enemies_mean:        42.8928	ep_length_mean:           51.9034
epsilon:                   0.0500	grad_norm:                 0.3828	loss:                      0.0394	q_taken_mean:              2.8305
return_mean:              15.2080	return_std:                1.9168	target_mean:               2.8270	td_error_abs:              0.1428
test_battle_won_mean:      0.0000	test_dead_allies_mean:     1.9750	test_dead_enemies_mean:   42.6750	test_ep_length_mean:      51.6437
test_return_mean:         15.1491	test_return_std:           1.6498	
[INFO 12:52:03] my_main Updated target network
[INFO 12:55:35] my_main t_env: 502193 / 2050000
[INFO 12:55:35] my_main Estimated time left: 16 hours, 40 minutes, 58 seconds. Time passed: 5 hours, 34 minutes, 36 seconds
[INFO 12:56:20] my_main Recent Stats | t_env:     502193 | Episode:    12306
battle_won_mean:           0.0168	dead_allies_mean:          1.9593	dead_enemies_mean:        42.7353	ep_length_mean:           53.2814
epsilon:                   0.0500	grad_norm:                 0.4806	loss:                      0.0379	q_taken_mean:              2.7058
return_mean:              15.1868	return_std:                1.9299	target_mean:               2.7114	td_error_abs:              0.1373
test_battle_won_mean:      0.0063	test_dead_allies_mean:     1.9688	test_dead_enemies_mean:   42.9062	test_ep_length_mean:      53.0250
test_return_mean:         15.2046	test_return_std:           1.7178	
[INFO 12:59:36] my_main Updated target network
[INFO 13:02:01] my_main t_env: 512394 / 2050000
[INFO 13:02:01] my_main Estimated time left: 16 hours, 8 minutes, 13 seconds. Time passed: 5 hours, 41 minutes, 2 seconds
RequestQuit command received.
Closing Application...
DataHandler: unable to parse websocket frame.
CloseHandler: 127.0.0.1:50522 disconnected
[INFO 13:02:36] absl Shutdown gracefully.
[INFO 13:02:36] absl Shutdown with return code: -15
[INFO 13:02:36] absl Launching SC2: /data/workspace/wxr/pymarl-monotone-qmix/3rdparty/StarCraftII/Versions/Base75689/SC2_x64 -listen 127.0.0.1 -port 38953 -dataDir /data/workspace/wxr/pymarl-monotone-qmix/3rdparty/StarCraftII/ -tempDir /tmp/sc-on65v2wc/
[INFO 13:02:37] absl Connecting to: ws://127.0.0.1:38953/sc2api, attempt: 0, running: True
Version: B75689 (SC2.4.10)
Build: Aug 12 2019 17:16:57
Command Line: '"/data/workspace/wxr/pymarl-monotone-qmix/3rdparty/StarCraftII/Versions/Base75689/SC2_x64" -listen 127.0.0.1 -port 38953 -dataDir /data/workspace/wxr/pymarl-monotone-qmix/3rdparty/StarCraftII/ -tempDir /tmp/sc-on65v2wc/'
Starting up...
Startup Phase 1 complete
[INFO 13:02:38] absl Connecting to: ws://127.0.0.1:38953/sc2api, attempt: 1, running: True
Startup Phase 2 complete
Creating stub renderer...
Listening on: 127.0.0.1:38953
Startup Phase 3 complete. Ready for commands.
[INFO 13:02:39] absl Connecting to: ws://127.0.0.1:38953/sc2api, attempt: 2, running: True
ConnectHandler: Request from 127.0.0.1:34032 accepted
ReadyHandler: 127.0.0.1:34032 ready
Requesting to join a single player game
Configuring interface options
Configure: raw interface enabled
Configure: feature layer interface disabled
Configure: score interface disabled
Configure: render interface disabled
Launching next game.
Next launch phase started: 2
Next launch phase started: 3
Next launch phase started: 4
Next launch phase started: 5
Next launch phase started: 6
Next launch phase started: 7
Next launch phase started: 8
Game has started.
Using default stable ids, none found at: /data/workspace/wxr/pymarl-monotone-qmix/3rdparty/StarCraftII/stableid.json
Successfully loaded stable ids: GameData\stableid.json
Sending ResponseJoinGame
[INFO 13:02:45] my_main Recent Stats | t_env:     512394 | Episode:    12480
battle_won_mean:           0.0139	dead_allies_mean:          1.9571	dead_enemies_mean:        42.6124	ep_length_mean:           54.6419
epsilon:                   0.0500	grad_norm:                 0.4085	loss:                      0.0375	q_taken_mean:              2.7739
return_mean:              15.1430	return_std:                1.9607	target_mean:               2.7757	td_error_abs:              0.1382
test_battle_won_mean:      0.0125	test_dead_allies_mean:     1.9625	test_dead_enemies_mean:   42.5938	test_ep_length_mean:      48.3000
test_return_mean:         15.2220	test_return_std:           1.7392	
[INFO 13:06:20] my_main Updated target network
[INFO 13:08:29] my_main t_env: 522402 / 2050000
[INFO 13:08:29] my_main Estimated time left: 16 hours, 26 minutes, 12 seconds. Time passed: 5 hours, 47 minutes, 29 seconds
[INFO 13:09:21] my_main Recent Stats | t_env:     522402 | Episode:    12667
battle_won_mean:           0.0152	dead_allies_mean:          1.9534	dead_enemies_mean:        42.4218	ep_length_mean:           55.0837
epsilon:                   0.0500	grad_norm:                 0.4285	loss:                      0.0365	q_taken_mean:              2.7060
return_mean:              15.1096	return_std:                1.9942	target_mean:               2.7074	td_error_abs:              0.1344
test_battle_won_mean:      0.0125	test_dead_allies_mean:     1.9500	test_dead_enemies_mean:   42.0875	test_ep_length_mean:      52.8125
test_return_mean:         15.0912	test_return_std:           1.8413	
[INFO 13:13:51] my_main Updated target network
[INFO 13:14:56] my_main t_env: 532404 / 2050000
[INFO 13:14:56] my_main Estimated time left: 16 hours, 18 minutes, 58 seconds. Time passed: 5 hours, 53 minutes, 56 seconds
[INFO 13:15:50] my_main Recent Stats | t_env:     532404 | Episode:    12833
battle_won_mean:           0.0157	dead_allies_mean:          1.9498	dead_enemies_mean:        42.3072	ep_length_mean:           56.5343
epsilon:                   0.0500	grad_norm:                 0.4810	loss:                      0.0389	q_taken_mean:              2.8895
return_mean:              15.0791	return_std:                2.0606	target_mean:               2.8926	td_error_abs:              0.1406
test_battle_won_mean:      0.0250	test_dead_allies_mean:     1.9250	test_dead_enemies_mean:   43.2250	test_ep_length_mean:      55.8125
test_return_mean:         15.3519	test_return_std:           1.9068	
[INFO 13:20:59] my_main Updated target network
[INFO 13:21:58] my_main t_env: 542765 / 2050000
[INFO 13:21:58] my_main Estimated time left: 17 hours, 3 minutes, 14 seconds. Time passed: 6 hours, 58 seconds
[INFO 13:22:53] my_main Recent Stats | t_env:     542765 | Episode:    13026
battle_won_mean:           0.0199	dead_allies_mean:          1.9422	dead_enemies_mean:        42.8036	ep_length_mean:           57.5967
epsilon:                   0.0500	grad_norm:                 0.3264	loss:                      0.0373	q_taken_mean:              2.7213
return_mean:              15.1937	return_std:                2.0924	target_mean:               2.7260	td_error_abs:              0.1312
test_battle_won_mean:      0.0250	test_dead_allies_mean:     1.9187	test_dead_enemies_mean:   43.9250	test_ep_length_mean:      59.2313
test_return_mean:         15.4734	test_return_std:           1.9509	
[INFO 13:28:36] my_main t_env: 552786 / 2050000
[INFO 13:28:36] my_main Estimated time left: 16 hours, 31 minutes, 0 seconds. Time passed: 6 hours, 7 minutes, 36 seconds
[INFO 13:29:41] my_main Recent Stats | t_env:     552786 | Episode:    13176
battle_won_mean:           0.0241	dead_allies_mean:          1.9360	dead_enemies_mean:        43.0017	ep_length_mean:           58.5778
epsilon:                   0.0500	grad_norm:                 0.3679	loss:                      0.0392	q_taken_mean:              2.7395
return_mean:              15.2383	return_std:                2.1351	target_mean:               2.7467	td_error_abs:              0.1353
test_battle_won_mean:      0.0250	test_dead_allies_mean:     1.9000	test_dead_enemies_mean:   43.6437	test_ep_length_mean:      64.6625
test_return_mean:         15.4327	test_return_std:           1.9891	
[INFO 13:30:38] my_main Updated target network
[INFO 13:35:31] my_main t_env: 562812 / 2050000
[INFO 13:35:31] my_main Estimated time left: 17 hours, 5 minutes, 33 seconds. Time passed: 6 hours, 14 minutes, 31 seconds
[INFO 13:36:36] my_main Recent Stats | t_env:     562812 | Episode:    13333
battle_won_mean:           0.0282	dead_allies_mean:          1.9322	dead_enemies_mean:        43.2845	ep_length_mean:           59.6244
epsilon:                   0.0500	grad_norm:                 0.5945	loss:                      0.0420	q_taken_mean:              2.7236
return_mean:              15.3015	return_std:                2.1532	target_mean:               2.7396	td_error_abs:              0.1401
test_battle_won_mean:      0.0187	test_dead_allies_mean:     1.9000	test_dead_enemies_mean:   44.1938	test_ep_length_mean:      71.8750
test_return_mean:         15.4783	test_return_std:           2.0125	
RequestQuit command received.
Closing Application...
DataHandler: unable to parse websocket frame.
CloseHandler: 127.0.0.1:34032 disconnected
[INFO 13:38:23] absl Shutdown gracefully.
[INFO 13:38:23] absl Shutdown with return code: -15
[INFO 13:38:23] absl Launching SC2: /data/workspace/wxr/pymarl-monotone-qmix/3rdparty/StarCraftII/Versions/Base75689/SC2_x64 -listen 127.0.0.1 -port 42597 -dataDir /data/workspace/wxr/pymarl-monotone-qmix/3rdparty/StarCraftII/ -tempDir /tmp/sc-x88wesio/
[INFO 13:38:24] absl Connecting to: ws://127.0.0.1:42597/sc2api, attempt: 0, running: True
Version: B75689 (SC2.4.10)
Build: Aug 12 2019 17:16:57
Command Line: '"/data/workspace/wxr/pymarl-monotone-qmix/3rdparty/StarCraftII/Versions/Base75689/SC2_x64" -listen 127.0.0.1 -port 42597 -dataDir /data/workspace/wxr/pymarl-monotone-qmix/3rdparty/StarCraftII/ -tempDir /tmp/sc-x88wesio/'
Starting up...
Startup Phase 1 complete
[INFO 13:38:25] absl Connecting to: ws://127.0.0.1:42597/sc2api, attempt: 1, running: True
Startup Phase 2 complete
Creating stub renderer...
Listening on: 127.0.0.1:42597
Startup Phase 3 complete. Ready for commands.
[INFO 13:38:26] absl Connecting to: ws://127.0.0.1:42597/sc2api, attempt: 2, running: True
ConnectHandler: Request from 127.0.0.1:54508 accepted
ReadyHandler: 127.0.0.1:54508 ready
Requesting to join a single player game
Configuring interface options
Configure: raw interface enabled
Configure: feature layer interface disabled
Configure: score interface disabled
Configure: render interface disabled
Launching next game.
Next launch phase started: 2
Next launch phase started: 3
Next launch phase started: 4
Next launch phase started: 5
Next launch phase started: 6
Next launch phase started: 7
Next launch phase started: 8
Game has started.
Using default stable ids, none found at: /data/workspace/wxr/pymarl-monotone-qmix/3rdparty/StarCraftII/stableid.json
Successfully loaded stable ids: GameData\stableid.json
Sending ResponseJoinGame
[INFO 13:38:46] my_main Updated target network
[INFO 13:42:29] my_main t_env: 572814 / 2050000
[INFO 13:42:29] my_main Estimated time left: 17 hours, 10 minutes, 26 seconds. Time passed: 6 hours, 21 minutes, 30 seconds
[INFO 13:43:17] my_main Recent Stats | t_env:     572814 | Episode:    13507
battle_won_mean:           0.0309	dead_allies_mean:          1.9268	dead_enemies_mean:        43.7688	ep_length_mean:           60.4172
epsilon:                   0.0500	grad_norm:                 0.6575	loss:                      0.0416	q_taken_mean:              2.6581
return_mean:              15.4041	return_std:                2.1665	target_mean:               2.6769	td_error_abs:              0.1390
test_battle_won_mean:      0.0187	test_dead_allies_mean:     1.9000	test_dead_enemies_mean:   44.7500	test_ep_length_mean:      71.8000
test_return_mean:         15.6324	test_return_std:           1.9076	
[INFO 13:45:56] my_main Updated target network
[INFO 13:48:23] my_main t_env: 582830 / 2050000
[INFO 13:48:23] my_main Estimated time left: 14 hours, 24 minutes, 14 seconds. Time passed: 6 hours, 27 minutes, 24 seconds
[INFO 13:49:09] my_main Recent Stats | t_env:     582830 | Episode:    13683
battle_won_mean:           0.0375	dead_allies_mean:          1.9229	dead_enemies_mean:        44.1793	ep_length_mean:           59.7485
epsilon:                   0.0500	grad_norm:                 0.6459	loss:                      0.0399	q_taken_mean:              2.5655
return_mean:              15.5015	return_std:                2.1832	target_mean:               2.5832	td_error_abs:              0.1344
test_battle_won_mean:      0.0125	test_dead_allies_mean:     1.9187	test_dead_enemies_mean:   44.8875	test_ep_length_mean:      70.7625
test_return_mean:         15.6343	test_return_std:           1.8947	
[INFO 13:52:46] my_main Updated target network
[INFO 13:54:12] my_main t_env: 592863 / 2050000
[INFO 13:54:12] my_main Estimated time left: 14 hours, 5 minutes, 12 seconds. Time passed: 6 hours, 33 minutes, 13 seconds
[INFO 13:55:12] my_main Recent Stats | t_env:     592863 | Episode:    13852
battle_won_mean:           0.0455	dead_allies_mean:          1.9176	dead_enemies_mean:        44.6072	ep_length_mean:           60.8851
epsilon:                   0.0500	grad_norm:                 0.5866	loss:                      0.0418	q_taken_mean:              2.7465
return_mean:              15.6122	return_std:                2.2108	target_mean:               2.7608	td_error_abs:              0.1439
test_battle_won_mean:      0.0187	test_dead_allies_mean:     1.9000	test_dead_enemies_mean:   45.4312	test_ep_length_mean:      75.5062
test_return_mean:         15.7835	test_return_std:           1.9868	
[INFO 13:59:23] my_main Updated target network
[INFO 13:59:56] my_main t_env: 602890 / 2050000
[INFO 13:59:56] my_main Estimated time left: 13 hours, 47 minutes, 37 seconds. Time passed: 6 hours, 38 minutes, 57 seconds
[INFO 14:00:34] my_main Recent Stats | t_env:     602890 | Episode:    14017
battle_won_mean:           0.0425	dead_allies_mean:          1.9228	dead_enemies_mean:        44.6459	ep_length_mean:           59.6777
epsilon:                   0.0500	grad_norm:                 0.7949	loss:                      0.0436	q_taken_mean:              2.7370
return_mean:              15.6122	return_std:                2.1335	target_mean:               2.7572	td_error_abs:              0.1461
test_battle_won_mean:      0.0125	test_dead_allies_mean:     1.9187	test_dead_enemies_mean:   45.9250	test_ep_length_mean:      71.2812
test_return_mean:         15.8504	test_return_std:           1.9385	
[INFO 14:05:17] my_main t_env: 612912 / 2050000
[INFO 14:05:17] my_main Estimated time left: 12 hours, 46 minutes, 13 seconds. Time passed: 6 hours, 44 minutes, 18 seconds
[INFO 14:06:15] my_main Recent Stats | t_env:     612912 | Episode:    14159
battle_won_mean:           0.0488	dead_allies_mean:          1.9114	dead_enemies_mean:        45.0090	ep_length_mean:           61.0212
epsilon:                   0.0500	grad_norm:                 0.9255	loss:                      0.0458	q_taken_mean:              2.7357
return_mean:              15.7123	return_std:                2.1588	target_mean:               2.7362	td_error_abs:              0.1518
test_battle_won_mean:      0.0375	test_dead_allies_mean:     1.8875	test_dead_enemies_mean:   46.4500	test_ep_length_mean:      72.9250
test_return_mean:         15.9759	test_return_std:           2.0354	
[INFO 14:07:49] my_main Updated target network
RequestQuit command received.
Closing Application...
DataHandler: unable to parse websocket frame.
CloseHandler: 127.0.0.1:54508 disconnected
[INFO 14:09:36] absl Shutdown gracefully.
[INFO 14:09:36] absl Shutdown with return code: -15
[INFO 14:09:36] absl Launching SC2: /data/workspace/wxr/pymarl-monotone-qmix/3rdparty/StarCraftII/Versions/Base75689/SC2_x64 -listen 127.0.0.1 -port 46455 -dataDir /data/workspace/wxr/pymarl-monotone-qmix/3rdparty/StarCraftII/ -tempDir /tmp/sc-_ngr9ikz/
[INFO 14:09:36] absl Connecting to: ws://127.0.0.1:46455/sc2api, attempt: 0, running: True
Version: B75689 (SC2.4.10)
Build: Aug 12 2019 17:16:57
Command Line: '"/data/workspace/wxr/pymarl-monotone-qmix/3rdparty/StarCraftII/Versions/Base75689/SC2_x64" -listen 127.0.0.1 -port 46455 -dataDir /data/workspace/wxr/pymarl-monotone-qmix/3rdparty/StarCraftII/ -tempDir /tmp/sc-_ngr9ikz/'
Starting up...
Startup Phase 1 complete
[INFO 14:09:37] absl Connecting to: ws://127.0.0.1:46455/sc2api, attempt: 1, running: True
Startup Phase 2 complete
Creating stub renderer...
Listening on: 127.0.0.1:46455
Startup Phase 3 complete. Ready for commands.
[INFO 14:09:38] absl Connecting to: ws://127.0.0.1:46455/sc2api, attempt: 2, running: True
ConnectHandler: Request from 127.0.0.1:43142 accepted
ReadyHandler: 127.0.0.1:43142 ready
Requesting to join a single player game
Configuring interface options
Configure: raw interface enabled
Configure: feature layer interface disabled
Configure: score interface disabled
Configure: render interface disabled
Launching next game.
Next launch phase started: 2
Next launch phase started: 3
Next launch phase started: 4
Next launch phase started: 5
Next launch phase started: 6
Next launch phase started: 7
Next launch phase started: 8
Game has started.
Using default stable ids, none found at: /data/workspace/wxr/pymarl-monotone-qmix/3rdparty/StarCraftII/stableid.json
Successfully loaded stable ids: GameData\stableid.json
Sending ResponseJoinGame
[INFO 14:11:09] my_main t_env: 622924 / 2050000
[INFO 14:11:09] my_main Estimated time left: 13 hours, 55 minutes, 31 seconds. Time passed: 6 hours, 50 minutes, 9 seconds
[INFO 14:11:46] my_main Recent Stats | t_env:     622924 | Episode:    14301
battle_won_mean:           0.0562	dead_allies_mean:          1.8965	dead_enemies_mean:        45.5197	ep_length_mean:           63.6260
epsilon:                   0.0500	grad_norm:                 1.1549	loss:                      0.0482	q_taken_mean:              2.6154
return_mean:              15.8485	return_std:                2.2018	target_mean:               2.6231	td_error_abs:              0.1542
test_battle_won_mean:      0.0688	test_dead_allies_mean:     1.8562	test_dead_enemies_mean:   47.6875	test_ep_length_mean:      69.9250
test_return_mean:         16.2534	test_return_std:           2.1468	
[INFO 14:14:45] my_main Updated target network
[INFO 14:16:41] my_main t_env: 633321 / 2050000
[INFO 14:16:41] my_main Estimated time left: 12 hours, 34 minutes, 43 seconds. Time passed: 6 hours, 55 minutes, 42 seconds
[INFO 14:17:29] my_main Recent Stats | t_env:     633321 | Episode:    14470
battle_won_mean:           0.0614	dead_allies_mean:          1.8923	dead_enemies_mean:        45.7103	ep_length_mean:           64.5484
epsilon:                   0.0500	grad_norm:                 1.1762	loss:                      0.0490	q_taken_mean:              2.6749
return_mean:              15.9025	return_std:                2.2101	target_mean:               2.6822	td_error_abs:              0.1575
test_battle_won_mean:      0.0625	test_dead_allies_mean:     1.8562	test_dead_enemies_mean:   47.5938	test_ep_length_mean:      71.7000
test_return_mean:         16.2545	test_return_std:           2.0480	
[INFO 14:21:33] my_main Updated target network
[INFO 14:21:54] my_main t_env: 643340 / 2050000
[INFO 14:21:54] my_main Estimated time left: 12 hours, 11 minutes, 16 seconds. Time passed: 7 hours, 54 seconds
[INFO 14:22:46] my_main Recent Stats | t_env:     643340 | Episode:    14611
battle_won_mean:           0.0557	dead_allies_mean:          1.8859	dead_enemies_mean:        45.6144	ep_length_mean:           66.8863
epsilon:                   0.0500	grad_norm:                 1.3414	loss:                      0.0486	q_taken_mean:              2.6556
return_mean:              15.8709	return_std:                2.2009	target_mean:               2.6553	td_error_abs:              0.1568
test_battle_won_mean:      0.0813	test_dead_allies_mean:     1.8438	test_dead_enemies_mean:   48.2563	test_ep_length_mean:      68.3438
test_return_mean:         16.4048	test_return_std:           2.0451	
[INFO 14:27:08] my_main t_env: 653374 / 2050000
[INFO 14:27:08] my_main Estimated time left: 12 hours, 9 minutes, 47 seconds. Time passed: 7 hours, 6 minutes, 9 seconds
[INFO 14:27:54] my_main Recent Stats | t_env:     653374 | Episode:    14741
battle_won_mean:           0.0705	dead_allies_mean:          1.8596	dead_enemies_mean:        46.3657	ep_length_mean:           70.1693
epsilon:                   0.0500	grad_norm:                 1.4934	loss:                      0.0491	q_taken_mean:              2.6137
return_mean:              16.0632	return_std:                2.2644	target_mean:               2.6169	td_error_abs:              0.1584
test_battle_won_mean:      0.1313	test_dead_allies_mean:     1.7875	test_dead_enemies_mean:   49.1250	test_ep_length_mean:      70.9250
test_return_mean:         16.6361	test_return_std:           2.1839	
[INFO 14:30:05] my_main Updated target network
[INFO 14:32:06] my_main t_env: 663380 / 2050000
[INFO 14:32:06] my_main Estimated time left: 11 hours, 28 minutes, 39 seconds. Time passed: 7 hours, 11 minutes, 7 seconds
[INFO 14:32:54] my_main Recent Stats | t_env:     663380 | Episode:    14859
battle_won_mean:           0.0697	dead_allies_mean:          1.8541	dead_enemies_mean:        46.5597	ep_length_mean:           73.0131
epsilon:                   0.0500	grad_norm:                 1.1129	loss:                      0.0454	q_taken_mean:              2.7574
return_mean:              16.0988	return_std:                2.2334	target_mean:               2.7720	td_error_abs:              0.1541
test_battle_won_mean:      0.1375	test_dead_allies_mean:     1.7875	test_dead_enemies_mean:   49.6500	test_ep_length_mean:      67.7375
test_return_mean:         16.7757	test_return_std:           2.1112	
[INFO 14:37:09] my_main t_env: 673439 / 2050000
[INFO 14:37:09] my_main Estimated time left: 11 hours, 29 minutes, 56 seconds. Time passed: 7 hours, 16 minutes, 9 seconds
RequestQuit command received.
Closing Application...
DataHandler: unable to parse websocket frame.
CloseHandler: 127.0.0.1:43142 disconnected
[INFO 14:37:23] absl Shutdown gracefully.
[INFO 14:37:23] absl Shutdown with return code: -15
[INFO 14:37:23] absl Launching SC2: /data/workspace/wxr/pymarl-monotone-qmix/3rdparty/StarCraftII/Versions/Base75689/SC2_x64 -listen 127.0.0.1 -port 39167 -dataDir /data/workspace/wxr/pymarl-monotone-qmix/3rdparty/StarCraftII/ -tempDir /tmp/sc-wme2j29d/
[INFO 14:37:24] absl Connecting to: ws://127.0.0.1:39167/sc2api, attempt: 0, running: True
Version: B75689 (SC2.4.10)
Build: Aug 12 2019 17:16:57
Command Line: '"/data/workspace/wxr/pymarl-monotone-qmix/3rdparty/StarCraftII/Versions/Base75689/SC2_x64" -listen 127.0.0.1 -port 39167 -dataDir /data/workspace/wxr/pymarl-monotone-qmix/3rdparty/StarCraftII/ -tempDir /tmp/sc-wme2j29d/'
Starting up...
Startup Phase 1 complete
[INFO 14:37:25] absl Connecting to: ws://127.0.0.1:39167/sc2api, attempt: 1, running: True
Startup Phase 2 complete
Creating stub renderer...
Listening on: 127.0.0.1:39167
Startup Phase 3 complete. Ready for commands.
[INFO 14:37:26] absl Connecting to: ws://127.0.0.1:39167/sc2api, attempt: 2, running: True
ConnectHandler: Request from 127.0.0.1:52400 accepted
ReadyHandler: 127.0.0.1:52400 ready
Requesting to join a single player game
Configuring interface options
Configure: raw interface enabled
Configure: feature layer interface disabled
Configure: score interface disabled
Configure: render interface disabled
Launching next game.
Next launch phase started: 2
Next launch phase started: 3
Next launch phase started: 4
Next launch phase started: 5
Next launch phase started: 6
Next launch phase started: 7
Next launch phase started: 8
Game has started.
Using default stable ids, none found at: /data/workspace/wxr/pymarl-monotone-qmix/3rdparty/StarCraftII/stableid.json
Successfully loaded stable ids: GameData\stableid.json
Sending ResponseJoinGame
[INFO 14:38:26] my_main Recent Stats | t_env:     673439 | Episode:    14978
battle_won_mean:           0.0778	dead_allies_mean:          1.8448	dead_enemies_mean:        46.9202	ep_length_mean:           75.8176
epsilon:                   0.0500	grad_norm:                 0.7731	loss:                      0.0415	q_taken_mean:              2.7769
return_mean:              16.1784	return_std:                2.2561	target_mean:               2.7806	td_error_abs:              0.1469
test_battle_won_mean:      0.1250	test_dead_allies_mean:     1.7625	test_dead_enemies_mean:   49.5750	test_ep_length_mean:      80.8312
test_return_mean:         16.8349	test_return_std:           2.0697	
[INFO 14:39:26] my_main Updated target network
[INFO 14:42:25] my_main t_env: 683453 / 2050000
[INFO 14:42:25] my_main Estimated time left: 11 hours, 58 minutes, 31 seconds. Time passed: 7 hours, 21 minutes, 25 seconds
[INFO 14:43:09] my_main Recent Stats | t_env:     683453 | Episode:    15074
battle_won_mean:           0.0832	dead_allies_mean:          1.8149	dead_enemies_mean:        47.6662	ep_length_mean:           84.3760
epsilon:                   0.0500	grad_norm:                 0.7667	loss:                      0.0404	q_taken_mean:              2.7057
return_mean:              16.3515	return_std:                2.2772	target_mean:               2.7097	td_error_abs:              0.1436
test_battle_won_mean:      0.1625	test_dead_allies_mean:     1.7312	test_dead_enemies_mean:   50.3375	test_ep_length_mean:      79.7125
test_return_mean:         17.0152	test_return_std:           2.2434	
[INFO 14:47:27] my_main t_env: 693493 / 2050000
[INFO 14:47:27] my_main Estimated time left: 11 hours, 21 minutes, 42 seconds. Time passed: 7 hours, 26 minutes, 28 seconds
[INFO 14:48:27] my_main Recent Stats | t_env:     693493 | Episode:    15198
battle_won_mean:           0.1005	dead_allies_mean:          1.7955	dead_enemies_mean:        48.5023	ep_length_mean:           86.3582
epsilon:                   0.0500	grad_norm:                 0.8363	loss:                      0.0414	q_taken_mean:              2.6988
return_mean:              16.5572	return_std:                2.3236	target_mean:               2.7014	td_error_abs:              0.1454
test_battle_won_mean:      0.1688	test_dead_allies_mean:     1.7250	test_dead_enemies_mean:   50.1187	test_ep_length_mean:      83.1125
test_return_mean:         17.0247	test_return_std:           2.2747	
[INFO 14:48:38] my_main Updated target network
[INFO 14:52:57] my_main t_env: 703854 / 2050000
[INFO 14:52:57] my_main Estimated time left: 11 hours, 54 minutes, 0 seconds. Time passed: 7 hours, 31 minutes, 58 seconds
[INFO 14:53:53] my_main Recent Stats | t_env:     703854 | Episode:    15329
battle_won_mean:           0.1034	dead_allies_mean:          1.7973	dead_enemies_mean:        48.9026	ep_length_mean:           86.7396
epsilon:                   0.0500	grad_norm:                 0.5155	loss:                      0.0364	q_taken_mean:              2.6389
return_mean:              16.6350	return_std:                2.3308	target_mean:               2.6331	td_error_abs:              0.1330
test_battle_won_mean:      0.1375	test_dead_allies_mean:     1.7500	test_dead_enemies_mean:   50.2625	test_ep_length_mean:      86.2438
test_return_mean:         17.0312	test_return_std:           2.1796	
[INFO 14:56:23] my_main Updated target network
[INFO 14:58:45] my_main t_env: 713860 / 2050000
[INFO 14:58:45] my_main Estimated time left: 12 hours, 52 minutes, 53 seconds. Time passed: 7 hours, 37 minutes, 45 seconds
[INFO 14:59:46] my_main Recent Stats | t_env:     713860 | Episode:    15464
battle_won_mean:           0.1227	dead_allies_mean:          1.7791	dead_enemies_mean:        49.4797	ep_length_mean:           84.6040
epsilon:                   0.0500	grad_norm:                 0.5179	loss:                      0.0362	q_taken_mean:              2.6190
return_mean:              16.7698	return_std:                2.3545	target_mean:               2.6132	td_error_abs:              0.1325
test_battle_won_mean:      0.1313	test_dead_allies_mean:     1.7563	test_dead_enemies_mean:   50.2625	test_ep_length_mean:      89.8625
test_return_mean:         17.0291	test_return_std:           2.1960	
