[info] CUDA_VISIBLE_DEVICES=3
/data/workspace/mzn/miniconda3/envs/pymarl/lib/python3.9/site-packages/sacred/dependencies.py:11: UserWarning: pkg_resources is deprecated as an API. See https://setuptools.pypa.io/en/latest/pkg_resources.html. The pkg_resources package is slated for removal as early as 2025-11-30. Refrain from using this package or pin to Setuptools<81.
  import pkg_resources
[DEBUG 05:19:11] git.cmd Popen(['git', 'version'], cwd=/data/workspace/wxr/pymarl-monotone-qmix, stdin=None, shell=False, universal_newlines=False)
[DEBUG 05:19:11] git.cmd Popen(['git', 'version'], cwd=/data/workspace/wxr/pymarl-monotone-qmix, stdin=None, shell=False, universal_newlines=False)
[DEBUG 05:19:11] git.util sys.platform='linux', git_executable='git'
[DEBUG 05:19:11] git.cmd Popen(['git', 'diff', '--cached', '--abbrev=40', '--full-index', '--raw'], cwd=/data/workspace/wxr/pymarl-monotone-qmix, stdin=None, shell=False, universal_newlines=False)
[DEBUG 05:19:11] git.cmd Popen(['git', 'diff', '--abbrev=40', '--full-index', '--raw'], cwd=/data/workspace/wxr/pymarl-monotone-qmix, stdin=None, shell=False, universal_newlines=False)
[DEBUG 05:19:11] git.cmd Popen(['git', 'cat-file', '--batch-check'], cwd=/data/workspace/wxr/pymarl-monotone-qmix, stdin=<valid stream>, shell=False, universal_newlines=False)
[DEBUG 05:19:11] git.util sys.platform='linux', git_executable='git'
[DEBUG 05:19:11] git.cmd Popen(['git', 'diff', '--cached', '--abbrev=40', '--full-index', '--raw'], cwd=/data/workspace/wxr/pymarl-monotone-qmix, stdin=None, shell=False, universal_newlines=False)
[DEBUG 05:19:11] git.cmd Popen(['git', 'diff', '--abbrev=40', '--full-index', '--raw'], cwd=/data/workspace/wxr/pymarl-monotone-qmix, stdin=None, shell=False, universal_newlines=False)
[DEBUG 05:19:11] git.cmd Popen(['git', 'cat-file', '--batch-check'], cwd=/data/workspace/wxr/pymarl-monotone-qmix, stdin=<valid stream>, shell=False, universal_newlines=False)
[DEBUG 05:19:11] git.util sys.platform='linux', git_executable='git'
[DEBUG 05:19:11] git.cmd Popen(['git', 'diff', '--cached', '--abbrev=40', '--full-index', '--raw'], cwd=/data/workspace/wxr/pymarl-monotone-qmix, stdin=None, shell=False, universal_newlines=False)
[DEBUG 05:19:11] git.cmd Popen(['git', 'diff', '--abbrev=40', '--full-index', '--raw'], cwd=/data/workspace/wxr/pymarl-monotone-qmix, stdin=None, shell=False, universal_newlines=False)
[DEBUG 05:19:11] git.cmd Popen(['git', 'cat-file', '--batch-check'], cwd=/data/workspace/wxr/pymarl-monotone-qmix, stdin=<valid stream>, shell=False, universal_newlines=False)
[INFO 05:19:11] root Saving to FileStorageObserver in /data/workspace/wxr/pymarl-monotone-qmix/results/sacred/hll.
[DEBUG 05:19:13] pymarl Using capture mode "fd"
[INFO 05:19:13] pymarl Running command 'my_main'
[INFO 05:19:13] pymarl Started run with ID "5"
[DEBUG 05:19:13] pymarl Starting Heartbeat
[DEBUG 05:19:13] my_main Started
[INFO 05:19:13] my_main Experiment Parameters:
[INFO 05:19:13] my_main 

{   'action_selector': 'epsilon_greedy',
    'agent': 'rnn',
    'agent_output_type': 'q',
    'batch_size': 32,
    'batch_size_run': 1,
    'buffer_cpu_only': True,
    'buffer_size': 5000,
    'checkpoint_path': '',
    'critic_lr': 0.0005,
    'double_q': True,
    'env': 'sc2',
    'env_args': {   'continuing_episode': False,
                    'debug': False,
                    'difficulty': '7',
                    'game_version': None,
                    'heuristic_ai': False,
                    'heuristic_rest': False,
                    'map_name': '27m_vs_30m',
                    'move_amount': 2,
                    'obs_all_health': True,
                    'obs_instead_of_state': False,
                    'obs_last_action': False,
                    'obs_own_health': True,
                    'obs_pathing_grid': False,
                    'obs_terrain_height': False,
                    'obs_timestep_number': False,
                    'replay_dir': '',
                    'replay_prefix': '',
                    'reward_death_value': 10,
                    'reward_defeat': 0,
                    'reward_negative_scale': 0.5,
                    'reward_only_positive': True,
                    'reward_scale': True,
                    'reward_scale_rate': 20,
                    'reward_sparse': False,
                    'reward_win': 200,
                    'seed': 1,
                    'state_last_action': True,
                    'state_timestep_number': False,
                    'step_mul': 8},
    'epsilon_anneal_time': 50000,
    'epsilon_finish': 0.05,
    'epsilon_start': 1.0,
    'evaluate': False,
    'gamma': 0.99,
    'grad_norm_clip': 10,
    'hll_aux_activation': 'relu',
    'hll_aux_depth': 2,
    'hll_aux_hidden_dim': 64,
    'hll_aux_output_bias_init': -2.0,
    'hll_lattice_size': 2,
    'hll_lattice_size_by_map': {   '1c3s5z': [   3,
                                                 3,
                                                 3,
                                                 3,
                                                 2,
                                                 2,
                                                 2,
                                                 2,
                                                 2],
                                   '27m_vs_30m': 2,
                                   '2c_vs_64zg': 16,
                                   '2s3z': 4,
                                   '3s5z': [   3,
                                               3,
                                               3,
                                               2,
                                               2,
                                               2,
                                               2,
                                               2],
                                   '3s_vs_5z': 6,
                                   '5m_vs_6m': 4,
                                   'MMM2': 2,
                                   'bane_vs_bane': 2},
    'hll_max_vertices': 4096,
    'hll_min_output_scale': 0.001,
    'hll_q_grouping': 'sorted',
    'hll_q_grouping_by_map': {   '27m_vs_30m': 'sorted',
                                 'bane_vs_bane': 'contiguous'},
    'hll_q_groups': None,
    'hll_q_groups_by_map': {   '27m_vs_30m': 10,
                               'bane_vs_bane': 10},
    'hll_q_temperature': 1.0,
    'hll_q_temperature_by_map': {   '1c3s5z': 1.0,
                                    '27m_vs_30m': 1.0,
                                    '2c_vs_64zg': 1.0,
                                    '2s3z': 1.0,
                                    '3s5z': 1.0,
                                    '3s_vs_5z': 1.0,
                                    '5m_vs_6m': 1.0,
                                    'MMM2': 1.0,
                                    'bane_vs_bane': 1.0},
    'hll_scale_activation': 'relu',
    'hll_scale_hidden_dim': 32,
    'hll_state_value_activation': 'relu',
    'hll_state_value_dim': 32,
    'label': 'default_label',
    'learner': 'q_learner',
    'learner_log_interval': 10000,
    'load_step': 0,
    'local_results_path': 'results',
    'log_interval': 10000,
    'lr': 0.0005,
    'mac': 'basic_mac',
    'mixer': 'hll',
    'name': 'hll_27m_vs_30m_seed1',
    'obs_agent_id': True,
    'obs_last_action': True,
    'optim_alpha': 0.99,
    'optim_eps': 1e-05,
    'repeat_id': 1,
    'rnn_hidden_dim': 64,
    'runner': 'episode',
    'runner_log_interval': 10000,
    'save_model': False,
    'save_model_interval': 2000000,
    'save_replay': False,
    'seed': 1,
    't_max': 2050000,
    'target_update_interval': 200,
    'test_greedy': True,
    'test_interval': 10000,
    'test_nepisode': 32,
    'use_cuda': True,
    'use_tensorboard': True}

[INFO 05:48:37] my_main Beginning training for 2050000 timesteps
[INFO 05:48:37] absl Launching SC2: /data/workspace/wxr/pymarl-monotone-qmix/3rdparty/StarCraftII/Versions/Base75689/SC2_x64 -listen 127.0.0.1 -port 43429 -dataDir /data/workspace/wxr/pymarl-monotone-qmix/3rdparty/StarCraftII/ -tempDir /tmp/sc-3b2sd070/
[INFO 05:48:39] absl Connecting to: ws://127.0.0.1:43429/sc2api, attempt: 0, running: True
Version: B75689 (SC2.4.10)
Build: Aug 12 2019 17:16:57
Command Line: '"/data/workspace/wxr/pymarl-monotone-qmix/3rdparty/StarCraftII/Versions/Base75689/SC2_x64" -listen 127.0.0.1 -port 43429 -dataDir /data/workspace/wxr/pymarl-monotone-qmix/3rdparty/StarCraftII/ -tempDir /tmp/sc-3b2sd070/'
Starting up...
Startup Phase 1 complete
[INFO 05:48:40] absl Connecting to: ws://127.0.0.1:43429/sc2api, attempt: 1, running: True
Startup Phase 2 complete
Creating stub renderer...
Listening on: 127.0.0.1:43429
Startup Phase 3 complete. Ready for commands.
[INFO 05:48:41] absl Connecting to: ws://127.0.0.1:43429/sc2api, attempt: 2, running: True
ConnectHandler: Request from 127.0.0.1:48932 accepted
ReadyHandler: 127.0.0.1:48932 ready
Requesting to join a single player game
Configuring interface options
Configure: raw interface enabled
Configure: feature layer interface disabled
Configure: score interface disabled
Configure: render interface disabled
Launching next game.
Next launch phase started: 2
Next launch phase started: 3
Next launch phase started: 4
Next launch phase started: 5
Next launch phase started: 6
Next launch phase started: 7
Next launch phase started: 8
Game has started.
Using default stable ids, none found at: /data/workspace/wxr/pymarl-monotone-qmix/3rdparty/StarCraftII/stableid.json
Successfully loaded stable ids: GameData\stableid.json
Sending ResponseJoinGame
[INFO 05:48:46] my_main t_env: 41 / 2050000
[INFO 05:48:46] my_main Estimated time left: 29 minutes, 10 seconds. Time passed: 8 seconds
DataHandler: unable to parse websocket frame.
CloseHandler: 127.0.0.1:48932 disconnected
QueueResponse: No outstanding requests to this connection, dropping response: observation, id: 11450
[INFO 05:56:04] absl Shutdown gracefully.
[INFO 05:56:04] absl Shutdown with return code: -15
[INFO 05:56:04] absl Launching SC2: /data/workspace/wxr/pymarl-monotone-qmix/3rdparty/StarCraftII/Versions/Base75689/SC2_x64 -listen 127.0.0.1 -port 40289 -dataDir /data/workspace/wxr/pymarl-monotone-qmix/3rdparty/StarCraftII/ -tempDir /tmp/sc-nhdks1rp/
Version: B75689 (SC2.4.10)
Build: Aug 12 2019 17:16:57
Command Line: '"/data/workspace/wxr/pymarl-monotone-qmix/3rdparty/StarCraftII/Versions/Base75689/SC2_x64" -listen 127.0.0.1 -port 40289 -dataDir /data/workspace/wxr/pymarl-monotone-qmix/3rdparty/StarCraftII/ -tempDir /tmp/sc-nhdks1rp/'
[INFO 05:56:05] absl Connecting to: ws://127.0.0.1:40289/sc2api, attempt: 0, running: True
Starting up...
Startup Phase 1 complete
[INFO 05:56:06] absl Connecting to: ws://127.0.0.1:40289/sc2api, attempt: 1, running: True
Startup Phase 2 complete
Creating stub renderer...
Listening on: 127.0.0.1:40289
Startup Phase 3 complete. Ready for commands.
[INFO 05:56:07] absl Connecting to: ws://127.0.0.1:40289/sc2api, attempt: 2, running: True
ConnectHandler: Request from 127.0.0.1:55216 accepted
ReadyHandler: 127.0.0.1:55216 ready
Requesting to join a single player game
Configuring interface options
Configure: raw interface enabled
Configure: feature layer interface disabled
Configure: score interface disabled
Configure: render interface disabled
Launching next game.
Next launch phase started: 2
Next launch phase started: 3
Next launch phase started: 4
Next launch phase started: 5
Next launch phase started: 6
Next launch phase started: 7
Next launch phase started: 8
/data/workspace/mzn/miniconda3/envs/pymarl/lib/python3.9/site-packages/sacred/stdout_capturing.py:179: UserWarning: tee_stdout.wait timeout. Forcibly terminating.
  warnings.warn("tee_stdout.wait timeout. Forcibly terminating.")
/data/workspace/mzn/miniconda3/envs/pymarl/lib/python3.9/site-packages/sacred/stdout_capturing.py:185: UserWarning: tee_stderr.wait timeout. Forcibly terminating.
  warnings.warn("tee_stderr.wait timeout. Forcibly terminating.")
[DEBUG 06:03:55] pymarl Stopping Heartbeat
[ERROR 06:04:51] pymarl Failed after 0:45:13!
Traceback (most recent calls WITHOUT Sacred internals):
  File "/data/workspace/mzn/miniconda3/envs/pymarl/lib/python3.9/site-packages/websocket/_socket.py", line 127, in recv
    bytes_ = _recv()
  File "/data/workspace/mzn/miniconda3/envs/pymarl/lib/python3.9/site-packages/websocket/_socket.py", line 99, in _recv
    return sock.recv(bufsize)
socket.timeout: timed out

During handling of the above exception, another exception occurred:

Traceback (most recent calls WITHOUT Sacred internals):
  File "/data/workspace/mzn/miniconda3/envs/pymarl/lib/python3.9/site-packages/pysc2/lib/protocol.py", line 62, in catch_websocket_connection_errors
    yield
  File "/data/workspace/mzn/miniconda3/envs/pymarl/lib/python3.9/site-packages/pysc2/lib/protocol.py", line 179, in _read
    response_str = self._sock.recv()
  File "/data/workspace/mzn/miniconda3/envs/pymarl/lib/python3.9/site-packages/websocket/_core.py", line 395, in recv
    opcode, data = self.recv_data()
  File "/data/workspace/mzn/miniconda3/envs/pymarl/lib/python3.9/site-packages/websocket/_core.py", line 423, in recv_data
    opcode, frame = self.recv_data_frame(control_frame)
  File "/data/workspace/mzn/miniconda3/envs/pymarl/lib/python3.9/site-packages/websocket/_core.py", line 444, in recv_data_frame
    frame = self.recv_frame()
  File "/data/workspace/mzn/miniconda3/envs/pymarl/lib/python3.9/site-packages/websocket/_core.py", line 485, in recv_frame
    return self.frame_buffer.recv_frame()
  File "/data/workspace/mzn/miniconda3/envs/pymarl/lib/python3.9/site-packages/websocket/_abnf.py", line 375, in recv_frame
    self.recv_header()
  File "/data/workspace/mzn/miniconda3/envs/pymarl/lib/python3.9/site-packages/websocket/_abnf.py", line 329, in recv_header
    header = self.recv_strict(2)
  File "/data/workspace/mzn/miniconda3/envs/pymarl/lib/python3.9/site-packages/websocket/_abnf.py", line 418, in recv_strict
    bytes_ = self.recv(min(16384, shortage))
  File "/data/workspace/mzn/miniconda3/envs/pymarl/lib/python3.9/site-packages/websocket/_core.py", line 581, in _recv
    return recv(self.sock, bufsize)
  File "/data/workspace/mzn/miniconda3/envs/pymarl/lib/python3.9/site-packages/websocket/_socket.py", line 132, in recv
    raise WebSocketTimeoutException(message)
websocket._exceptions.WebSocketTimeoutException: timed out

During handling of the above exception, another exception occurred:

Traceback (most recent calls WITHOUT Sacred internals):
  File "/data/workspace/mzn/miniconda3/envs/pymarl/lib/python3.9/site-packages/pysc2/lib/protocol.py", line 147, in send
    res = self.send_req(req)
  File "/data/workspace/mzn/miniconda3/envs/pymarl/lib/python3.9/site-packages/pysc2/lib/protocol.py", line 127, in send_req
    return self.read()
  File "/data/workspace/mzn/miniconda3/envs/pymarl/lib/python3.9/site-packages/pysc2/lib/stopwatch.py", line 205, in _stopwatch
    return func(*args, **kwargs)
  File "/data/workspace/mzn/miniconda3/envs/pymarl/lib/python3.9/site-packages/pysc2/lib/protocol.py", line 98, in read
    response = self._read()
  File "/data/workspace/mzn/miniconda3/envs/pymarl/lib/python3.9/site-packages/pysc2/lib/protocol.py", line 179, in _read
    response_str = self._sock.recv()
  File "/data/workspace/mzn/miniconda3/envs/pymarl/lib/python3.9/contextlib.py", line 137, in __exit__
    self.gen.throw(typ, value, traceback)
  File "/data/workspace/mzn/miniconda3/envs/pymarl/lib/python3.9/site-packages/pysc2/lib/protocol.py", line 67, in catch_websocket_connection_errors
    raise ConnectionError("Websocket timed out.")
pysc2.lib.protocol.ConnectionError: Websocket timed out.

During handling of the above exception, another exception occurred:

Traceback (most recent calls WITHOUT Sacred internals):
  File "/data/workspace/mzn/miniconda3/envs/pymarl/lib/python3.9/site-packages/smac/env/starcraft2/starcraft2.py", line 421, in reset
    self._obs = self._controller.observe()
  File "/data/workspace/mzn/miniconda3/envs/pymarl/lib/python3.9/site-packages/pysc2/lib/remote_controller.py", line 95, in _valid_status
    return func(self, *args, **kwargs)
  File "/data/workspace/mzn/miniconda3/envs/pymarl/lib/python3.9/site-packages/pysc2/lib/stopwatch.py", line 205, in _stopwatch
    return func(*args, **kwargs)
  File "/data/workspace/mzn/miniconda3/envs/pymarl/lib/python3.9/site-packages/pysc2/lib/remote_controller.py", line 244, in observe
    obs = self._client.send(observation=sc_pb.RequestObservation(
  File "/data/workspace/mzn/miniconda3/envs/pymarl/lib/python3.9/site-packages/pysc2/lib/protocol.py", line 149, in send
    raise ConnectionError("Error during %s: %s" % (name, e))
pysc2.lib.protocol.ConnectionError: Error during observation: Websocket timed out.

During handling of the above exception, another exception occurred:

Traceback (most recent calls WITHOUT Sacred internals):
  File "/data/workspace/mzn/miniconda3/envs/pymarl/lib/python3.9/site-packages/websocket/_socket.py", line 127, in recv
    bytes_ = _recv()
  File "/data/workspace/mzn/miniconda3/envs/pymarl/lib/python3.9/site-packages/websocket/_socket.py", line 99, in _recv
    return sock.recv(bufsize)
socket.timeout: timed out

During handling of the above exception, another exception occurred:

Traceback (most recent calls WITHOUT Sacred internals):
  File "/data/workspace/mzn/miniconda3/envs/pymarl/lib/python3.9/site-packages/pysc2/lib/protocol.py", line 62, in catch_websocket_connection_errors
    yield
  File "/data/workspace/mzn/miniconda3/envs/pymarl/lib/python3.9/site-packages/pysc2/lib/protocol.py", line 179, in _read
    response_str = self._sock.recv()
  File "/data/workspace/mzn/miniconda3/envs/pymarl/lib/python3.9/site-packages/websocket/_core.py", line 395, in recv
    opcode, data = self.recv_data()
  File "/data/workspace/mzn/miniconda3/envs/pymarl/lib/python3.9/site-packages/websocket/_core.py", line 423, in recv_data
    opcode, frame = self.recv_data_frame(control_frame)
  File "/data/workspace/mzn/miniconda3/envs/pymarl/lib/python3.9/site-packages/websocket/_core.py", line 444, in recv_data_frame
    frame = self.recv_frame()
  File "/data/workspace/mzn/miniconda3/envs/pymarl/lib/python3.9/site-packages/websocket/_core.py", line 485, in recv_frame
    return self.frame_buffer.recv_frame()
  File "/data/workspace/mzn/miniconda3/envs/pymarl/lib/python3.9/site-packages/websocket/_abnf.py", line 375, in recv_frame
    self.recv_header()
  File "/data/workspace/mzn/miniconda3/envs/pymarl/lib/python3.9/site-packages/websocket/_abnf.py", line 329, in recv_header
    header = self.recv_strict(2)
  File "/data/workspace/mzn/miniconda3/envs/pymarl/lib/python3.9/site-packages/websocket/_abnf.py", line 418, in recv_strict
    bytes_ = self.recv(min(16384, shortage))
  File "/data/workspace/mzn/miniconda3/envs/pymarl/lib/python3.9/site-packages/websocket/_core.py", line 581, in _recv
    return recv(self.sock, bufsize)
  File "/data/workspace/mzn/miniconda3/envs/pymarl/lib/python3.9/site-packages/websocket/_socket.py", line 132, in recv
    raise WebSocketTimeoutException(message)
websocket._exceptions.WebSocketTimeoutException: timed out

During handling of the above exception, another exception occurred:

Traceback (most recent calls WITHOUT Sacred internals):
  File "/data/workspace/mzn/miniconda3/envs/pymarl/lib/python3.9/site-packages/pysc2/lib/protocol.py", line 147, in send
    res = self.send_req(req)
  File "/data/workspace/mzn/miniconda3/envs/pymarl/lib/python3.9/site-packages/pysc2/lib/protocol.py", line 127, in send_req
    return self.read()
  File "/data/workspace/mzn/miniconda3/envs/pymarl/lib/python3.9/site-packages/pysc2/lib/stopwatch.py", line 205, in _stopwatch
    return func(*args, **kwargs)
  File "/data/workspace/mzn/miniconda3/envs/pymarl/lib/python3.9/site-packages/pysc2/lib/protocol.py", line 98, in read
    response = self._read()
  File "/data/workspace/mzn/miniconda3/envs/pymarl/lib/python3.9/site-packages/pysc2/lib/protocol.py", line 179, in _read
    response_str = self._sock.recv()
  File "/data/workspace/mzn/miniconda3/envs/pymarl/lib/python3.9/contextlib.py", line 137, in __exit__
    self.gen.throw(typ, value, traceback)
  File "/data/workspace/mzn/miniconda3/envs/pymarl/lib/python3.9/site-packages/pysc2/lib/protocol.py", line 67, in catch_websocket_connection_errors
    raise ConnectionError("Websocket timed out.")
pysc2.lib.protocol.ConnectionError: Websocket timed out.

During handling of the above exception, another exception occurred:

Traceback (most recent calls WITHOUT Sacred internals):
  File "/data/workspace/wxr/pymarl-monotone-qmix/src/main.py", line 36, in my_main
    run(_run, config, _log)
  File "/data/workspace/wxr/pymarl-monotone-qmix/src/run.py", line 48, in run
    run_sequential(args=args, logger=logger)
  File "/data/workspace/wxr/pymarl-monotone-qmix/src/run.py", line 166, in run_sequential
    episode_batch = runner.run(test_mode=False)
  File "/data/workspace/wxr/pymarl-monotone-qmix/src/runners/episode_runner.py", line 49, in run
    self.reset()
  File "/data/workspace/wxr/pymarl-monotone-qmix/src/runners/episode_runner.py", line 45, in reset
    self.env.reset()
  File "/data/workspace/mzn/miniconda3/envs/pymarl/lib/python3.9/site-packages/smac/env/starcraft2/starcraft2.py", line 424, in reset
    self.full_restart()
  File "/data/workspace/mzn/miniconda3/envs/pymarl/lib/python3.9/site-packages/smac/env/starcraft2/starcraft2.py", line 449, in full_restart
    self._launch()
  File "/data/workspace/mzn/miniconda3/envs/pymarl/lib/python3.9/site-packages/smac/env/starcraft2/starcraft2.py", line 348, in _launch
    self._controller.join_game(join)
  File "/data/workspace/mzn/miniconda3/envs/pymarl/lib/python3.9/site-packages/pysc2/lib/remote_controller.py", line 95, in _valid_status
    return func(self, *args, **kwargs)
  File "/data/workspace/mzn/miniconda3/envs/pymarl/lib/python3.9/site-packages/pysc2/lib/remote_controller.py", line 70, in _check_error
    return check_error(func(*args, **kwargs), error_enum)
  File "/data/workspace/mzn/miniconda3/envs/pymarl/lib/python3.9/site-packages/pysc2/lib/stopwatch.py", line 205, in _stopwatch
    return func(*args, **kwargs)
  File "/data/workspace/mzn/miniconda3/envs/pymarl/lib/python3.9/site-packages/pysc2/lib/remote_controller.py", line 205, in join_game
    return self._client.send(join_game=req_join_game)
  File "/data/workspace/mzn/miniconda3/envs/pymarl/lib/python3.9/site-packages/pysc2/lib/protocol.py", line 149, in send
    raise ConnectionError("Error during %s: %s" % (name, e))
pysc2.lib.protocol.ConnectionError: Error during join_game: Websocket timed out.

[INFO 06:09:30] absl Shutdown gracefully.
[INFO 06:09:30] absl Shutdown with return code: -15
