[info] CUDA_VISIBLE_DEVICES=5
/data/workspace/mzn/miniconda3/envs/pymarl/lib/python3.9/site-packages/sacred/dependencies.py:11: UserWarning: pkg_resources is deprecated as an API. See https://setuptools.pypa.io/en/latest/pkg_resources.html. The pkg_resources package is slated for removal as early as 2025-11-30. Refrain from using this package or pin to Setuptools<81.
  import pkg_resources
[DEBUG 15:21:09] git.cmd Popen(['git', 'version'], cwd=/data/workspace/wxr/pymarl-monotone-qmix, stdin=None, shell=False, universal_newlines=False)
[DEBUG 15:21:09] git.cmd Popen(['git', 'version'], cwd=/data/workspace/wxr/pymarl-monotone-qmix, stdin=None, shell=False, universal_newlines=False)
[DEBUG 15:21:09] git.util sys.platform='linux', git_executable='git'
[DEBUG 15:21:09] git.cmd Popen(['git', 'diff', '--cached', '--abbrev=40', '--full-index', '--raw'], cwd=/data/workspace/wxr/pymarl-monotone-qmix, stdin=None, shell=False, universal_newlines=False)
[DEBUG 15:21:09] git.cmd Popen(['git', 'diff', '--abbrev=40', '--full-index', '--raw'], cwd=/data/workspace/wxr/pymarl-monotone-qmix, stdin=None, shell=False, universal_newlines=False)
[DEBUG 15:21:09] git.cmd Popen(['git', 'cat-file', '--batch-check'], cwd=/data/workspace/wxr/pymarl-monotone-qmix, stdin=<valid stream>, shell=False, universal_newlines=False)
[DEBUG 15:21:09] git.util sys.platform='linux', git_executable='git'
[DEBUG 15:21:09] git.cmd Popen(['git', 'diff', '--cached', '--abbrev=40', '--full-index', '--raw'], cwd=/data/workspace/wxr/pymarl-monotone-qmix, stdin=None, shell=False, universal_newlines=False)
[DEBUG 15:21:09] git.cmd Popen(['git', 'diff', '--abbrev=40', '--full-index', '--raw'], cwd=/data/workspace/wxr/pymarl-monotone-qmix, stdin=None, shell=False, universal_newlines=False)
[DEBUG 15:21:09] git.cmd Popen(['git', 'cat-file', '--batch-check'], cwd=/data/workspace/wxr/pymarl-monotone-qmix, stdin=<valid stream>, shell=False, universal_newlines=False)
[DEBUG 15:21:09] git.util sys.platform='linux', git_executable='git'
[DEBUG 15:21:09] git.cmd Popen(['git', 'diff', '--cached', '--abbrev=40', '--full-index', '--raw'], cwd=/data/workspace/wxr/pymarl-monotone-qmix, stdin=None, shell=False, universal_newlines=False)
[DEBUG 15:21:09] git.cmd Popen(['git', 'diff', '--abbrev=40', '--full-index', '--raw'], cwd=/data/workspace/wxr/pymarl-monotone-qmix, stdin=None, shell=False, universal_newlines=False)
[DEBUG 15:21:09] git.cmd Popen(['git', 'cat-file', '--batch-check'], cwd=/data/workspace/wxr/pymarl-monotone-qmix, stdin=<valid stream>, shell=False, universal_newlines=False)
[INFO 15:21:09] root Saving to FileStorageObserver in /data/workspace/wxr/pymarl-monotone-qmix/results/sacred/hll.
[DEBUG 15:21:10] pymarl Using capture mode "fd"
[INFO 15:21:10] pymarl Running command 'my_main'
[INFO 15:21:10] pymarl Started run with ID "2"
[DEBUG 15:21:10] pymarl Starting Heartbeat
[DEBUG 15:21:10] my_main Started
[INFO 15:21:10] my_main Experiment Parameters:
[INFO 15:21:10] my_main 

{   'action_selector': 'epsilon_greedy',
    'agent': 'rnn',
    'agent_output_type': 'q',
    'batch_size': 32,
    'batch_size_run': 1,
    'buffer_cpu_only': True,
    'buffer_size': 5000,
    'checkpoint_path': '',
    'critic_lr': 0.0005,
    'double_q': True,
    'env': 'sc2',
    'env_args': {   'continuing_episode': False,
                    'debug': False,
                    'difficulty': '7',
                    'game_version': None,
                    'heuristic_ai': False,
                    'heuristic_rest': False,
                    'map_name': 'MMM2',
                    'move_amount': 2,
                    'obs_all_health': True,
                    'obs_instead_of_state': False,
                    'obs_last_action': False,
                    'obs_own_health': True,
                    'obs_pathing_grid': False,
                    'obs_terrain_height': False,
                    'obs_timestep_number': False,
                    'replay_dir': '',
                    'replay_prefix': '',
                    'reward_death_value': 10,
                    'reward_defeat': 0,
                    'reward_negative_scale': 0.5,
                    'reward_only_positive': True,
                    'reward_scale': True,
                    'reward_scale_rate': 20,
                    'reward_sparse': False,
                    'reward_win': 200,
                    'seed': 141,
                    'state_last_action': True,
                    'state_timestep_number': False,
                    'step_mul': 8},
    'epsilon_anneal_time': 50000,
    'epsilon_finish': 0.05,
    'epsilon_start': 1.0,
    'evaluate': False,
    'gamma': 0.99,
    'grad_norm_clip': 10,
    'hll_aux_activation': 'relu',
    'hll_aux_depth': 2,
    'hll_aux_hidden_dim': 64,
    'hll_aux_output_bias_init': -2.0,
    'hll_lattice_size': 2,
    'hll_lattice_size_by_map': {   '3s_vs_5z': 6,
                                   'MMM2': 2},
    'hll_max_vertices': 4096,
    'hll_min_output_scale': 0.001,
    'hll_q_residual_mode': 'sum',
    'hll_q_residual_mode_by_map': {   '3s_vs_5z': 'sum',
                                      'MMM2': 'mean'},
    'hll_q_residual_scale': 0.5,
    'hll_q_residual_scale_by_map': {   '3s_vs_5z': 0.5,
                                       'MMM2': 0.5},
    'hll_q_temperature': 1.0,
    'hll_q_temperature_by_map': {   '3s_vs_5z': 2.0,
                                    'MMM2': 1.0},
    'hll_scale_activation': 'relu',
    'hll_scale_hidden_dim': 32,
    'hll_state_value_activation': 'relu',
    'hll_state_value_dim': 32,
    'label': 'default_label',
    'learner': 'q_learner',
    'learner_log_interval': 10000,
    'load_step': 0,
    'local_results_path': 'results',
    'log_interval': 10000,
    'lr': 0.0005,
    'mac': 'basic_mac',
    'mixer': 'hll',
    'name': 'hll_mmm2_seed141',
    'obs_agent_id': True,
    'obs_last_action': True,
    'optim_alpha': 0.99,
    'optim_eps': 1e-05,
    'repeat_id': 1,
    'rnn_hidden_dim': 64,
    'runner': 'episode',
    'runner_log_interval': 10000,
    'save_model': False,
    'save_model_interval': 2000000,
    'save_replay': False,
    'seed': 141,
    't_max': 2050000,
    'target_update_interval': 200,
    'test_greedy': True,
    'test_interval': 10000,
    'test_nepisode': 32,
    'use_cuda': True,
    'use_tensorboard': True}

[INFO 15:21:18] my_main Beginning training for 2050000 timesteps
[INFO 15:21:18] absl Launching SC2: /data/workspace/wxr/pymarl-monotone-qmix/3rdparty/StarCraftII/Versions/Base75689/SC2_x64 -listen 127.0.0.1 -port 35015 -dataDir /data/workspace/wxr/pymarl-monotone-qmix/3rdparty/StarCraftII/ -tempDir /tmp/sc-wtzyvt7t/
[INFO 15:21:19] absl Connecting to: ws://127.0.0.1:35015/sc2api, attempt: 0, running: True
Version: B75689 (SC2.4.10)
Build: Aug 12 2019 17:16:57
Command Line: '"/data/workspace/wxr/pymarl-monotone-qmix/3rdparty/StarCraftII/Versions/Base75689/SC2_x64" -listen 127.0.0.1 -port 35015 -dataDir /data/workspace/wxr/pymarl-monotone-qmix/3rdparty/StarCraftII/ -tempDir /tmp/sc-wtzyvt7t/'
Starting up...
Startup Phase 1 complete
[INFO 15:21:20] absl Connecting to: ws://127.0.0.1:35015/sc2api, attempt: 1, running: True
Startup Phase 2 complete
Creating stub renderer...
Listening on: 127.0.0.1:35015
Startup Phase 3 complete. Ready for commands.
[INFO 15:21:21] absl Connecting to: ws://127.0.0.1:35015/sc2api, attempt: 2, running: True
ConnectHandler: Request from 127.0.0.1:55382 accepted
ReadyHandler: 127.0.0.1:55382 ready
Requesting to join a single player game
Configuring interface options
Configure: raw interface enabled
Configure: feature layer interface disabled
Configure: score interface disabled
Configure: render interface disabled
Launching next game.
Next launch phase started: 2
Next launch phase started: 3
Next launch phase started: 4
Next launch phase started: 5
Next launch phase started: 6
Next launch phase started: 7
Next launch phase started: 8
Game has started.
Using default stable ids, none found at: /data/workspace/wxr/pymarl-monotone-qmix/3rdparty/StarCraftII/stableid.json
Successfully loaded stable ids: GameData\stableid.json
Sending ResponseJoinGame
[INFO 15:21:26] my_main t_env: 36 / 2050000
[INFO 15:21:26] my_main Estimated time left: 26 minutes, 5 seconds. Time passed: 7 seconds
[INFO 15:23:23] my_main Updated target network
[INFO 15:23:58] my_main Recent Stats | t_env:      10014 | Episode:      264
battle_won_mean:           0.0000	dead_allies_mean:         10.0000	dead_enemies_mean:         0.0000	ep_length_mean:           36.0000
epsilon:                   1.0000	grad_norm:                 0.5693	loss:                      0.0180	q_taken_mean:              0.0091
return_mean:               1.1640	return_std:                0.0000	target_mean:               0.0194	td_error_abs:              0.1067
test_battle_won_mean:      0.0000	test_dead_allies_mean:     9.4688	test_dead_enemies_mean:    0.3438	test_ep_length_mean:      84.5000
test_return_mean:          2.0919	test_return_std:           0.6387	
[INFO 15:23:59] my_main t_env: 10098 / 2050000
[INFO 15:23:59] my_main Estimated time left: 8 hours, 36 minutes, 29 seconds. Time passed: 2 minutes, 40 seconds
[INFO 15:25:49] my_main Updated target network
[INFO 15:27:03] my_main Recent Stats | t_env:      20023 | Episode:      539
battle_won_mean:           0.0000	dead_allies_mean:          9.9489	dead_enemies_mean:         0.0000	ep_length_mean:           37.0568
epsilon:                   0.8097	grad_norm:                 0.3083	loss:                      0.0106	q_taken_mean:              0.0167
return_mean:               1.5421	return_std:                0.2060	target_mean:               0.0224	td_error_abs:              0.0740
test_battle_won_mean:      0.0000	test_dead_allies_mean:     9.0469	test_dead_enemies_mean:    0.2656	test_ep_length_mean:     132.2500
test_return_mean:          2.4503	test_return_std:           0.6358	
[INFO 15:27:05] my_main t_env: 20125 / 2050000
[INFO 15:27:05] my_main Estimated time left: 10 hours, 26 minutes, 9 seconds. Time passed: 5 minutes, 46 seconds
[INFO 15:27:52] my_main Updated target network
[INFO 15:29:33] my_main Updated target network
[INFO 15:30:24] my_main Recent Stats | t_env:      30036 | Episode:      909
battle_won_mean:           0.0000	dead_allies_mean:          9.8323	dead_enemies_mean:         0.0132	ep_length_mean:           36.7707
epsilon:                   0.6183	grad_norm:                 0.2113	loss:                      0.0081	q_taken_mean:              0.0225
return_mean:               1.7751	return_std:                0.3027	target_mean:               0.0262	td_error_abs:              0.0630
test_battle_won_mean:      0.0000	test_dead_allies_mean:     9.0729	test_dead_enemies_mean:    0.7917	test_ep_length_mean:     120.8333
test_return_mean:          3.0711	test_return_std:           0.8075	
[INFO 15:30:25] my_main t_env: 30133 / 2050000
[INFO 15:30:25] my_main Estimated time left: 11 hours, 14 minutes, 58 seconds. Time passed: 9 minutes, 6 seconds
[INFO 15:31:15] my_main Updated target network
[INFO 15:32:50] my_main Updated target network
[INFO 15:33:24] my_main Recent Stats | t_env:      40046 | Episode:     1270
battle_won_mean:           0.0000	dead_allies_mean:          9.6714	dead_enemies_mean:         0.0921	ep_length_mean:           34.3220
epsilon:                   0.4279	grad_norm:                 0.1842	loss:                      0.0075	q_taken_mean:              0.0304
return_mean:               2.0119	return_std:                0.3969	target_mean:               0.0336	td_error_abs:              0.0614
test_battle_won_mean:      0.0000	test_dead_allies_mean:     9.0781	test_dead_enemies_mean:    1.0547	test_ep_length_mean:      97.4453
test_return_mean:          3.5825	test_return_std:           0.8020	
[INFO 15:33:25] my_main t_env: 40161 / 2050000
[INFO 15:33:25] my_main Estimated time left: 10 hours, 1 minutes, 3 seconds. Time passed: 12 minutes, 6 seconds
[INFO 15:34:43] my_main Updated target network
[INFO 15:35:54] my_main Recent Stats | t_env:      50075 | Episode:     1549
battle_won_mean:           0.0000	dead_allies_mean:          9.5944	dead_enemies_mean:         0.2587	ep_length_mean:           33.0287
epsilon:                   0.2377	grad_norm:                 0.1510	loss:                      0.0075	q_taken_mean:              0.0431
return_mean:               2.3730	return_std:                0.5183	target_mean:               0.0456	td_error_abs:              0.0616
test_battle_won_mean:      0.0000	test_dead_allies_mean:     9.1062	test_dead_enemies_mean:    1.2812	test_ep_length_mean:      86.3812
test_return_mean:          4.0256	test_return_std:           0.7810	
[INFO 15:35:56] my_main t_env: 50178 / 2050000
[INFO 15:35:56] my_main Estimated time left: 8 hours, 21 minutes, 14 seconds. Time passed: 14 minutes, 37 seconds
RequestQuit command received.
Closing Application...
DataHandler: unable to parse websocket frame.
CloseHandler: 127.0.0.1:55382 disconnected
[INFO 15:36:04] absl Shutdown gracefully.
[INFO 15:36:04] absl Shutdown with return code: -15
[INFO 15:36:04] absl Launching SC2: /data/workspace/wxr/pymarl-monotone-qmix/3rdparty/StarCraftII/Versions/Base75689/SC2_x64 -listen 127.0.0.1 -port 46793 -dataDir /data/workspace/wxr/pymarl-monotone-qmix/3rdparty/StarCraftII/ -tempDir /tmp/sc-0e0sty5v/
Version: B75689 (SC2.4.10)
Build: Aug 12 2019 17:16:57
Command Line: '"/data/workspace/wxr/pymarl-monotone-qmix/3rdparty/StarCraftII/Versions/Base75689/SC2_x64" -listen 127.0.0.1 -port 46793 -dataDir /data/workspace/wxr/pymarl-monotone-qmix/3rdparty/StarCraftII/ -tempDir /tmp/sc-0e0sty5v/'
[INFO 15:36:04] absl Connecting to: ws://127.0.0.1:46793/sc2api, attempt: 0, running: True
Starting up...
Startup Phase 1 complete
[INFO 15:36:05] absl Connecting to: ws://127.0.0.1:46793/sc2api, attempt: 1, running: True
Startup Phase 2 complete
Creating stub renderer...
Listening on: 127.0.0.1:46793
Startup Phase 3 complete. Ready for commands.
[INFO 15:36:06] absl Connecting to: ws://127.0.0.1:46793/sc2api, attempt: 2, running: True
ConnectHandler: Request from 127.0.0.1:54198 accepted
ReadyHandler: 127.0.0.1:54198 ready
Requesting to join a single player game
Configuring interface options
Configure: raw interface enabled
Configure: feature layer interface disabled
Configure: score interface disabled
Configure: render interface disabled
Launching next game.
Next launch phase started: 2
Next launch phase started: 3
Next launch phase started: 4
Next launch phase started: 5
Next launch phase started: 6
Next launch phase started: 7
Next launch phase started: 8
Game has started.
Using default stable ids, none found at: /data/workspace/wxr/pymarl-monotone-qmix/3rdparty/StarCraftII/stableid.json
Successfully loaded stable ids: GameData\stableid.json
Sending ResponseJoinGame
[INFO 15:36:37] my_main Updated target network
[INFO 15:38:14] my_main t_env: 60189 / 2050000
[INFO 15:38:14] my_main Estimated time left: 7 hours, 37 minutes, 55 seconds. Time passed: 16 minutes, 55 seconds
[INFO 15:38:23] my_main Recent Stats | t_env:      60189 | Episode:     1787
battle_won_mean:           0.0000	dead_allies_mean:          9.4043	dead_enemies_mean:         1.1680	ep_length_mean:           33.9066
epsilon:                   0.0500	grad_norm:                 0.0728	loss:                      0.0061	q_taken_mean:              0.0621
return_mean:               4.0274	return_std:                0.8404	target_mean:               0.0633	td_error_abs:              0.0557
test_battle_won_mean:      0.0000	test_dead_allies_mean:     9.2438	test_dead_enemies_mean:    2.2250	test_ep_length_mean:      50.0187
test_return_mean:          5.4575	test_return_std:           1.1314	
[INFO 15:38:30] my_main Updated target network
[INFO 15:40:17] my_main Updated target network
[INFO 15:40:28] my_main t_env: 70194 / 2050000
[INFO 15:40:28] my_main Estimated time left: 7 hours, 23 minutes, 27 seconds. Time passed: 19 minutes, 10 seconds
[INFO 15:40:39] my_main Recent Stats | t_env:      70194 | Episode:     2024
battle_won_mean:           0.0000	dead_allies_mean:          9.3984	dead_enemies_mean:         1.7213	ep_length_mean:           35.1099
epsilon:                   0.0500	grad_norm:                 0.0993	loss:                      0.0078	q_taken_mean:              0.0831
return_mean:               4.8176	return_std:                0.9425	target_mean:               0.0835	td_error_abs:              0.0626
test_battle_won_mean:      0.0000	test_dead_allies_mean:     9.3438	test_dead_enemies_mean:    2.5187	test_ep_length_mean:      39.0562
test_return_mean:          5.9525	test_return_std:           1.1492	
[INFO 15:44:37] my_main t_env: 80233 / 2050000
[INFO 15:44:37] my_main Estimated time left: 13 hours, 34 minutes, 15 seconds. Time passed: 23 minutes, 19 seconds
[INFO 15:44:48] my_main Recent Stats | t_env:      80233 | Episode:     2200
battle_won_mean:           0.0000	dead_allies_mean:          9.4925	dead_enemies_mean:         2.2146	ep_length_mean:           41.1227
epsilon:                   0.0500	grad_norm:                 0.1011	loss:                      0.0101	q_taken_mean:              0.1062
return_mean:               5.5521	return_std:                1.0181	target_mean:               0.1067	td_error_abs:              0.0715
test_battle_won_mean:      0.0000	test_dead_allies_mean:     9.4313	test_dead_enemies_mean:    2.8563	test_ep_length_mean:      43.9875
test_return_mean:          6.3467	test_return_std:           1.2833	
[INFO 15:44:49] my_main Updated target network
[DEBUG 15:46:45] pymarl Stopping Heartbeat
[WARNING 15:46:45] pymarl Aborted after 0:25:34!
Traceback (most recent call last):
  File "/data/workspace/wxr/pymarl-monotone-qmix/src/main.py", line 100, in <module>
    ex.run_commandline(params)
  File "/data/workspace/mzn/miniconda3/envs/pymarl/lib/python3.9/site-packages/sacred/experiment.py", line 313, in run_commandline
    return self.run(
  File "/data/workspace/mzn/miniconda3/envs/pymarl/lib/python3.9/site-packages/sacred/experiment.py", line 277, in run
    run()
  File "/data/workspace/mzn/miniconda3/envs/pymarl/lib/python3.9/site-packages/sacred/run.py", line 238, in __call__
    self.result = self.main_function(*args)
  File "/data/workspace/mzn/miniconda3/envs/pymarl/lib/python3.9/site-packages/sacred/config/captured_function.py", line 42, in captured_function
    result = wrapped(*args, **kwargs)
  File "/data/workspace/wxr/pymarl-monotone-qmix/src/main.py", line 36, in my_main
    run(_run, config, _log)
  File "/data/workspace/wxr/pymarl-monotone-qmix/src/run.py", line 48, in run
    run_sequential(args=args, logger=logger)
  File "/data/workspace/wxr/pymarl-monotone-qmix/src/run.py", line 179, in run_sequential
    learner.train(episode_sample, runner.t_env, episode)
  File "/data/workspace/wxr/pymarl-monotone-qmix/src/learners/q_learner.py", line 105, in train
    loss.backward()
  File "/data/workspace/mzn/miniconda3/envs/pymarl/lib/python3.9/site-packages/torch/_tensor.py", line 647, in backward
    torch.autograd.backward(
  File "/data/workspace/mzn/miniconda3/envs/pymarl/lib/python3.9/site-packages/torch/autograd/__init__.py", line 354, in backward
    _engine_run_backward(
  File "/data/workspace/mzn/miniconda3/envs/pymarl/lib/python3.9/site-packages/torch/autograd/graph.py", line 829, in _engine_run_backward
    return Variable._execution_engine.run_backward(  # Calls into the C++ engine to run the backward pass
KeyboardInterrupt
[INFO 15:46:45] absl Shutdown gracefully.
[INFO 15:46:45] absl Shutdown with return code: -2
