[info] CUDA_VISIBLE_DEVICES=3
/data/workspace/mzn/miniconda3/envs/pymarl/lib/python3.9/site-packages/sacred/dependencies.py:11: UserWarning: pkg_resources is deprecated as an API. See https://setuptools.pypa.io/en/latest/pkg_resources.html. The pkg_resources package is slated for removal as early as 2025-11-30. Refrain from using this package or pin to Setuptools<81.
  import pkg_resources
[DEBUG 16:59:18] git.cmd Popen(['git', 'version'], cwd=/data/workspace/wxr/pymarl-monotone-qmix, stdin=None, shell=False, universal_newlines=False)
[DEBUG 16:59:18] git.cmd Popen(['git', 'version'], cwd=/data/workspace/wxr/pymarl-monotone-qmix, stdin=None, shell=False, universal_newlines=False)
[DEBUG 16:59:18] git.util sys.platform='linux', git_executable='git'
[DEBUG 16:59:18] git.cmd Popen(['git', 'diff', '--cached', '--abbrev=40', '--full-index', '--raw'], cwd=/data/workspace/wxr/pymarl-monotone-qmix, stdin=None, shell=False, universal_newlines=False)
[DEBUG 16:59:18] git.cmd Popen(['git', 'diff', '--abbrev=40', '--full-index', '--raw'], cwd=/data/workspace/wxr/pymarl-monotone-qmix, stdin=None, shell=False, universal_newlines=False)
[DEBUG 16:59:18] git.cmd Popen(['git', 'cat-file', '--batch-check'], cwd=/data/workspace/wxr/pymarl-monotone-qmix, stdin=<valid stream>, shell=False, universal_newlines=False)
[DEBUG 16:59:18] git.util sys.platform='linux', git_executable='git'
[DEBUG 16:59:18] git.cmd Popen(['git', 'diff', '--cached', '--abbrev=40', '--full-index', '--raw'], cwd=/data/workspace/wxr/pymarl-monotone-qmix, stdin=None, shell=False, universal_newlines=False)
[DEBUG 16:59:18] git.cmd Popen(['git', 'diff', '--abbrev=40', '--full-index', '--raw'], cwd=/data/workspace/wxr/pymarl-monotone-qmix, stdin=None, shell=False, universal_newlines=False)
[DEBUG 16:59:18] git.cmd Popen(['git', 'cat-file', '--batch-check'], cwd=/data/workspace/wxr/pymarl-monotone-qmix, stdin=<valid stream>, shell=False, universal_newlines=False)
[DEBUG 16:59:18] git.util sys.platform='linux', git_executable='git'
[DEBUG 16:59:18] git.cmd Popen(['git', 'diff', '--cached', '--abbrev=40', '--full-index', '--raw'], cwd=/data/workspace/wxr/pymarl-monotone-qmix, stdin=None, shell=False, universal_newlines=False)
[DEBUG 16:59:18] git.cmd Popen(['git', 'diff', '--abbrev=40', '--full-index', '--raw'], cwd=/data/workspace/wxr/pymarl-monotone-qmix, stdin=None, shell=False, universal_newlines=False)
[DEBUG 16:59:18] git.cmd Popen(['git', 'cat-file', '--batch-check'], cwd=/data/workspace/wxr/pymarl-monotone-qmix, stdin=<valid stream>, shell=False, universal_newlines=False)
[INFO 16:59:18] root Saving to FileStorageObserver in /data/workspace/wxr/pymarl-monotone-qmix/results/sacred/monokan.
[DEBUG 16:59:19] pymarl Using capture mode "fd"
[INFO 16:59:19] pymarl Running command 'my_main'
[INFO 16:59:19] pymarl Started run with ID "18"
[DEBUG 16:59:19] pymarl Starting Heartbeat
[DEBUG 16:59:19] my_main Started
[INFO 16:59:19] my_main Experiment Parameters:
[INFO 16:59:19] my_main 

{   'action_selector': 'epsilon_greedy',
    'agent': 'rnn',
    'agent_output_type': 'q',
    'batch_size': 32,
    'batch_size_run': 1,
    'buffer_cpu_only': True,
    'buffer_size': 5000,
    'checkpoint_path': '',
    'critic_lr': 0.0005,
    'double_q': True,
    'env': 'sc2',
    'env_args': {   'continuing_episode': False,
                    'debug': False,
                    'difficulty': '7',
                    'game_version': None,
                    'heuristic_ai': False,
                    'heuristic_rest': False,
                    'map_name': '2c_vs_64zg',
                    'move_amount': 2,
                    'obs_all_health': True,
                    'obs_instead_of_state': False,
                    'obs_last_action': False,
                    'obs_own_health': True,
                    'obs_pathing_grid': False,
                    'obs_terrain_height': False,
                    'obs_timestep_number': False,
                    'replay_dir': '',
                    'replay_prefix': '',
                    'reward_death_value': 10,
                    'reward_defeat': 0,
                    'reward_negative_scale': 0.5,
                    'reward_only_positive': True,
                    'reward_scale': True,
                    'reward_scale_rate': 20,
                    'reward_sparse': False,
                    'reward_win': 200,
                    'seed': 141,
                    'state_last_action': True,
                    'state_timestep_number': False,
                    'step_mul': 8},
    'epsilon_anneal_time': 50000,
    'epsilon_finish': 0.05,
    'epsilon_start': 1.0,
    'evaluate': False,
    'gamma': 0.99,
    'grad_norm_clip': 10,
    'label': 'default_label',
    'learner': 'q_learner',
    'learner_log_interval': 10000,
    'load_step': 0,
    'local_results_path': 'results',
    'log_interval': 10000,
    'lr': 0.0005,
    'mac': 'basic_mac',
    'mixer': 'monokan',
    'monokan_grid': 7,
    'monokan_grid_by_map': {   '1c3s5z': 7,
                               '27m_vs_30m': 7,
                               '2c_vs_64zg': 9,
                               '2s3z': 7,
                               '3s5z': 7,
                               '3s_vs_5z': 7,
                               '5m_vs_6m': 7,
                               'MMM2': 7,
                               'bane_vs_bane': 7},
    'monokan_grid_max': 1.0,
    'monokan_grid_min': -1.0,
    'monokan_hidden_dim': 32,
    'monokan_hidden_dim_by_map': {   '1c3s5z': 32,
                                     '27m_vs_30m': 32,
                                     '2c_vs_64zg': 32,
                                     '2s3z': 32,
                                     '3s5z': 32,
                                     '3s_vs_5z': 32,
                                     '5m_vs_6m': 32,
                                     'MMM2': 32,
                                     'bane_vs_bane': 32},
    'monokan_min_increment': 0.0001,
    'monokan_noise_scale': 0.02,
    'monokan_q_residual_input': 'raw',
    'monokan_q_residual_input_by_map': {   '1c3s5z': 'raw',
                                           '27m_vs_30m': 'raw',
                                           '2c_vs_64zg': 'raw',
                                           '2s3z': 'raw',
                                           '3s5z': 'raw',
                                           '3s_vs_5z': 'raw',
                                           '5m_vs_6m': 'raw',
                                           'MMM2': 'tanh',
                                           'bane_vs_bane': 'raw'},
    'monokan_q_residual_mode': 'sum',
    'monokan_q_residual_mode_by_map': {   '1c3s5z': 'mean',
                                          '27m_vs_30m': 'mean',
                                          '2c_vs_64zg': 'sum',
                                          '2s3z': 'mean',
                                          '3s5z': 'mean',
                                          '3s_vs_5z': 'sum',
                                          '5m_vs_6m': 'mean',
                                          'MMM2': 'mean',
                                          'bane_vs_bane': 'mean'},
    'monokan_q_residual_scale': 0.5,
    'monokan_q_residual_scale_by_map': {   '1c3s5z': 0.0,
                                           '27m_vs_30m': 0.0,
                                           '2c_vs_64zg': 0.0,
                                           '2s3z': 0.0,
                                           '3s5z': 0.0,
                                           '3s_vs_5z': 0.5,
                                           '5m_vs_6m': 0.0,
                                           'MMM2': 0.0,
                                           'bane_vs_bane': 0.0},
    'monokan_q_temperature': 1.0,
    'monokan_q_temperature_by_map': {   '1c3s5z': 1.0,
                                        '27m_vs_30m': 1.0,
                                        '2c_vs_64zg': 1.0,
                                        '2s3z': 1.0,
                                        '3s5z': 1.0,
                                        '3s_vs_5z': 1.0,
                                        '5m_vs_6m': 1.0,
                                        'MMM2': 1.0,
                                        'bane_vs_bane': 1.0},
    'monokan_state_activation': 'silu',
    'monokan_state_embed_dim': 32,
    'monokan_state_embed_dim_by_map': {   '1c3s5z': 32,
                                          '27m_vs_30m': 64,
                                          '2c_vs_64zg': 64,
                                          '2s3z': 32,
                                          '3s5z': 32,
                                          '3s_vs_5z': 32,
                                          '5m_vs_6m': 32,
                                          'MMM2': 32,
                                          'bane_vs_bane': 64},
    'monokan_state_encoder_depth': 1,
    'monokan_state_value_activation': 'relu',
    'monokan_state_value_dim': 32,
    'name': 'monokan_2c_vs_64zg_seed141',
    'obs_agent_id': True,
    'obs_last_action': True,
    'optim_alpha': 0.99,
    'optim_eps': 1e-05,
    'repeat_id': 1,
    'rnn_hidden_dim': 64,
    'runner': 'episode',
    'runner_log_interval': 10000,
    'save_model': False,
    'save_model_interval': 2000000,
    'save_replay': False,
    'seed': 141,
    't_max': 2050000,
    'target_update_interval': 200,
    'test_greedy': True,
    'test_interval': 10000,
    'test_nepisode': 32,
    'use_cuda': True,
    'use_tensorboard': True}

[INFO 16:59:28] my_main Beginning training for 2050000 timesteps
[INFO 16:59:28] absl Launching SC2: /data/workspace/wxr/pymarl-monotone-qmix/3rdparty/StarCraftII/Versions/Base75689/SC2_x64 -listen 127.0.0.1 -port 37011 -dataDir /data/workspace/wxr/pymarl-monotone-qmix/3rdparty/StarCraftII/ -tempDir /tmp/sc-gvy8nv8g/
[INFO 16:59:29] absl Connecting to: ws://127.0.0.1:37011/sc2api, attempt: 0, running: True
Version: B75689 (SC2.4.10)
Build: Aug 12 2019 17:16:57
Command Line: '"/data/workspace/wxr/pymarl-monotone-qmix/3rdparty/StarCraftII/Versions/Base75689/SC2_x64" -listen 127.0.0.1 -port 37011 -dataDir /data/workspace/wxr/pymarl-monotone-qmix/3rdparty/StarCraftII/ -tempDir /tmp/sc-gvy8nv8g/'
Starting up...
Startup Phase 1 complete
Startup Phase 2 complete
Creating stub renderer...
Listening on: 127.0.0.1:37011
Startup Phase 3 complete. Ready for commands.
ConnectHandler: Request from 127.0.0.1:49248 accepted
ReadyHandler: 127.0.0.1:49248 ready
Requesting to join a single player game
Configuring interface options
Configure: raw interface enabled
Configure: feature layer interface disabled
Configure: score interface disabled
Configure: render interface disabled
Launching next game.
Next launch phase started: 2
Next launch phase started: 3
Next launch phase started: 4
Next launch phase started: 5
Next launch phase started: 6
Next launch phase started: 7
Next launch phase started: 8
Game has started.
Using default stable ids, none found at: /data/workspace/wxr/pymarl-monotone-qmix/3rdparty/StarCraftII/stableid.json
Successfully loaded stable ids: GameData\stableid.json
Sending ResponseJoinGame
Deferred error: 536936448 (0x20010000)
Deferred error details: Bad profiling data. TimeMS: 12608944.000000 Conversion: 1.000000e-03
[INFO 16:59:37] my_main t_env: 36 / 2050000
[INFO 16:59:37] my_main Estimated time left: 30 minutes, 20 seconds. Time passed: 8 seconds
[INFO 17:03:05] my_main Updated target network
[INFO 17:04:50] my_main Recent Stats | t_env:      10011 | Episode:      306
battle_won_mean:           0.0000	dead_allies_mean:          2.0000	dead_enemies_mean:        17.0000	ep_length_mean:           36.0000
epsilon:                   1.0000	grad_norm:                 1.8854	loss:                      0.2336	q_taken_mean:             -0.0200
return_mean:               9.3141	return_std:                0.0000	target_mean:               0.1435	td_error_abs:              0.3282
test_battle_won_mean:      0.0000	test_dead_allies_mean:     2.0000	test_dead_enemies_mean:   38.2812	test_ep_length_mean:      41.5312
test_return_mean:         13.9913	test_return_std:           2.3328	
[INFO 17:04:55] my_main t_env: 10041 / 2050000
[INFO 17:04:55] my_main Estimated time left: 18 hours, 11 seconds. Time passed: 5 minutes, 26 seconds
[INFO 17:06:46] my_main Updated target network
[INFO 17:09:58] my_main Updated target network
[INFO 17:10:04] my_main Recent Stats | t_env:      20031 | Episode:      608
battle_won_mean:           0.0000	dead_allies_mean:          2.0000	dead_enemies_mean:        18.3529	ep_length_mean:           34.3480
epsilon:                   0.8098	grad_norm:                 1.4232	loss:                      0.1653	q_taken_mean:              0.1757
return_mean:               9.5591	return_std:                0.7781	target_mean:               0.2271	td_error_abs:              0.2931
test_battle_won_mean:      0.0000	test_dead_allies_mean:     2.0000	test_dead_enemies_mean:   33.3750	test_ep_length_mean:      38.4844
test_return_mean:         12.8581	test_return_std:           1.8592	
[INFO 17:10:10] my_main t_env: 20061 / 2050000
[INFO 17:10:10] my_main Estimated time left: 17 hours, 44 minutes, 43 seconds. Time passed: 10 minutes, 42 seconds
[INFO 17:13:46] my_main Updated target network
[INFO 17:15:22] my_main Recent Stats | t_env:      30052 | Episode:      906
battle_won_mean:           0.0000	dead_allies_mean:          2.0000	dead_enemies_mean:        19.2728	ep_length_mean:           33.9583
epsilon:                   0.6194	grad_norm:                 1.0840	loss:                      0.1343	q_taken_mean:              0.3167
return_mean:               9.7552	return_std:                1.0645	target_mean:               0.3587	td_error_abs:              0.2637
test_battle_won_mean:      0.0000	test_dead_allies_mean:     2.0000	test_dead_enemies_mean:   31.1979	test_ep_length_mean:      37.1146
test_return_mean:         12.3084	test_return_std:           1.7290	
[INFO 17:15:22] my_main t_env: 30081 / 2050000
[INFO 17:15:22] my_main Estimated time left: 17 hours, 28 minutes, 12 seconds. Time passed: 15 minutes, 54 seconds
[INFO 17:17:10] my_main Updated target network
[INFO 17:20:14] my_main Updated target network
[INFO 17:20:18] my_main t_env: 40086 / 2050000
[INFO 17:20:18] my_main Estimated time left: 16 hours, 29 minutes, 11 seconds. Time passed: 20 minutes, 49 seconds
[INFO 17:20:30] my_main Recent Stats | t_env:      40086 | Episode:     1202
battle_won_mean:           0.0000	dead_allies_mean:          2.0000	dead_enemies_mean:        20.7049	ep_length_mean:           33.8829
epsilon:                   0.2391	grad_norm:                 0.8842	loss:                      0.1160	q_taken_mean:              0.4327
return_mean:              10.0439	return_std:                1.3066	target_mean:               0.4674	td_error_abs:              0.2448
test_battle_won_mean:      0.0000	test_dead_allies_mean:     2.0000	test_dead_enemies_mean:   29.9500	test_ep_length_mean:      36.1437
test_return_mean:         11.9652	test_return_std:           1.7753	
[INFO 17:22:21] my_main Updated target network
[INFO 17:23:48] my_main t_env: 50092 / 2050000
[INFO 17:23:48] my_main Estimated time left: 11 hours, 39 minutes, 55 seconds. Time passed: 24 minutes, 19 seconds
[INFO 17:24:11] my_main Recent Stats | t_env:      50092 | Episode:     1503
battle_won_mean:           0.0000	dead_allies_mean:          2.0000	dead_enemies_mean:        22.2351	ep_length_mean:           33.3314
epsilon:                   0.0500	grad_norm:                 1.2314	loss:                      0.1156	q_taken_mean:              0.5398
return_mean:              10.3414	return_std:                1.6307	target_mean:               0.5896	td_error_abs:              0.2498
test_battle_won_mean:      0.0000	test_dead_allies_mean:     2.0000	test_dead_enemies_mean:   27.5750	test_ep_length_mean:      34.3813
test_return_mean:         11.3856	test_return_std:           1.6177	
[INFO 17:25:25] my_main Updated target network
RequestQuit command received.
Closing Application...
DataHandler: unable to parse websocket frame.
CloseHandler: 127.0.0.1:49248 disconnected
[INFO 17:27:01] absl Shutdown gracefully.
[INFO 17:27:01] absl Shutdown with return code: -15
[INFO 17:27:01] absl Launching SC2: /data/workspace/wxr/pymarl-monotone-qmix/3rdparty/StarCraftII/Versions/Base75689/SC2_x64 -listen 127.0.0.1 -port 36029 -dataDir /data/workspace/wxr/pymarl-monotone-qmix/3rdparty/StarCraftII/ -tempDir /tmp/sc-vszx8lch/
[INFO 17:27:02] absl Connecting to: ws://127.0.0.1:36029/sc2api, attempt: 0, running: True
Version: B75689 (SC2.4.10)
Build: Aug 12 2019 17:16:57
Command Line: '"/data/workspace/wxr/pymarl-monotone-qmix/3rdparty/StarCraftII/Versions/Base75689/SC2_x64" -listen 127.0.0.1 -port 36029 -dataDir /data/workspace/wxr/pymarl-monotone-qmix/3rdparty/StarCraftII/ -tempDir /tmp/sc-vszx8lch/'
Starting up...
Startup Phase 1 complete
[INFO 17:27:03] absl Connecting to: ws://127.0.0.1:36029/sc2api, attempt: 1, running: True
Startup Phase 2 complete
Creating stub renderer...
Listening on: 127.0.0.1:36029
Startup Phase 3 complete. Ready for commands.
[INFO 17:27:04] absl Connecting to: ws://127.0.0.1:36029/sc2api, attempt: 2, running: True
ConnectHandler: Request from 127.0.0.1:37970 accepted
ReadyHandler: 127.0.0.1:37970 ready
Requesting to join a single player game
Configuring interface options
Configure: raw interface enabled
Configure: feature layer interface disabled
Configure: score interface disabled
Configure: render interface disabled
Launching next game.
Next launch phase started: 2
Next launch phase started: 3
Next launch phase started: 4
Next launch phase started: 5
Next launch phase started: 6
Next launch phase started: 7
Next launch phase started: 8
Game has started.
Using default stable ids, none found at: /data/workspace/wxr/pymarl-monotone-qmix/3rdparty/StarCraftII/stableid.json
Successfully loaded stable ids: GameData\stableid.json
Sending ResponseJoinGame
[INFO 17:27:51] my_main Updated target network
[INFO 17:28:01] my_main t_env: 60101 / 2050000
[INFO 17:28:01] my_main Estimated time left: 13 hours, 57 minutes, 11 seconds. Time passed: 28 minutes, 32 seconds
[INFO 17:28:18] my_main Recent Stats | t_env:      60101 | Episode:     1806
battle_won_mean:           0.0000	dead_allies_mean:          1.9987	dead_enemies_mean:        23.2550	ep_length_mean:           33.3988
epsilon:                   0.0500	grad_norm:                 1.1090	loss:                      0.0813	q_taken_mean:              0.7936
return_mean:              10.5435	return_std:                1.6559	target_mean:               0.8001	td_error_abs:              0.2238
test_battle_won_mean:      0.0000	test_dead_allies_mean:     2.0000	test_dead_enemies_mean:   26.8313	test_ep_length_mean:      33.7625
test_return_mean:         11.2168	test_return_std:           1.6866	
[INFO 17:31:16] my_main Updated target network
[INFO 17:32:53] my_main t_env: 70105 / 2050000
[INFO 17:32:53] my_main Estimated time left: 16 hours, 5 minutes, 0 seconds. Time passed: 33 minutes, 24 seconds
[INFO 17:33:05] my_main Recent Stats | t_env:      70105 | Episode:     2114
battle_won_mean:           0.0000	dead_allies_mean:          1.9987	dead_enemies_mean:        23.7637	ep_length_mean:           33.2591
epsilon:                   0.0500	grad_norm:                 1.0056	loss:                      0.0720	q_taken_mean:              1.0081
return_mean:              10.6256	return_std:                1.6518	target_mean:               1.0243	td_error_abs:              0.2067
test_battle_won_mean:      0.0000	test_dead_allies_mean:     2.0000	test_dead_enemies_mean:   26.0875	test_ep_length_mean:      33.4312
test_return_mean:         11.0673	test_return_std:           1.5949	
[INFO 17:34:08] my_main Updated target network
[INFO 17:36:09] my_main Updated target network
[INFO 17:36:19] my_main t_env: 80114 / 2050000
[INFO 17:36:19] my_main Estimated time left: 11 hours, 13 minutes, 59 seconds. Time passed: 36 minutes, 50 seconds
[INFO 17:36:32] my_main Recent Stats | t_env:      80114 | Episode:     2419
battle_won_mean:           0.0000	dead_allies_mean:          1.9987	dead_enemies_mean:        24.1775	ep_length_mean:           33.0975
epsilon:                   0.0500	grad_norm:                 0.9754	loss:                      0.0665	q_taken_mean:              1.1988
return_mean:              10.7076	return_std:                1.6241	target_mean:               1.2119	td_error_abs:              0.1985
test_battle_won_mean:      0.0000	test_dead_allies_mean:     2.0000	test_dead_enemies_mean:   25.2063	test_ep_length_mean:      33.0125
test_return_mean:         10.8695	test_return_std:           1.5463	
[INFO 17:39:49] my_main Updated target network
[INFO 17:42:02] my_main t_env: 90134 / 2050000
[INFO 17:42:02] my_main Estimated time left: 18 hours, 38 minutes, 52 seconds. Time passed: 42 minutes, 33 seconds
[INFO 17:42:21] my_main Recent Stats | t_env:      90134 | Episode:     2728
battle_won_mean:           0.0000	dead_allies_mean:          1.9987	dead_enemies_mean:        24.3141	ep_length_mean:           32.7999
epsilon:                   0.0500	grad_norm:                 1.3037	loss:                      0.0684	q_taken_mean:              1.3655
return_mean:              10.7173	return_std:                1.5983	target_mean:               1.3884	td_error_abs:              0.2012
test_battle_won_mean:      0.0000	test_dead_allies_mean:     2.0000	test_dead_enemies_mean:   25.0500	test_ep_length_mean:      32.5688
test_return_mean:         10.8836	test_return_std:           1.4348	
[INFO 17:43:48] my_main Updated target network
[INFO 17:47:09] my_main Updated target network
[INFO 17:47:42] my_main t_env: 100151 / 2050000
[INFO 17:47:42] my_main Estimated time left: 18 hours, 23 minutes, 24 seconds. Time passed: 48 minutes, 13 seconds
[INFO 17:48:09] my_main Recent Stats | t_env:     100151 | Episode:     3035
battle_won_mean:           0.0000	dead_allies_mean:          1.9987	dead_enemies_mean:        24.4086	ep_length_mean:           32.6772
epsilon:                   0.0500	grad_norm:                 1.0621	loss:                      0.0594	q_taken_mean:              1.5290
return_mean:              10.7499	return_std:                1.5919	target_mean:               1.5358	td_error_abs:              0.1867
test_battle_won_mean:      0.0000	test_dead_allies_mean:     2.0000	test_dead_enemies_mean:   24.8813	test_ep_length_mean:      32.5750
test_return_mean:         10.9216	test_return_std:           1.4283	
[INFO 17:50:27] my_main Updated target network
[INFO 17:51:48] my_main t_env: 110163 / 2050000
[INFO 17:51:48] my_main Estimated time left: 13 hours, 13 minutes, 18 seconds. Time passed: 52 minutes, 19 seconds
[INFO 17:52:00] my_main Recent Stats | t_env:     110163 | Episode:     3342
battle_won_mean:           0.0000	dead_allies_mean:          2.0000	dead_enemies_mean:        24.7498	ep_length_mean:           32.5930
epsilon:                   0.0500	grad_norm:                 1.1088	loss:                      0.0576	q_taken_mean:              1.6634
return_mean:              10.8510	return_std:                1.5648	target_mean:               1.6899	td_error_abs:              0.1820
test_battle_won_mean:      0.0000	test_dead_allies_mean:     2.0000	test_dead_enemies_mean:   25.7063	test_ep_length_mean:      32.8625
test_return_mean:         11.0921	test_return_std:           1.4038	
[INFO 17:52:49] my_main Updated target network
RequestQuit command received.
Closing Application...
DataHandler: unable to parse websocket frame.
CloseHandler: 127.0.0.1:37970 disconnected
[INFO 17:55:18] absl Shutdown gracefully.
[INFO 17:55:18] absl Shutdown with return code: -15
[INFO 17:55:22] absl Launching SC2: /data/workspace/wxr/pymarl-monotone-qmix/3rdparty/StarCraftII/Versions/Base75689/SC2_x64 -listen 127.0.0.1 -port 43555 -dataDir /data/workspace/wxr/pymarl-monotone-qmix/3rdparty/StarCraftII/ -tempDir /tmp/sc-g9y1m_fl/
[INFO 17:55:23] absl Connecting to: ws://127.0.0.1:43555/sc2api, attempt: 0, running: True
Version: B75689 (SC2.4.10)
Build: Aug 12 2019 17:16:57
Command Line: '"/data/workspace/wxr/pymarl-monotone-qmix/3rdparty/StarCraftII/Versions/Base75689/SC2_x64" -listen 127.0.0.1 -port 43555 -dataDir /data/workspace/wxr/pymarl-monotone-qmix/3rdparty/StarCraftII/ -tempDir /tmp/sc-g9y1m_fl/'
Starting up...
Startup Phase 1 complete
[INFO 17:55:24] absl Connecting to: ws://127.0.0.1:43555/sc2api, attempt: 1, running: True
Startup Phase 2 complete
Creating stub renderer...
Listening on: 127.0.0.1:43555
Startup Phase 3 complete. Ready for commands.
[INFO 17:55:25] absl Connecting to: ws://127.0.0.1:43555/sc2api, attempt: 2, running: True
ConnectHandler: Request from 127.0.0.1:32852 accepted
ReadyHandler: 127.0.0.1:32852 ready
Requesting to join a single player game
Configuring interface options
Configure: raw interface enabled
Configure: feature layer interface disabled
Configure: score interface disabled
Configure: render interface disabled
Launching next game.
Next launch phase started: 2
Next launch phase started: 3
Next launch phase started: 4
Next launch phase started: 5
Next launch phase started: 6
Next launch phase started: 7
Next launch phase started: 8
Game has started.
Using default stable ids, none found at: /data/workspace/wxr/pymarl-monotone-qmix/3rdparty/StarCraftII/stableid.json
Successfully loaded stable ids: GameData\stableid.json
Sending ResponseJoinGame
[INFO 17:55:58] my_main Updated target network
[INFO 17:56:20] my_main t_env: 120169 / 2050000
[INFO 17:56:20] my_main Estimated time left: 14 hours, 35 minutes, 39 seconds. Time passed: 56 minutes, 51 seconds
[INFO 17:56:39] my_main Recent Stats | t_env:     120169 | Episode:     3643
battle_won_mean:           0.0000	dead_allies_mean:          1.9987	dead_enemies_mean:        25.5688	ep_length_mean:           32.7454
epsilon:                   0.0500	grad_norm:                 1.0864	loss:                      0.0587	q_taken_mean:              1.7830
return_mean:              11.0614	return_std:                1.5541	target_mean:               1.8117	td_error_abs:              0.1831
test_battle_won_mean:      0.0000	test_dead_allies_mean:     2.0000	test_dead_enemies_mean:   26.4688	test_ep_length_mean:      32.9750
test_return_mean:         11.2682	test_return_std:           1.5390	
[INFO 17:58:12] my_main Updated target network
[INFO 18:00:35] my_main t_env: 130181 / 2050000
[INFO 18:00:35] my_main Estimated time left: 13 hours, 33 minutes, 22 seconds. Time passed: 1 hours, 1 minutes, 6 seconds
[INFO 18:00:57] my_main Recent Stats | t_env:     130181 | Episode:     3948
battle_won_mean:           0.0000	dead_allies_mean:          1.9987	dead_enemies_mean:        26.2396	ep_length_mean:           32.7474
epsilon:                   0.0500	grad_norm:                 1.4240	loss:                      0.0684	q_taken_mean:              1.8823
return_mean:              11.2409	return_std:                1.5274	target_mean:               1.9199	td_error_abs:              0.1903
test_battle_won_mean:      0.0000	test_dead_allies_mean:     2.0000	test_dead_enemies_mean:   27.4563	test_ep_length_mean:      33.2938
test_return_mean:         11.5492	test_return_std:           1.5238	
[INFO 18:01:46] my_main Updated target network
[INFO 18:04:11] my_main Updated target network
[INFO 18:04:37] my_main t_env: 140195 / 2050000
[INFO 18:04:37] my_main Estimated time left: 12 hours, 51 minutes, 53 seconds. Time passed: 1 hours, 5 minutes, 9 seconds
[INFO 18:04:56] my_main Recent Stats | t_env:     140195 | Episode:     4248
battle_won_mean:           0.0000	dead_allies_mean:          1.9987	dead_enemies_mean:        27.3792	ep_length_mean:           32.9380
epsilon:                   0.0500	grad_norm:                 1.9374	loss:                      0.0768	q_taken_mean:              1.9556
return_mean:              11.5459	return_std:                1.5340	target_mean:               2.0039	td_error_abs:              0.2033
test_battle_won_mean:      0.0000	test_dead_allies_mean:     2.0000	test_dead_enemies_mean:   28.0750	test_ep_length_mean:      33.7250
test_return_mean:         11.7312	test_return_std:           1.5548	
[INFO 18:06:57] my_main Updated target network
[INFO 18:09:11] my_main t_env: 150205 / 2050000
[INFO 18:09:11] my_main Estimated time left: 14 hours, 26 minutes, 24 seconds. Time passed: 1 hours, 9 minutes, 43 seconds
[INFO 18:09:32] my_main Recent Stats | t_env:     150205 | Episode:     4545
battle_won_mean:           0.0000	dead_allies_mean:          1.9987	dead_enemies_mean:        28.2851	ep_length_mean:           33.1530
epsilon:                   0.0500	grad_norm:                 2.1442	loss:                      0.0762	q_taken_mean:              2.0553
return_mean:              11.7754	return_std:                1.5260	target_mean:               2.0854	td_error_abs:              0.2043
test_battle_won_mean:      0.0000	test_dead_allies_mean:     2.0000	test_dead_enemies_mean:   28.8625	test_ep_length_mean:      33.8937
test_return_mean:         11.8874	test_return_std:           1.5667	
[INFO 18:10:34] my_main Updated target network
[INFO 18:13:38] my_main Updated target network
/data/workspace/mzn/miniconda3/envs/pymarl/lib/python3.9/site-packages/sacred/stdout_capturing.py:179: UserWarning: tee_stdout.wait timeout. Forcibly terminating.
  warnings.warn("tee_stdout.wait timeout. Forcibly terminating.")
/data/workspace/mzn/miniconda3/envs/pymarl/lib/python3.9/site-packages/sacred/stdout_capturing.py:185: UserWarning: tee_stderr.wait timeout. Forcibly terminating.
  warnings.warn("tee_stderr.wait timeout. Forcibly terminating.")
[DEBUG 18:14:11] pymarl Stopping Heartbeat
[ERROR 18:14:13] pymarl Failed after 1:14:54!
Traceback (most recent calls WITHOUT Sacred internals):
  File "/data/workspace/wxr/pymarl-monotone-qmix/src/main.py", line 36, in my_main
    run(_run, config, _log)
  File "/data/workspace/wxr/pymarl-monotone-qmix/src/run.py", line 48, in run
    run_sequential(args=args, logger=logger)
  File "/data/workspace/wxr/pymarl-monotone-qmix/src/run.py", line 179, in run_sequential
    learner.train(episode_sample, runner.t_env, episode)
  File "/data/workspace/wxr/pymarl-monotone-qmix/src/learners/q_learner.py", line 105, in train
    loss.backward()
  File "/data/workspace/mzn/miniconda3/envs/pymarl/lib/python3.9/site-packages/torch/_tensor.py", line 647, in backward
    torch.autograd.backward(
  File "/data/workspace/mzn/miniconda3/envs/pymarl/lib/python3.9/site-packages/torch/autograd/__init__.py", line 354, in backward
    _engine_run_backward(
  File "/data/workspace/mzn/miniconda3/envs/pymarl/lib/python3.9/site-packages/torch/autograd/graph.py", line 829, in _engine_run_backward
    return Variable._execution_engine.run_backward(  # Calls into the C++ engine to run the backward pass
torch.OutOfMemoryError: CUDA out of memory. Tried to allocate 1.01 GiB. GPU 0 has a total capacity of 23.52 GiB of which 605.38 MiB is free. Process 3501079 has 9.39 GiB memory in use. Process 3501078 has 7.63 GiB memory in use. Including non-PyTorch memory, this process has 5.88 GiB memory in use. Of the allocated memory 3.78 GiB is allocated by PyTorch, and 1.64 GiB is reserved by PyTorch but unallocated. If reserved but unallocated memory is large try setting PYTORCH_CUDA_ALLOC_CONF=expandable_segments:True to avoid fragmentation.  See documentation for Memory Management  (https://pytorch.org/docs/stable/notes/cuda.html#environment-variables)

[INFO 18:14:21] absl Shutdown gracefully.
[INFO 18:14:22] absl Shutdown with return code: -15
