[info] CUDA_VISIBLE_DEVICES=5
/data/workspace/mzn/miniconda3/envs/pymarl/lib/python3.9/site-packages/sacred/dependencies.py:11: UserWarning: pkg_resources is deprecated as an API. See https://setuptools.pypa.io/en/latest/pkg_resources.html. The pkg_resources package is slated for removal as early as 2025-11-30. Refrain from using this package or pin to Setuptools<81.
  import pkg_resources
[DEBUG 18:39:05] git.cmd Popen(['git', 'version'], cwd=/data/workspace/wxr/pymarl-monotone-qmix, stdin=None, shell=False, universal_newlines=False)
[DEBUG 18:39:05] git.cmd Popen(['git', 'version'], cwd=/data/workspace/wxr/pymarl-monotone-qmix, stdin=None, shell=False, universal_newlines=False)
[DEBUG 18:39:05] git.util sys.platform='linux', git_executable='git'
[DEBUG 18:39:05] git.cmd Popen(['git', 'diff', '--cached', '--abbrev=40', '--full-index', '--raw'], cwd=/data/workspace/wxr/pymarl-monotone-qmix, stdin=None, shell=False, universal_newlines=False)
[DEBUG 18:39:05] git.cmd Popen(['git', 'diff', '--abbrev=40', '--full-index', '--raw'], cwd=/data/workspace/wxr/pymarl-monotone-qmix, stdin=None, shell=False, universal_newlines=False)
[DEBUG 18:39:05] git.cmd Popen(['git', 'cat-file', '--batch-check'], cwd=/data/workspace/wxr/pymarl-monotone-qmix, stdin=<valid stream>, shell=False, universal_newlines=False)
[DEBUG 18:39:05] git.util sys.platform='linux', git_executable='git'
[DEBUG 18:39:05] git.cmd Popen(['git', 'diff', '--cached', '--abbrev=40', '--full-index', '--raw'], cwd=/data/workspace/wxr/pymarl-monotone-qmix, stdin=None, shell=False, universal_newlines=False)
[DEBUG 18:39:05] git.cmd Popen(['git', 'diff', '--abbrev=40', '--full-index', '--raw'], cwd=/data/workspace/wxr/pymarl-monotone-qmix, stdin=None, shell=False, universal_newlines=False)
[DEBUG 18:39:05] git.cmd Popen(['git', 'cat-file', '--batch-check'], cwd=/data/workspace/wxr/pymarl-monotone-qmix, stdin=<valid stream>, shell=False, universal_newlines=False)
[DEBUG 18:39:05] git.util sys.platform='linux', git_executable='git'
[DEBUG 18:39:05] git.cmd Popen(['git', 'diff', '--cached', '--abbrev=40', '--full-index', '--raw'], cwd=/data/workspace/wxr/pymarl-monotone-qmix, stdin=None, shell=False, universal_newlines=False)
[DEBUG 18:39:05] git.cmd Popen(['git', 'diff', '--abbrev=40', '--full-index', '--raw'], cwd=/data/workspace/wxr/pymarl-monotone-qmix, stdin=None, shell=False, universal_newlines=False)
[DEBUG 18:39:05] git.cmd Popen(['git', 'cat-file', '--batch-check'], cwd=/data/workspace/wxr/pymarl-monotone-qmix, stdin=<valid stream>, shell=False, universal_newlines=False)
[INFO 18:39:05] root Saving to FileStorageObserver in /data/workspace/wxr/pymarl-monotone-qmix/results/sacred/qmix.
[DEBUG 18:39:07] pymarl Using capture mode "fd"
[INFO 18:39:07] pymarl Running command 'my_main'
[INFO 18:39:07] pymarl Started run with ID "25"
[DEBUG 18:39:07] pymarl Starting Heartbeat
[DEBUG 18:39:07] my_main Started
[INFO 18:39:07] my_main Experiment Parameters:
[INFO 18:39:07] my_main 

{   'action_selector': 'epsilon_greedy',
    'agent': 'rnn',
    'agent_output_type': 'q',
    'batch_size': 32,
    'batch_size_run': 1,
    'buffer_cpu_only': True,
    'buffer_size': 5000,
    'checkpoint_path': '',
    'critic_lr': 0.0005,
    'double_q': True,
    'env': 'sc2',
    'env_args': {   'continuing_episode': False,
                    'debug': False,
                    'difficulty': '7',
                    'game_version': None,
                    'heuristic_ai': False,
                    'heuristic_rest': False,
                    'map_name': 'bane_vs_bane',
                    'move_amount': 2,
                    'obs_all_health': True,
                    'obs_instead_of_state': False,
                    'obs_last_action': False,
                    'obs_own_health': True,
                    'obs_pathing_grid': False,
                    'obs_terrain_height': False,
                    'obs_timestep_number': False,
                    'replay_dir': '',
                    'replay_prefix': '',
                    'reward_death_value': 10,
                    'reward_defeat': 0,
                    'reward_negative_scale': 0.5,
                    'reward_only_positive': True,
                    'reward_scale': True,
                    'reward_scale_rate': 20,
                    'reward_sparse': False,
                    'reward_win': 200,
                    'seed': 141,
                    'state_last_action': True,
                    'state_timestep_number': False,
                    'step_mul': 8},
    'epsilon_anneal_time': 50000,
    'epsilon_finish': 0.05,
    'epsilon_start': 1.0,
    'evaluate': False,
    'gamma': 0.99,
    'grad_norm_clip': 10,
    'hypernet_embed': 64,
    'hypernet_layers': 2,
    'label': 'default_label',
    'learner': 'q_learner',
    'learner_log_interval': 10000,
    'load_step': 0,
    'local_results_path': 'results',
    'log_interval': 10000,
    'lr': 0.0005,
    'mac': 'basic_mac',
    'mixer': 'qmix',
    'mixing_embed_dim': 32,
    'name': 'qmix_bane_vs_bane_seed141',
    'obs_agent_id': True,
    'obs_last_action': True,
    'optim_alpha': 0.99,
    'optim_eps': 1e-05,
    'repeat_id': 1,
    'rnn_hidden_dim': 64,
    'runner': 'episode',
    'runner_log_interval': 10000,
    'save_model': False,
    'save_model_interval': 2000000,
    'save_replay': False,
    'seed': 141,
    't_max': 2050000,
    'target_update_interval': 200,
    'test_greedy': True,
    'test_interval': 10000,
    'test_nepisode': 32,
    'use_cuda': True,
    'use_tensorboard': True}

