[info] CUDA_VISIBLE_DEVICES=5
/data/workspace/mzn/miniconda3/envs/pymarl/lib/python3.9/site-packages/sacred/dependencies.py:11: UserWarning: pkg_resources is deprecated as an API. See https://setuptools.pypa.io/en/latest/pkg_resources.html. The pkg_resources package is slated for removal as early as 2025-11-30. Refrain from using this package or pin to Setuptools<81.
  import pkg_resources
[DEBUG 18:43:32] git.cmd Popen(['git', 'version'], cwd=/data/workspace/wxr/pymarl-monotone-qmix, stdin=None, shell=False, universal_newlines=False)
[DEBUG 18:43:32] git.cmd Popen(['git', 'version'], cwd=/data/workspace/wxr/pymarl-monotone-qmix, stdin=None, shell=False, universal_newlines=False)
[DEBUG 18:43:32] git.util sys.platform='linux', git_executable='git'
[DEBUG 18:43:32] git.cmd Popen(['git', 'diff', '--cached', '--abbrev=40', '--full-index', '--raw'], cwd=/data/workspace/wxr/pymarl-monotone-qmix, stdin=None, shell=False, universal_newlines=False)
[DEBUG 18:43:32] git.cmd Popen(['git', 'diff', '--abbrev=40', '--full-index', '--raw'], cwd=/data/workspace/wxr/pymarl-monotone-qmix, stdin=None, shell=False, universal_newlines=False)
[DEBUG 18:43:32] git.cmd Popen(['git', 'cat-file', '--batch-check'], cwd=/data/workspace/wxr/pymarl-monotone-qmix, stdin=<valid stream>, shell=False, universal_newlines=False)
[DEBUG 18:43:32] git.util sys.platform='linux', git_executable='git'
[DEBUG 18:43:32] git.cmd Popen(['git', 'diff', '--cached', '--abbrev=40', '--full-index', '--raw'], cwd=/data/workspace/wxr/pymarl-monotone-qmix, stdin=None, shell=False, universal_newlines=False)
[DEBUG 18:43:32] git.cmd Popen(['git', 'diff', '--abbrev=40', '--full-index', '--raw'], cwd=/data/workspace/wxr/pymarl-monotone-qmix, stdin=None, shell=False, universal_newlines=False)
[DEBUG 18:43:32] git.cmd Popen(['git', 'cat-file', '--batch-check'], cwd=/data/workspace/wxr/pymarl-monotone-qmix, stdin=<valid stream>, shell=False, universal_newlines=False)
[DEBUG 18:43:32] git.util sys.platform='linux', git_executable='git'
[DEBUG 18:43:32] git.cmd Popen(['git', 'diff', '--cached', '--abbrev=40', '--full-index', '--raw'], cwd=/data/workspace/wxr/pymarl-monotone-qmix, stdin=None, shell=False, universal_newlines=False)
[DEBUG 18:43:32] git.cmd Popen(['git', 'diff', '--abbrev=40', '--full-index', '--raw'], cwd=/data/workspace/wxr/pymarl-monotone-qmix, stdin=None, shell=False, universal_newlines=False)
[DEBUG 18:43:32] git.cmd Popen(['git', 'cat-file', '--batch-check'], cwd=/data/workspace/wxr/pymarl-monotone-qmix, stdin=<valid stream>, shell=False, universal_newlines=False)
[INFO 18:43:33] root Saving to FileStorageObserver in /data/workspace/wxr/pymarl-monotone-qmix/results/sacred/qmix.
[DEBUG 18:43:34] pymarl Using capture mode "fd"
[INFO 18:43:34] pymarl Running command 'my_main'
[INFO 18:43:34] pymarl Started run with ID "37"
[DEBUG 18:43:34] pymarl Starting Heartbeat
[DEBUG 18:43:34] my_main Started
[INFO 18:43:34] my_main Experiment Parameters:
[INFO 18:43:34] my_main 

{   'action_selector': 'epsilon_greedy',
    'agent': 'rnn',
    'agent_output_type': 'q',
    'batch_size': 32,
    'batch_size_run': 1,
    'buffer_cpu_only': True,
    'buffer_size': 5000,
    'checkpoint_path': '',
    'critic_lr': 0.0005,
    'double_q': True,
    'env': 'sc2',
    'env_args': {   'continuing_episode': False,
                    'debug': False,
                    'difficulty': '7',
                    'game_version': None,
                    'heuristic_ai': False,
                    'heuristic_rest': False,
                    'map_name': '27m_vs_30m',
                    'move_amount': 2,
                    'obs_all_health': True,
                    'obs_instead_of_state': False,
                    'obs_last_action': False,
                    'obs_own_health': True,
                    'obs_pathing_grid': False,
                    'obs_terrain_height': False,
                    'obs_timestep_number': False,
                    'replay_dir': '',
                    'replay_prefix': '',
                    'reward_death_value': 10,
                    'reward_defeat': 0,
                    'reward_negative_scale': 0.5,
                    'reward_only_positive': True,
                    'reward_scale': True,
                    'reward_scale_rate': 20,
                    'reward_sparse': False,
                    'reward_win': 200,
                    'seed': 141,
                    'state_last_action': True,
                    'state_timestep_number': False,
                    'step_mul': 8},
    'epsilon_anneal_time': 50000,
    'epsilon_finish': 0.05,
    'epsilon_start': 1.0,
    'evaluate': False,
    'gamma': 0.99,
    'grad_norm_clip': 10,
    'hypernet_embed': 64,
    'hypernet_layers': 2,
    'label': 'default_label',
    'learner': 'q_learner',
    'learner_log_interval': 10000,
    'load_step': 0,
    'local_results_path': 'results',
    'log_interval': 10000,
    'lr': 0.0005,
    'mac': 'basic_mac',
    'mixer': 'qmix',
    'mixing_embed_dim': 32,
    'name': 'qmix_27m_vs_30m_seed141',
    'obs_agent_id': True,
    'obs_last_action': True,
    'optim_alpha': 0.99,
    'optim_eps': 1e-05,
    'repeat_id': 1,
    'rnn_hidden_dim': 64,
    'runner': 'episode',
    'runner_log_interval': 10000,
    'save_model': False,
    'save_model_interval': 2000000,
    'save_replay': False,
    'seed': 141,
    't_max': 2050000,
    'target_update_interval': 200,
    'test_greedy': True,
    'test_interval': 10000,
    'test_nepisode': 32,
    'use_cuda': True,
    'use_tensorboard': True}

[INFO 18:43:39] my_main Beginning training for 2050000 timesteps
[INFO 18:43:40] absl Launching SC2: /data/workspace/wxr/pymarl-monotone-qmix/3rdparty/StarCraftII/Versions/Base75689/SC2_x64 -listen 127.0.0.1 -port 33211 -dataDir /data/workspace/wxr/pymarl-monotone-qmix/3rdparty/StarCraftII/ -tempDir /tmp/sc-7lbx9id2/
[INFO 18:43:41] absl Connecting to: ws://127.0.0.1:33211/sc2api, attempt: 0, running: True
Version: B75689 (SC2.4.10)
Build: Aug 12 2019 17:16:57
Command Line: '"/data/workspace/wxr/pymarl-monotone-qmix/3rdparty/StarCraftII/Versions/Base75689/SC2_x64" -listen 127.0.0.1 -port 33211 -dataDir /data/workspace/wxr/pymarl-monotone-qmix/3rdparty/StarCraftII/ -tempDir /tmp/sc-7lbx9id2/'
Starting up...
Startup Phase 1 complete
[INFO 18:43:42] absl Connecting to: ws://127.0.0.1:33211/sc2api, attempt: 1, running: True
Startup Phase 2 complete
Creating stub renderer...
Listening on: 127.0.0.1:33211
Startup Phase 3 complete. Ready for commands.
[INFO 18:43:43] absl Connecting to: ws://127.0.0.1:33211/sc2api, attempt: 2, running: True
ConnectHandler: Request from 127.0.0.1:47414 accepted
ReadyHandler: 127.0.0.1:47414 ready
Requesting to join a single player game
Configuring interface options
Configure: raw interface enabled
Configure: feature layer interface disabled
Configure: score interface disabled
Configure: render interface disabled
Launching next game.
Next launch phase started: 2
Next launch phase started: 3
Next launch phase started: 4
Next launch phase started: 5
Next launch phase started: 6
Next launch phase started: 7
Next launch phase started: 8
[DEBUG 18:43:47] pymarl Stopping Heartbeat
[WARNING 18:43:47] pymarl Aborted after 0:00:13!
Traceback (most recent call last):
  File "/data/workspace/wxr/pymarl-monotone-qmix/src/main.py", line 100, in <module>
    ex.run_commandline(params)
  File "/data/workspace/mzn/miniconda3/envs/pymarl/lib/python3.9/site-packages/sacred/experiment.py", line 313, in run_commandline
    return self.run(
  File "/data/workspace/mzn/miniconda3/envs/pymarl/lib/python3.9/site-packages/sacred/experiment.py", line 277, in run
    run()
  File "/data/workspace/mzn/miniconda3/envs/pymarl/lib/python3.9/site-packages/sacred/run.py", line 238, in __call__
    self.result = self.main_function(*args)
  File "/data/workspace/mzn/miniconda3/envs/pymarl/lib/python3.9/site-packages/sacred/config/captured_function.py", line 42, in captured_function
    result = wrapped(*args, **kwargs)
  File "/data/workspace/wxr/pymarl-monotone-qmix/src/main.py", line 36, in my_main
    run(_run, config, _log)
  File "/data/workspace/wxr/pymarl-monotone-qmix/src/run.py", line 48, in run
    run_sequential(args=args, logger=logger)
  File "/data/workspace/wxr/pymarl-monotone-qmix/src/run.py", line 166, in run_sequential
    episode_batch = runner.run(test_mode=False)
  File "/data/workspace/wxr/pymarl-monotone-qmix/src/runners/episode_runner.py", line 49, in run
    self.reset()
  File "/data/workspace/wxr/pymarl-monotone-qmix/src/runners/episode_runner.py", line 45, in reset
    self.env.reset()
  File "/data/workspace/mzn/miniconda3/envs/pymarl/lib/python3.9/site-packages/smac/env/starcraft2/starcraft2.py", line 403, in reset
    self._launch()
  File "/data/workspace/mzn/miniconda3/envs/pymarl/lib/python3.9/site-packages/smac/env/starcraft2/starcraft2.py", line 348, in _launch
    self._controller.join_game(join)
  File "/data/workspace/mzn/miniconda3/envs/pymarl/lib/python3.9/site-packages/pysc2/lib/remote_controller.py", line 95, in _valid_status
    return func(self, *args, **kwargs)
  File "/data/workspace/mzn/miniconda3/envs/pymarl/lib/python3.9/site-packages/pysc2/lib/remote_controller.py", line 70, in _check_error
    return check_error(func(*args, **kwargs), error_enum)
  File "/data/workspace/mzn/miniconda3/envs/pymarl/lib/python3.9/site-packages/pysc2/lib/stopwatch.py", line 205, in _stopwatch
    return func(*args, **kwargs)
  File "/data/workspace/mzn/miniconda3/envs/pymarl/lib/python3.9/site-packages/pysc2/lib/remote_controller.py", line 205, in join_game
    return self._client.send(join_game=req_join_game)
  File "/data/workspace/mzn/miniconda3/envs/pymarl/lib/python3.9/site-packages/pysc2/lib/protocol.py", line 147, in send
    res = self.send_req(req)
  File "/data/workspace/mzn/miniconda3/envs/pymarl/lib/python3.9/site-packages/pysc2/lib/protocol.py", line 127, in send_req
    return self.read()
  File "/data/workspace/mzn/miniconda3/envs/pymarl/lib/python3.9/site-packages/pysc2/lib/stopwatch.py", line 205, in _stopwatch
    return func(*args, **kwargs)
  File "/data/workspace/mzn/miniconda3/envs/pymarl/lib/python3.9/site-packages/pysc2/lib/protocol.py", line 98, in read
    response = self._read()
  File "/data/workspace/mzn/miniconda3/envs/pymarl/lib/python3.9/site-packages/pysc2/lib/protocol.py", line 179, in _read
    response_str = self._sock.recv()
  File "/data/workspace/mzn/miniconda3/envs/pymarl/lib/python3.9/site-packages/websocket/_core.py", line 395, in recv
    opcode, data = self.recv_data()
  File "/data/workspace/mzn/miniconda3/envs/pymarl/lib/python3.9/site-packages/websocket/_core.py", line 423, in recv_data
    opcode, frame = self.recv_data_frame(control_frame)
  File "/data/workspace/mzn/miniconda3/envs/pymarl/lib/python3.9/site-packages/websocket/_core.py", line 444, in recv_data_frame
    frame = self.recv_frame()
  File "/data/workspace/mzn/miniconda3/envs/pymarl/lib/python3.9/site-packages/websocket/_core.py", line 485, in recv_frame
    return self.frame_buffer.recv_frame()
  File "/data/workspace/mzn/miniconda3/envs/pymarl/lib/python3.9/site-packages/websocket/_abnf.py", line 375, in recv_frame
    self.recv_header()
  File "/data/workspace/mzn/miniconda3/envs/pymarl/lib/python3.9/site-packages/websocket/_abnf.py", line 329, in recv_header
    header = self.recv_strict(2)
  File "/data/workspace/mzn/miniconda3/envs/pymarl/lib/python3.9/site-packages/websocket/_abnf.py", line 418, in recv_strict
    bytes_ = self.recv(min(16384, shortage))
  File "/data/workspace/mzn/miniconda3/envs/pymarl/lib/python3.9/site-packages/websocket/_core.py", line 581, in _recv
    return recv(self.sock, bufsize)
  File "/data/workspace/mzn/miniconda3/envs/pymarl/lib/python3.9/site-packages/websocket/_socket.py", line 127, in recv
    bytes_ = _recv()
  File "/data/workspace/mzn/miniconda3/envs/pymarl/lib/python3.9/site-packages/websocket/_socket.py", line 99, in _recv
    return sock.recv(bufsize)
KeyboardInterrupt
[INFO 18:43:48] absl Shutdown gracefully.
[INFO 18:43:48] absl Shutdown with return code: -2
